-------------------------------------------------------------------------------
Test set: org.seasar.directory.digest.DigestFactoryTest
-------------------------------------------------------------------------------
Tests run: 8, Failures: 0, Errors: 3, Skipped: 0, Time elapsed: 0.461 sec <<< FAILURE!
testPlainDigest(org.seasar.directory.digest.DigestFactoryTest)  Time elapsed: 0.07 sec  <<< ERROR!
java.lang.StackOverflowError
	at org.seasar.directory.digest.PlainDigest.create(PlainDigest.java:39)
	at org.seasar.directory.digest.PlainDigest.create(PlainDigest.java:39)
	at org.seasar.directory.digest.PlainDigest.create(PlainDigest.java:39)
	at org.seasar.directory.digest.PlainDigest.create(PlainDigest.java:39)
	at org.seasar.directory.digest.PlainDigest.create(PlainDigest.java:39)
	at org.seasar.directory.digest.PlainDigest.create(PlainDigest.java:39)
	at org.seasar.directory.digest.PlainDigest.create(PlainDigest.java:39)
	at org.seasar.directory.digest.PlainDigest.create(PlainDigest.java:39)
	at org.seasar.directory.digest.PlainDigest.create(PlainDigest.java:39)
	at org.seasar.directory.digest.PlainDigest.create(PlainDigest.java:39)
	at org.seasar.directory.digest.PlainDigest.create(PlainDigest.java:39)
	at org.seasar.directory.digest.PlainDigest.create(PlainDigest.java:39)
	at org.seasar.directory.digest.PlainDigest.create(PlainDigest.java:39)
	at org.seasar.directory.digest.PlainDigest.create(PlainDigest.java:39)
	at org.seasar.directory.digest.PlainDigest.create(PlainDigest.java:39)
	at org.seasar.directory.digest.PlainDigest.create(PlainDigest.java:39)
	at org.seasar.directory.digest.PlainDigest.create(PlainDigest.java:39)
	at org.seasar.directory.digest.PlainDigest.create(PlainDigest.java:39)
	at org.seasar.directory.digest.PlainDigest.create(PlainDigest.java:39)
	at org.seasar.directory.digest.PlainDigest.create(PlainDigest.java:39)
	at org.seasar.directory.digest.PlainDigest.create(PlainDigest.java:39)
	at org.seasar.directory.digest.PlainDigest.create(PlainDigest.java:39)
	at org.seasar.directory.digest.PlainDigest.create(PlainDigest.java:39)
	at org.seasar.directory.digest.PlainDigest.create(PlainDigest.java:39)
	at org.seasar.directory.digest.PlainDigest.create(PlainDigest.java:39)
	at org.seasar.directory.digest.PlainDigest.create(PlainDigest.java:39)
	at org.seasar.directory.digest.PlainDigest.create(PlainDigest.java:39)
	at org.seasar.directory.digest.PlainDigest.create(PlainDigest.java:39)
	at org.seasar.directory.digest.PlainDigest.create(PlainDigest.java:39)
	at org.seasar.directory.digest.PlainDigest.create(PlainDigest.java:39)
	at org.seasar.directory.digest.PlainDigest.create(PlainDigest.java:39)
	at org.seasar.directory.digest.PlainDigest.create(PlainDigest.java:39)
	at org.seasar.directory.digest.PlainDigest.create(PlainDigest.java:39)
	at org.seasar.directory.digest.PlainDigest.create(PlainDigest.java:39)
	at org.seasar.directory.digest.PlainDigest.create(PlainDigest.java:39)
	at org.seasar.directory.digest.PlainDigest.create(PlainDigest.java:39)
	at org.seasar.directory.digest.PlainDigest.create(PlainDigest.java:39)
	at org.seasar.directory.digest.PlainDigest.create(PlainDigest.java:39)
	at org.seasar.directory.digest.PlainDigest.create(PlainDigest.java:39)
	at org.seasar.directory.digest.PlainDigest.create(PlainDigest.java:39)
	at org.seasar.directory.digest.PlainDigest.create(PlainDigest.java:39)
	at org.seasar.directory.digest.PlainDigest.create(PlainDigest.java:39)
	at org.seasar.directory.digest.PlainDigest.create(PlainDigest.java:39)
	at org.seasar.directory.digest.PlainDigest.create(PlainDigest.java:39)
	at org.seasar.directory.digest.PlainDigest.create(PlainDigest.java:39)
	at org.seasar.directory.digest.PlainDigest.create(PlainDigest.java:39)
	at org.seasar.directory.digest.PlainDigest.create(PlainDigest.java:39)
	at org.seasar.directory.digest.PlainDigest.create(PlainDigest.java:39)
	at org.seasar.directory.digest.PlainDigest.create(PlainDigest.java:39)
	at org.seasar.directory.digest.PlainDigest.create(PlainDigest.java:39)
	at org.seasar.directory.digest.PlainDigest.create(PlainDigest.java:39)
	at org.seasar.directory.digest.PlainDigest.create(PlainDigest.java:39)
	at org.seasar.directory.digest.PlainDigest.create(PlainDigest.java:39)
	at org.seasar.directory.digest.PlainDigest.create(PlainDigest.java:39)
	at org.seasar.directory.digest.PlainDigest.create(PlainDigest.java:39)
	at org.seasar.directory.digest.PlainDigest.create(PlainDigest.java:39)
	at org.seasar.directory.digest.PlainDigest.create(PlainDigest.java:39)
	at org.seasar.directory.digest.PlainDigest.create(PlainDigest.java:39)
	at org.seasar.directory.digest.PlainDigest.create(PlainDigest.java:39)
	at org.seasar.directory.digest.PlainDigest.create(PlainDigest.java:39)
	at org.seasar.directory.digest.PlainDigest.create(PlainDigest.java:39)
	at org.seasar.directory.digest.PlainDigest.create(PlainDigest.java:39)
	at org.seasar.directory.digest.PlainDigest.create(PlainDigest.java:39)
	at org.seasar.directory.digest.PlainDigest.create(PlainDigest.java:39)
	at org.seasar.directory.digest.PlainDigest.create(PlainDigest.java:39)
	at org.seasar.directory.digest.PlainDigest.create(PlainDigest.java:39)
	at org.seasar.directory.digest.PlainDigest.create(PlainDigest.java:39)
	at org.seasar.directory.digest.PlainDigest.create(PlainDigest.java:39)
	at org.seasar.directory.digest.PlainDigest.create(PlainDigest.java:39)
	at org.seasar.directory.digest.PlainDigest.create(PlainDigest.java:39)
	at org.seasar.directory.digest.PlainDigest.create(PlainDigest.java:39)
	at org.seasar.directory.digest.PlainDigest.create(PlainDigest.java:39)
	at org.seasar.directory.digest.PlainDigest.create(PlainDigest.java:39)
	at org.seasar.directory.digest.PlainDigest.create(PlainDigest.java:39)
	at org.seasar.directory.digest.PlainDigest.create(PlainDigest.java:39)
	at org.seasar.directory.digest.PlainDigest.create(PlainDigest.java:39)
	at org.seasar.directory.digest.PlainDigest.create(PlainDigest.java:39)
	at org.seasar.directory.digest.PlainDigest.create(PlainDigest.java:39)
	at org.seasar.directory.digest.PlainDigest.create(PlainDigest.java:39)
	at org.seasar.directory.digest.PlainDigest.create(PlainDigest.java:39)
	at org.seasar.directory.digest.PlainDigest.create(PlainDigest.java:39)
	at org.seasar.directory.digest.PlainDigest.create(PlainDigest.java:39)
	at org.seasar.directory.digest.PlainDigest.create(PlainDigest.java:39)
	at org.seasar.directory.digest.PlainDigest.create(PlainDigest.java:39)
	at org.seasar.directory.digest.PlainDigest.create(PlainDigest.java:39)
	at org.seasar.directory.digest.PlainDigest.create(PlainDigest.java:39)
	at org.seasar.directory.digest.PlainDigest.create(PlainDigest.java:39)
	at org.seasar.directory.digest.PlainDigest.create(PlainDigest.java:39)
	at org.seasar.directory.digest.PlainDigest.create(PlainDigest.java:39)
	at org.seasar.directory.digest.PlainDigest.create(PlainDigest.java:39)
	at org.seasar.directory.digest.PlainDigest.create(PlainDigest.java:39)
	at org.seasar.directory.digest.PlainDigest.create(PlainDigest.java:39)
	at org.seasar.directory.digest.PlainDigest.create(PlainDigest.java:39)
	at org.seasar.directory.digest.PlainDigest.create(PlainDigest.java:39)
	at org.seasar.directory.digest.PlainDigest.create(PlainDigest.java:39)
	at org.seasar.directory.digest.PlainDigest.create(PlainDigest.java:39)
	at org.seasar.directory.digest.PlainDigest.create(PlainDigest.java:39)
	at org.seasar.directory.digest.PlainDigest.create(PlainDigest.java:39)
	at org.seasar.directory.digest.PlainDigest.create(PlainDigest.java:39)
	at org.seasar.directory.digest.PlainDigest.create(PlainDigest.java:39)
	at org.seasar.directory.digest.PlainDigest.create(PlainDigest.java:39)
	at org.seasar.directory.digest.PlainDigest.create(PlainDigest.java:39)
	at org.seasar.directory.digest.PlainDigest.create(PlainDigest.java:39)
	at org.seasar.directory.digest.PlainDigest.create(PlainDigest.java:39)
	at org.seasar.directory.digest.PlainDigest.create(PlainDigest.java:39)
	at org.seasar.directory.digest.PlainDigest.create(PlainDigest.java:39)
	at org.seasar.directory.digest.PlainDigest.create(PlainDigest.java:39)
	at org.seasar.directory.digest.PlainDigest.create(PlainDigest.java:39)
	at org.seasar.directory.digest.PlainDigest.create(PlainDigest.java:39)
	at org.seasar.directory.digest.PlainDigest.create(PlainDigest.java:39)
	at org.seasar.directory.digest.PlainDigest.create(PlainDigest.java:39)
	at org.seasar.directory.digest.PlainDigest.create(PlainDigest.java:39)
	at org.seasar.directory.digest.PlainDigest.create(PlainDigest.java:39)
	at org.seasar.directory.digest.PlainDigest.create(PlainDigest.java:39)
	at org.seasar.directory.digest.PlainDigest.create(PlainDigest.java:39)
	at org.seasar.directory.digest.PlainDigest.create(PlainDigest.java:39)
	at org.seasar.directory.digest.PlainDigest.create(PlainDigest.java:39)
	at org.seasar.directory.digest.PlainDigest.create(PlainDigest.java:39)
	at org.seasar.directory.digest.PlainDigest.create(PlainDigest.java:39)
	at org.seasar.directory.digest.PlainDigest.create(PlainDigest.java:39)
	at org.seasar.directory.digest.PlainDigest.create(PlainDigest.java:39)
	at org.seasar.directory.digest.PlainDigest.create(PlainDigest.java:39)
	at org.seasar.directory.digest.PlainDigest.create(PlainDigest.java:39)
	at org.seasar.directory.digest.PlainDigest.create(PlainDigest.java:39)
	at org.seasar.directory.digest.PlainDigest.create(PlainDigest.java:39)
	at org.seasar.directory.digest.PlainDigest.create(PlainDigest.java:39)
	at org.seasar.directory.digest.PlainDigest.create(PlainDigest.java:39)
	at org.seasar.directory.digest.PlainDigest.create(PlainDigest.java:39)
	at org.seasar.directory.digest.PlainDigest.create(PlainDigest.java:39)
	at org.seasar.directory.digest.PlainDigest.create(PlainDigest.java:39)
	at org.seasar.directory.digest.PlainDigest.create(PlainDigest.java:39)
	at org.seasar.directory.digest.PlainDigest.create(PlainDigest.java:39)
	at org.seasar.directory.digest.PlainDigest.create(PlainDigest.java:39)
	at org.seasar.directory.digest.PlainDigest.create(PlainDigest.java:39)
	at org.seasar.directory.digest.PlainDigest.create(PlainDigest.java:39)
	at org.seasar.directory.digest.PlainDigest.create(PlainDigest.java:39)
	at org.seasar.directory.digest.PlainDigest.create(PlainDigest.java:39)
	at org.seasar.directory.digest.PlainDigest.create(PlainDigest.java:39)
	at org.seasar.directory.digest.PlainDigest.create(PlainDigest.java:39)
	at org.seasar.directory.digest.PlainDigest.create(PlainDigest.java:39)
	at org.seasar.directory.digest.PlainDigest.create(PlainDigest.java:39)
	at org.seasar.directory.digest.PlainDigest.create(PlainDigest.java:39)
	at org.seasar.directory.digest.PlainDigest.create(PlainDigest.java:39)
	at org.seasar.directory.digest.PlainDigest.create(PlainDigest.java:39)
	at org.seasar.directory.digest.PlainDigest.create(PlainDigest.java:39)
	at org.seasar.directory.digest.PlainDigest.create(PlainDigest.java:39)
	at org.seasar.directory.digest.PlainDigest.create(PlainDigest.java:39)
	at org.seasar.directory.digest.PlainDigest.create(PlainDigest.java:39)
	at org.seasar.directory.digest.PlainDigest.create(PlainDigest.java:39)
	at org.seasar.directory.digest.PlainDigest.create(PlainDigest.java:39)
	at org.seasar.directory.digest.PlainDigest.create(PlainDigest.java:39)
	at org.seasar.directory.digest.PlainDigest.create(PlainDigest.java:39)
	at org.seasar.directory.digest.PlainDigest.create(PlainDigest.java:39)
	at org.seasar.directory.digest.PlainDigest.create(PlainDigest.java:39)
	at org.seasar.directory.digest.PlainDigest.create(PlainDigest.java:39)
	at org.seasar.directory.digest.PlainDigest.create(PlainDigest.java:39)
	at org.seasar.directory.digest.PlainDigest.create(PlainDigest.java:39)
	at org.seasar.directory.digest.PlainDigest.create(PlainDigest.java:39)
	at org.seasar.directory.digest.PlainDigest.create(PlainDigest.java:39)
	at org.seasar.directory.digest.PlainDigest.create(PlainDigest.java:39)
	at org.seasar.directory.digest.PlainDigest.create(PlainDigest.java:39)
	at org.seasar.directory.digest.PlainDigest.create(PlainDigest.java:39)
	at org.seasar.directory.digest.PlainDigest.create(PlainDigest.java:39)
	at org.seasar.directory.digest.PlainDigest.create(PlainDigest.java:39)
	at org.seasar.directory.digest.PlainDigest.create(PlainDigest.java:39)
	at org.seasar.directory.digest.PlainDigest.create(PlainDigest.java:39)
	at org.seasar.directory.digest.PlainDigest.create(PlainDigest.java:39)
	at org.seasar.directory.digest.PlainDigest.create(PlainDigest.java:39)
	at org.seasar.directory.digest.PlainDigest.create(PlainDigest.java:39)
	at org.seasar.directory.digest.PlainDigest.create(PlainDigest.java:39)
	at org.seasar.directory.digest.PlainDigest.create(PlainDigest.java:39)
	at org.seasar.directory.digest.PlainDigest.create(PlainDigest.java:39)
	at org.seasar.directory.digest.PlainDigest.create(PlainDigest.java:39)
	at org.seasar.directory.digest.PlainDigest.create(PlainDigest.java:39)
	at org.seasar.directory.digest.PlainDigest.create(PlainDigest.java:39)
	at org.seasar.directory.digest.PlainDigest.create(PlainDigest.java:39)
	at org.seasar.directory.digest.PlainDigest.create(PlainDigest.java:39)
	at org.seasar.directory.digest.PlainDigest.create(PlainDigest.java:39)
	at org.seasar.directory.digest.PlainDigest.create(PlainDigest.java:39)
	at org.seasar.directory.digest.PlainDigest.create(PlainDigest.java:39)
	at org.seasar.directory.digest.PlainDigest.create(PlainDigest.java:39)
	at org.seasar.directory.digest.PlainDigest.create(PlainDigest.java:39)
	at org.seasar.directory.digest.PlainDigest.create(PlainDigest.java:39)
	at org.seasar.directory.digest.PlainDigest.create(PlainDigest.java:39)
	at org.seasar.directory.digest.PlainDigest.create(PlainDigest.java:39)
	at org.seasar.directory.digest.PlainDigest.create(PlainDigest.java:39)
	at org.seasar.directory.digest.PlainDigest.create(PlainDigest.java:39)
	at org.seasar.directory.digest.PlainDigest.create(PlainDigest.java:39)
	at org.seasar.directory.digest.PlainDigest.create(PlainDigest.java:39)
	at org.seasar.directory.digest.PlainDigest.create(PlainDigest.java:39)
	at org.seasar.directory.digest.PlainDigest.create(PlainDigest.java:39)
	at org.seasar.directory.digest.PlainDigest.create(PlainDigest.java:39)
	at org.seasar.directory.digest.PlainDigest.create(PlainDigest.java:39)
	at org.seasar.directory.digest.PlainDigest.create(PlainDigest.java:39)
	at org.seasar.directory.digest.PlainDigest.create(PlainDigest.java:39)
	at org.seasar.directory.digest.PlainDigest.create(PlainDigest.java:39)
	at org.seasar.directory.digest.PlainDigest.create(PlainDigest.java:39)
	at org.seasar.directory.digest.PlainDigest.create(PlainDigest.java:39)
	at org.seasar.directory.digest.PlainDigest.create(PlainDigest.java:39)
	at org.seasar.directory.digest.PlainDigest.create(PlainDigest.java:39)
	at org.seasar.directory.digest.PlainDigest.create(PlainDigest.java:39)
	at org.seasar.directory.digest.PlainDigest.create(PlainDigest.java:39)
	at org.seasar.directory.digest.PlainDigest.create(PlainDigest.java:39)
	at org.seasar.directory.digest.PlainDigest.create(PlainDigest.java:39)
	at org.seasar.directory.digest.PlainDigest.create(PlainDigest.java:39)
	at org.seasar.directory.digest.PlainDigest.create(PlainDigest.java:39)
	at org.seasar.directory.digest.PlainDigest.create(PlainDigest.java:39)
	at org.seasar.directory.digest.PlainDigest.create(PlainDigest.java:39)
	at org.seasar.directory.digest.PlainDigest.create(PlainDigest.java:39)
	at org.seasar.directory.digest.PlainDigest.create(PlainDigest.java:39)
	at org.seasar.directory.digest.PlainDigest.create(PlainDigest.java:39)
	at org.seasar.directory.digest.PlainDigest.create(PlainDigest.java:39)
	at org.seasar.directory.digest.PlainDigest.create(PlainDigest.java:39)
	at org.seasar.directory.digest.PlainDigest.create(PlainDigest.java:39)
	at org.seasar.directory.digest.PlainDigest.create(PlainDigest.java:39)
	at org.seasar.directory.digest.PlainDigest.create(PlainDigest.java:39)
	at org.seasar.directory.digest.PlainDigest.create(PlainDigest.java:39)
	at org.seasar.directory.digest.PlainDigest.create(PlainDigest.java:39)
	at org.seasar.directory.digest.PlainDigest.create(PlainDigest.java:39)
	at org.seasar.directory.digest.PlainDigest.create(PlainDigest.java:39)
	at org.seasar.directory.digest.PlainDigest.create(PlainDigest.java:39)
	at org.seasar.directory.digest.PlainDigest.create(PlainDigest.java:39)
	at org.seasar.directory.digest.PlainDigest.create(PlainDigest.java:39)
	at org.seasar.directory.digest.PlainDigest.create(PlainDigest.java:39)
	at org.seasar.directory.digest.PlainDigest.create(PlainDigest.java:39)
	at org.seasar.directory.digest.PlainDigest.create(PlainDigest.java:39)
	at org.seasar.directory.digest.PlainDigest.create(PlainDigest.java:39)
	at org.seasar.directory.digest.PlainDigest.create(PlainDigest.java:39)
	at org.seasar.directory.digest.PlainDigest.create(PlainDigest.java:39)
	at org.seasar.directory.digest.PlainDigest.create(PlainDigest.java:39)
	at org.seasar.directory.digest.PlainDigest.create(PlainDigest.java:39)
	at org.seasar.directory.digest.PlainDigest.create(PlainDigest.java:39)
	at org.seasar.directory.digest.PlainDigest.create(PlainDigest.java:39)
	at org.seasar.directory.digest.PlainDigest.create(PlainDigest.java:39)
	at org.seasar.directory.digest.PlainDigest.create(PlainDigest.java:39)
	at org.seasar.directory.digest.PlainDigest.create(PlainDigest.java:39)
	at org.seasar.directory.digest.PlainDigest.create(PlainDigest.java:39)
	at org.seasar.directory.digest.PlainDigest.create(PlainDigest.java:39)
	at org.seasar.directory.digest.PlainDigest.create(PlainDigest.java:39)
	at org.seasar.directory.digest.PlainDigest.create(PlainDigest.java:39)
	at org.seasar.directory.digest.PlainDigest.create(PlainDigest.java:39)
	at org.seasar.directory.digest.PlainDigest.create(PlainDigest.java:39)
	at org.seasar.directory.digest.PlainDigest.create(PlainDigest.java:39)
	at org.seasar.directory.digest.PlainDigest.create(PlainDigest.java:39)
	at org.seasar.directory.digest.PlainDigest.create(PlainDigest.java:39)
	at org.seasar.directory.digest.PlainDigest.create(PlainDigest.java:39)
	at org.seasar.directory.digest.PlainDigest.create(PlainDigest.java:39)
	at org.seasar.directory.digest.PlainDigest.create(PlainDigest.java:39)
	at org.seasar.directory.digest.PlainDigest.create(PlainDigest.java:39)
	at org.seasar.directory.digest.PlainDigest.create(PlainDigest.java:39)
	at org.seasar.directory.digest.PlainDigest.create(PlainDigest.java:39)
	at org.seasar.directory.digest.PlainDigest.create(PlainDigest.java:39)
	at org.seasar.directory.digest.PlainDigest.create(PlainDigest.java:39)
	at org.seasar.directory.digest.PlainDigest.create(PlainDigest.java:39)
	at org.seasar.directory.digest.PlainDigest.create(PlainDigest.java:39)
	at org.seasar.directory.digest.PlainDigest.create(PlainDigest.java:39)
	at org.seasar.directory.digest.PlainDigest.create(PlainDigest.java:39)
	at org.seasar.directory.digest.PlainDigest.create(PlainDigest.java:39)
	at org.seasar.directory.digest.PlainDigest.create(PlainDigest.java:39)
	at org.seasar.directory.digest.PlainDigest.create(PlainDigest.java:39)
	at org.seasar.directory.digest.PlainDigest.create(PlainDigest.java:39)
	at org.seasar.directory.digest.PlainDigest.create(PlainDigest.java:39)
	at org.seasar.directory.digest.PlainDigest.create(PlainDigest.java:39)
	at org.seasar.directory.digest.PlainDigest.create(PlainDigest.java:39)
	at org.seasar.directory.digest.PlainDigest.create(PlainDigest.java:39)
	at org.seasar.directory.digest.PlainDigest.create(PlainDigest.java:39)
	at org.seasar.directory.digest.PlainDigest.create(PlainDigest.java:39)
	at org.seasar.directory.digest.PlainDigest.create(PlainDigest.java:39)
	at org.seasar.directory.digest.PlainDigest.create(PlainDigest.java:39)
	at org.seasar.directory.digest.PlainDigest.create(PlainDigest.java:39)
	at org.seasar.directory.digest.PlainDigest.create(PlainDigest.java:39)
	at org.seasar.directory.digest.PlainDigest.create(PlainDigest.java:39)
	at org.seasar.directory.digest.PlainDigest.create(PlainDigest.java:39)
	at org.seasar.directory.digest.PlainDigest.create(PlainDigest.java:39)
	at org.seasar.directory.digest.PlainDigest.create(PlainDigest.java:39)
	at org.seasar.directory.digest.PlainDigest.create(PlainDigest.java:39)
	at org.seasar.directory.digest.PlainDigest.create(PlainDigest.java:39)
	at org.seasar.directory.digest.PlainDigest.create(PlainDigest.java:39)
	at org.seasar.directory.digest.PlainDigest.create(PlainDigest.java:39)
	at org.seasar.directory.digest.PlainDigest.create(PlainDigest.java:39)
	at org.seasar.directory.digest.PlainDigest.create(PlainDigest.java:39)
	at org.seasar.directory.digest.PlainDigest.create(PlainDigest.java:39)
	at org.seasar.directory.digest.PlainDigest.create(PlainDigest.java:39)
	at org.seasar.directory.digest.PlainDigest.create(PlainDigest.java:39)
	at org.seasar.directory.digest.PlainDigest.create(PlainDigest.java:39)
	at org.seasar.directory.digest.PlainDigest.create(PlainDigest.java:39)
	at org.seasar.directory.digest.PlainDigest.create(PlainDigest.java:39)
	at org.seasar.directory.digest.PlainDigest.create(PlainDigest.java:39)
	at org.seasar.directory.digest.PlainDigest.create(PlainDigest.java:39)
	at org.seasar.directory.digest.PlainDigest.create(PlainDigest.java:39)
	at org.seasar.directory.digest.PlainDigest.create(PlainDigest.java:39)
	at org.seasar.directory.digest.PlainDigest.create(PlainDigest.java:39)
	at org.seasar.directory.digest.PlainDigest.create(PlainDigest.java:39)
	at org.seasar.directory.digest.PlainDigest.create(PlainDigest.java:39)
	at org.seasar.directory.digest.PlainDigest.create(PlainDigest.java:39)
	at org.seasar.directory.digest.PlainDigest.create(PlainDigest.java:39)
	at org.seasar.directory.digest.PlainDigest.create(PlainDigest.java:39)
	at org.seasar.directory.digest.PlainDigest.create(PlainDigest.java:39)
	at org.seasar.directory.digest.PlainDigest.create(PlainDigest.java:39)
	at org.seasar.directory.digest.PlainDigest.create(PlainDigest.java:39)
	at org.seasar.directory.digest.PlainDigest.create(PlainDigest.java:39)
	at org.seasar.directory.digest.PlainDigest.create(PlainDigest.java:39)
	at org.seasar.directory.digest.PlainDigest.create(PlainDigest.java:39)
	at org.seasar.directory.digest.PlainDigest.create(PlainDigest.java:39)
	at org.seasar.directory.digest.PlainDigest.create(PlainDigest.java:39)
	at org.seasar.directory.digest.PlainDigest.create(PlainDigest.java:39)
	at org.seasar.directory.digest.PlainDigest.create(PlainDigest.java:39)
	at org.seasar.directory.digest.PlainDigest.create(PlainDigest.java:39)
	at org.seasar.directory.digest.PlainDigest.create(PlainDigest.java:39)
	at org.seasar.directory.digest.PlainDigest.create(PlainDigest.java:39)
	at org.seasar.directory.digest.PlainDigest.create(PlainDigest.java:39)
	at org.seasar.directory.digest.PlainDigest.create(PlainDigest.java:39)
	at org.seasar.directory.digest.PlainDigest.create(PlainDigest.java:39)
	at org.seasar.directory.digest.PlainDigest.create(PlainDigest.java:39)
	at org.seasar.directory.digest.PlainDigest.create(PlainDigest.java:39)
	at org.seasar.directory.digest.PlainDigest.create(PlainDigest.java:39)
	at org.seasar.directory.digest.PlainDigest.create(PlainDigest.java:39)
	at org.seasar.directory.digest.PlainDigest.create(PlainDigest.java:39)
	at org.seasar.directory.digest.PlainDigest.create(PlainDigest.java:39)
	at org.seasar.directory.digest.PlainDigest.create(PlainDigest.java:39)
	at org.seasar.directory.digest.PlainDigest.create(PlainDigest.java:39)
	at org.seasar.directory.digest.PlainDigest.create(PlainDigest.java:39)
	at org.seasar.directory.digest.PlainDigest.create(PlainDigest.java:39)
	at org.seasar.directory.digest.PlainDigest.create(PlainDigest.java:39)
	at org.seasar.directory.digest.PlainDigest.create(PlainDigest.java:39)
	at org.seasar.directory.digest.PlainDigest.create(PlainDigest.java:39)
	at org.seasar.directory.digest.PlainDigest.create(PlainDigest.java:39)
	at org.seasar.directory.digest.PlainDigest.create(PlainDigest.java:39)
	at org.seasar.directory.digest.PlainDigest.create(PlainDigest.java:39)
	at org.seasar.directory.digest.PlainDigest.create(PlainDigest.java:39)
	at org.seasar.directory.digest.PlainDigest.create(PlainDigest.java:39)
	at org.seasar.directory.digest.PlainDigest.create(PlainDigest.java:39)
	at org.seasar.directory.digest.PlainDigest.create(PlainDigest.java:39)
	at org.seasar.directory.digest.PlainDigest.create(PlainDigest.java:39)
	at org.seasar.directory.digest.PlainDigest.create(PlainDigest.java:39)
	at org.seasar.directory.digest.PlainDigest.create(PlainDigest.java:39)
	at org.seasar.directory.digest.PlainDigest.create(PlainDigest.java:39)
	at org.seasar.directory.digest.PlainDigest.create(PlainDigest.java:39)
	at org.seasar.directory.digest.PlainDigest.create(PlainDigest.java:39)
	at org.seasar.directory.digest.PlainDigest.create(PlainDigest.java:39)
	at org.seasar.directory.digest.PlainDigest.create(PlainDigest.java:39)
	at org.seasar.directory.digest.PlainDigest.create(PlainDigest.java:39)
	at org.seasar.directory.digest.PlainDigest.create(PlainDigest.java:39)
	at org.seasar.directory.digest.PlainDigest.create(PlainDigest.java:39)
	at org.seasar.directory.digest.PlainDigest.create(PlainDigest.java:39)
	at org.seasar.directory.digest.PlainDigest.create(PlainDigest.java:39)
	at org.seasar.directory.digest.PlainDigest.create(PlainDigest.java:39)
	at org.seasar.directory.digest.PlainDigest.create(PlainDigest.java:39)
	at org.seasar.directory.digest.PlainDigest.create(PlainDigest.java:39)
	at org.seasar.directory.digest.PlainDigest.create(PlainDigest.java:39)
	at org.seasar.directory.digest.PlainDigest.create(PlainDigest.java:39)
	at org.seasar.directory.digest.PlainDigest.create(PlainDigest.java:39)
	at org.seasar.directory.digest.PlainDigest.create(PlainDigest.java:39)
	at org.seasar.directory.digest.PlainDigest.create(PlainDigest.java:39)
	at org.seasar.directory.digest.PlainDigest.create(PlainDigest.java:39)
	at org.seasar.directory.digest.PlainDigest.create(PlainDigest.java:39)
	at org.seasar.directory.digest.PlainDigest.create(PlainDigest.java:39)
	at org.seasar.directory.digest.PlainDigest.create(PlainDigest.java:39)
	at org.seasar.directory.digest.PlainDigest.create(PlainDigest.java:39)
	at org.seasar.directory.digest.PlainDigest.create(PlainDigest.java:39)
	at org.seasar.directory.digest.PlainDigest.create(PlainDigest.java:39)
	at org.seasar.directory.digest.PlainDigest.create(PlainDigest.java:39)
	at org.seasar.directory.digest.PlainDigest.create(PlainDigest.java:39)
	at org.seasar.directory.digest.PlainDigest.create(PlainDigest.java:39)
	at org.seasar.directory.digest.PlainDigest.create(PlainDigest.java:39)
	at org.seasar.directory.digest.PlainDigest.create(PlainDigest.java:39)
	at org.seasar.directory.digest.PlainDigest.create(PlainDigest.java:39)
	at org.seasar.directory.digest.PlainDigest.create(PlainDigest.java:39)
	at org.seasar.directory.digest.PlainDigest.create(PlainDigest.java:39)
	at org.seasar.directory.digest.PlainDigest.create(PlainDigest.java:39)
	at org.seasar.directory.digest.PlainDigest.create(PlainDigest.java:39)
	at org.seasar.directory.digest.PlainDigest.create(PlainDigest.java:39)
	at org.seasar.directory.digest.PlainDigest.create(PlainDigest.java:39)
	at org.seasar.directory.digest.PlainDigest.create(PlainDigest.java:39)
	at org.seasar.directory.digest.PlainDigest.create(PlainDigest.java:39)
	at org.seasar.directory.digest.PlainDigest.create(PlainDigest.java:39)
	at org.seasar.directory.digest.PlainDigest.create(PlainDigest.java:39)
	at org.seasar.directory.digest.PlainDigest.create(PlainDigest.java:39)
	at org.seasar.directory.digest.PlainDigest.create(PlainDigest.java:39)
	at org.seasar.directory.digest.PlainDigest.create(PlainDigest.java:39)
	at org.seasar.directory.digest.PlainDigest.create(PlainDigest.java:39)
	at org.seasar.directory.digest.PlainDigest.create(PlainDigest.java:39)
	at org.seasar.directory.digest.PlainDigest.create(PlainDigest.java:39)
	at org.seasar.directory.digest.PlainDigest.create(PlainDigest.java:39)
	at org.seasar.directory.digest.PlainDigest.create(PlainDigest.java:39)
	at org.seasar.directory.digest.PlainDigest.create(PlainDigest.java:39)
	at org.seasar.directory.digest.PlainDigest.create(PlainDigest.java:39)
	at org.seasar.directory.digest.PlainDigest.create(PlainDigest.java:39)
	at org.seasar.directory.digest.PlainDigest.create(PlainDigest.java:39)
	at org.seasar.directory.digest.PlainDigest.create(PlainDigest.java:39)
	at org.seasar.directory.digest.PlainDigest.create(PlainDigest.java:39)
	at org.seasar.directory.digest.PlainDigest.create(PlainDigest.java:39)
	at org.seasar.directory.digest.PlainDigest.create(PlainDigest.java:39)
	at org.seasar.directory.digest.PlainDigest.create(PlainDigest.java:39)
	at org.seasar.directory.digest.PlainDigest.create(PlainDigest.java:39)
	at org.seasar.directory.digest.PlainDigest.create(PlainDigest.java:39)
	at org.seasar.directory.digest.PlainDigest.create(PlainDigest.java:39)
	at org.seasar.directory.digest.PlainDigest.create(PlainDigest.java:39)
	at org.seasar.directory.digest.PlainDigest.create(PlainDigest.java:39)
	at org.seasar.directory.digest.PlainDigest.create(PlainDigest.java:39)
	at org.seasar.directory.digest.PlainDigest.create(PlainDigest.java:39)
	at org.seasar.directory.digest.PlainDigest.create(PlainDigest.java:39)
	at org.seasar.directory.digest.PlainDigest.create(PlainDigest.java:39)
	at org.seasar.directory.digest.PlainDigest.create(PlainDigest.java:39)
	at org.seasar.directory.digest.PlainDigest.create(PlainDigest.java:39)
	at org.seasar.directory.digest.PlainDigest.create(PlainDigest.java:39)
	at org.seasar.directory.digest.PlainDigest.create(PlainDigest.java:39)
	at org.seasar.directory.digest.PlainDigest.create(PlainDigest.java:39)
	at org.seasar.directory.digest.PlainDigest.create(PlainDigest.java:39)
	at org.seasar.directory.digest.PlainDigest.create(PlainDigest.java:39)
	at org.seasar.directory.digest.PlainDigest.create(PlainDigest.java:39)
	at org.seasar.directory.digest.PlainDigest.create(PlainDigest.java:39)
	at org.seasar.directory.digest.PlainDigest.create(PlainDigest.java:39)
	at org.seasar.directory.digest.PlainDigest.create(PlainDigest.java:39)
	at org.seasar.directory.digest.PlainDigest.create(PlainDigest.java:39)
	at org.seasar.directory.digest.PlainDigest.create(PlainDigest.java:39)
	at org.seasar.directory.digest.PlainDigest.create(PlainDigest.java:39)
	at org.seasar.directory.digest.PlainDigest.create(PlainDigest.java:39)
	at org.seasar.directory.digest.PlainDigest.create(PlainDigest.java:39)
	at org.seasar.directory.digest.PlainDigest.create(PlainDigest.java:39)
	at org.seasar.directory.digest.PlainDigest.create(PlainDigest.java:39)
	at org.seasar.directory.digest.PlainDigest.create(PlainDigest.java:39)
	at org.seasar.directory.digest.PlainDigest.create(PlainDigest.java:39)
	at org.seasar.directory.digest.PlainDigest.create(PlainDigest.java:39)
	at org.seasar.directory.digest.PlainDigest.create(PlainDigest.java:39)
	at org.seasar.directory.digest.PlainDigest.create(PlainDigest.java:39)
	at org.seasar.directory.digest.PlainDigest.create(PlainDigest.java:39)
	at org.seasar.directory.digest.PlainDigest.create(PlainDigest.java:39)
	at org.seasar.directory.digest.PlainDigest.create(PlainDigest.java:39)
	at org.seasar.directory.digest.PlainDigest.create(PlainDigest.java:39)
	at org.seasar.directory.digest.PlainDigest.create(PlainDigest.java:39)
	at org.seasar.directory.digest.PlainDigest.create(PlainDigest.java:39)
	at org.seasar.directory.digest.PlainDigest.create(PlainDigest.java:39)
	at org.seasar.directory.digest.PlainDigest.create(PlainDigest.java:39)
	at org.seasar.directory.digest.PlainDigest.create(PlainDigest.java:39)
	at org.seasar.directory.digest.PlainDigest.create(PlainDigest.java:39)
	at org.seasar.directory.digest.PlainDigest.create(PlainDigest.java:39)
	at org.seasar.directory.digest.PlainDigest.create(PlainDigest.java:39)
	at org.seasar.directory.digest.PlainDigest.create(PlainDigest.java:39)
	at org.seasar.directory.digest.PlainDigest.create(PlainDigest.java:39)
	at org.seasar.directory.digest.PlainDigest.create(PlainDigest.java:39)
	at org.seasar.directory.digest.PlainDigest.create(PlainDigest.java:39)
	at org.seasar.directory.digest.PlainDigest.create(PlainDigest.java:39)
	at org.seasar.directory.digest.PlainDigest.create(PlainDigest.java:39)
	at org.seasar.directory.digest.PlainDigest.create(PlainDigest.java:39)
	at org.seasar.directory.digest.PlainDigest.create(PlainDigest.java:39)
	at org.seasar.directory.digest.PlainDigest.create(PlainDigest.java:39)
	at org.seasar.directory.digest.PlainDigest.create(PlainDigest.java:39)
	at org.seasar.directory.digest.PlainDigest.create(PlainDigest.java:39)
	at org.seasar.directory.digest.PlainDigest.create(PlainDigest.java:39)
	at org.seasar.directory.digest.PlainDigest.create(PlainDigest.java:39)
	at org.seasar.directory.digest.PlainDigest.create(PlainDigest.java:39)
	at org.seasar.directory.digest.PlainDigest.create(PlainDigest.java:39)
	at org.seasar.directory.digest.PlainDigest.create(PlainDigest.java:39)
	at org.seasar.directory.digest.PlainDigest.create(PlainDigest.java:39)
	at org.seasar.directory.digest.PlainDigest.create(PlainDigest.java:39)
	at org.seasar.directory.digest.PlainDigest.create(PlainDigest.java:39)
	at org.seasar.directory.digest.PlainDigest.create(PlainDigest.java:39)
	at org.seasar.directory.digest.PlainDigest.create(PlainDigest.java:39)
	at org.seasar.directory.digest.PlainDigest.create(PlainDigest.java:39)
	at org.seasar.directory.digest.PlainDigest.create(PlainDigest.java:39)
	at org.seasar.directory.digest.PlainDigest.create(PlainDigest.java:39)
	at org.seasar.directory.digest.PlainDigest.create(PlainDigest.java:39)
	at org.seasar.directory.digest.PlainDigest.create(PlainDigest.java:39)
	at org.seasar.directory.digest.PlainDigest.create(PlainDigest.java:39)
	at org.seasar.directory.digest.PlainDigest.create(PlainDigest.java:39)
	at org.seasar.directory.digest.PlainDigest.create(PlainDigest.java:39)
	at org.seasar.directory.digest.PlainDigest.create(PlainDigest.java:39)
	at org.seasar.directory.digest.PlainDigest.create(PlainDigest.java:39)
	at org.seasar.directory.digest.PlainDigest.create(PlainDigest.java:39)
	at org.seasar.directory.digest.PlainDigest.create(PlainDigest.java:39)
	at org.seasar.directory.digest.PlainDigest.create(PlainDigest.java:39)
	at org.seasar.directory.digest.PlainDigest.create(PlainDigest.java:39)
	at org.seasar.directory.digest.PlainDigest.create(PlainDigest.java:39)
	at org.seasar.directory.digest.PlainDigest.create(PlainDigest.java:39)
	at org.seasar.directory.digest.PlainDigest.create(PlainDigest.java:39)
	at org.seasar.directory.digest.PlainDigest.create(PlainDigest.java:39)
	at org.seasar.directory.digest.PlainDigest.create(PlainDigest.java:39)
	at org.seasar.directory.digest.PlainDigest.create(PlainDigest.java:39)
	at org.seasar.directory.digest.PlainDigest.create(PlainDigest.java:39)
	at org.seasar.directory.digest.PlainDigest.create(PlainDigest.java:39)
	at org.seasar.directory.digest.PlainDigest.create(PlainDigest.java:39)
	at org.seasar.directory.digest.PlainDigest.create(PlainDigest.java:39)
	at org.seasar.directory.digest.PlainDigest.create(PlainDigest.java:39)
	at org.seasar.directory.digest.PlainDigest.create(PlainDigest.java:39)
	at org.seasar.directory.digest.PlainDigest.create(PlainDigest.java:39)
	at org.seasar.directory.digest.PlainDigest.create(PlainDigest.java:39)
	at org.seasar.directory.digest.PlainDigest.create(PlainDigest.java:39)
	at org.seasar.directory.digest.PlainDigest.create(PlainDigest.java:39)
	at org.seasar.directory.digest.PlainDigest.create(PlainDigest.java:39)
	at org.seasar.directory.digest.PlainDigest.create(PlainDigest.java:39)
	at org.seasar.directory.digest.PlainDigest.create(PlainDigest.java:39)
	at org.seasar.directory.digest.PlainDigest.create(PlainDigest.java:39)
	at org.seasar.directory.digest.PlainDigest.create(PlainDigest.java:39)
	at org.seasar.directory.digest.PlainDigest.create(PlainDigest.java:39)
	at org.seasar.directory.digest.PlainDigest.create(PlainDigest.java:39)
	at org.seasar.directory.digest.PlainDigest.create(PlainDigest.java:39)
	at org.seasar.directory.digest.PlainDigest.create(PlainDigest.java:39)
	at org.seasar.directory.digest.PlainDigest.create(PlainDigest.java:39)
	at org.seasar.directory.digest.PlainDigest.create(PlainDigest.java:39)
	at org.seasar.directory.digest.PlainDigest.create(PlainDigest.java:39)
	at org.seasar.directory.digest.PlainDigest.create(PlainDigest.java:39)
	at org.seasar.directory.digest.PlainDigest.create(PlainDigest.java:39)
	at org.seasar.directory.digest.PlainDigest.create(PlainDigest.java:39)
	at org.seasar.directory.digest.PlainDigest.create(PlainDigest.java:39)
	at org.seasar.directory.digest.PlainDigest.create(PlainDigest.java:39)
	at org.seasar.directory.digest.PlainDigest.create(PlainDigest.java:39)
	at org.seasar.directory.digest.PlainDigest.create(PlainDigest.java:39)
	at org.seasar.directory.digest.PlainDigest.create(PlainDigest.java:39)
	at org.seasar.directory.digest.PlainDigest.create(PlainDigest.java:39)
	at org.seasar.directory.digest.PlainDigest.create(PlainDigest.java:39)
	at org.seasar.directory.digest.PlainDigest.create(PlainDigest.java:39)
	at org.seasar.directory.digest.PlainDigest.create(PlainDigest.java:39)
	at org.seasar.directory.digest.PlainDigest.create(PlainDigest.java:39)
	at org.seasar.directory.digest.PlainDigest.create(PlainDigest.java:39)
	at org.seasar.directory.digest.PlainDigest.create(PlainDigest.java:39)
	at org.seasar.directory.digest.PlainDigest.create(PlainDigest.java:39)
	at org.seasar.directory.digest.PlainDigest.create(PlainDigest.java:39)
	at org.seasar.directory.digest.PlainDigest.create(PlainDigest.java:39)
	at org.seasar.directory.digest.PlainDigest.create(PlainDigest.java:39)
	at org.seasar.directory.digest.PlainDigest.create(PlainDigest.java:39)
	at org.seasar.directory.digest.PlainDigest.create(PlainDigest.java:39)
	at org.seasar.directory.digest.PlainDigest.create(PlainDigest.java:39)
	at org.seasar.directory.digest.PlainDigest.create(PlainDigest.java:39)
	at org.seasar.directory.digest.PlainDigest.create(PlainDigest.java:39)
	at org.seasar.directory.digest.PlainDigest.create(PlainDigest.java:39)
	at org.seasar.directory.digest.PlainDigest.create(PlainDigest.java:39)
	at org.seasar.directory.digest.PlainDigest.create(PlainDigest.java:39)
	at org.seasar.directory.digest.PlainDigest.create(PlainDigest.java:39)
	at org.seasar.directory.digest.PlainDigest.create(PlainDigest.java:39)
	at org.seasar.directory.digest.PlainDigest.create(PlainDigest.java:39)
	at org.seasar.directory.digest.PlainDigest.create(PlainDigest.java:39)
	at org.seasar.directory.digest.PlainDigest.create(PlainDigest.java:39)
	at org.seasar.directory.digest.PlainDigest.create(PlainDigest.java:39)
	at org.seasar.directory.digest.PlainDigest.create(PlainDigest.java:39)
	at org.seasar.directory.digest.PlainDigest.create(PlainDigest.java:39)
	at org.seasar.directory.digest.PlainDigest.create(PlainDigest.java:39)
	at org.seasar.directory.digest.PlainDigest.create(PlainDigest.java:39)
	at org.seasar.directory.digest.PlainDigest.create(PlainDigest.java:39)
	at org.seasar.directory.digest.PlainDigest.create(PlainDigest.java:39)
	at org.seasar.directory.digest.PlainDigest.create(PlainDigest.java:39)
	at org.seasar.directory.digest.PlainDigest.create(PlainDigest.java:39)
	at org.seasar.directory.digest.PlainDigest.create(PlainDigest.java:39)
	at org.seasar.directory.digest.PlainDigest.create(PlainDigest.java:39)
	at org.seasar.directory.digest.PlainDigest.create(PlainDigest.java:39)
	at org.seasar.directory.digest.PlainDigest.create(PlainDigest.java:39)
	at org.seasar.directory.digest.PlainDigest.create(PlainDigest.java:39)
	at org.seasar.directory.digest.PlainDigest.create(PlainDigest.java:39)
	at org.seasar.directory.digest.PlainDigest.create(PlainDigest.java:39)
	at org.seasar.directory.digest.PlainDigest.create(PlainDigest.java:39)
	at org.seasar.directory.digest.PlainDigest.create(PlainDigest.java:39)
	at org.seasar.directory.digest.PlainDigest.create(PlainDigest.java:39)
	at org.seasar.directory.digest.PlainDigest.create(PlainDigest.java:39)
	at org.seasar.directory.digest.PlainDigest.create(PlainDigest.java:39)
	at org.seasar.directory.digest.PlainDigest.create(PlainDigest.java:39)
	at org.seasar.directory.digest.PlainDigest.create(PlainDigest.java:39)
	at org.seasar.directory.digest.PlainDigest.create(PlainDigest.java:39)
	at org.seasar.directory.digest.PlainDigest.create(PlainDigest.java:39)
	at org.seasar.directory.digest.PlainDigest.create(PlainDigest.java:39)
	at org.seasar.directory.digest.PlainDigest.create(PlainDigest.java:39)
	at org.seasar.directory.digest.PlainDigest.create(PlainDigest.java:39)
	at org.seasar.directory.digest.PlainDigest.create(PlainDigest.java:39)
	at org.seasar.directory.digest.PlainDigest.create(PlainDigest.java:39)
	at org.seasar.directory.digest.PlainDigest.create(PlainDigest.java:39)
	at org.seasar.directory.digest.PlainDigest.create(PlainDigest.java:39)
	at org.seasar.directory.digest.PlainDigest.create(PlainDigest.java:39)
	at org.seasar.directory.digest.PlainDigest.create(PlainDigest.java:39)
	at org.seasar.directory.digest.PlainDigest.create(PlainDigest.java:39)
	at org.seasar.directory.digest.PlainDigest.create(PlainDigest.java:39)
	at org.seasar.directory.digest.PlainDigest.create(PlainDigest.java:39)
	at org.seasar.directory.digest.PlainDigest.create(PlainDigest.java:39)
	at org.seasar.directory.digest.PlainDigest.create(PlainDigest.java:39)
	at org.seasar.directory.digest.PlainDigest.create(PlainDigest.java:39)
	at org.seasar.directory.digest.PlainDigest.create(PlainDigest.java:39)
	at org.seasar.directory.digest.PlainDigest.create(PlainDigest.java:39)
	at org.seasar.directory.digest.PlainDigest.create(PlainDigest.java:39)
	at org.seasar.directory.digest.PlainDigest.create(PlainDigest.java:39)
	at org.seasar.directory.digest.PlainDigest.create(PlainDigest.java:39)
	at org.seasar.directory.digest.PlainDigest.create(PlainDigest.java:39)
	at org.seasar.directory.digest.PlainDigest.create(PlainDigest.java:39)
	at org.seasar.directory.digest.PlainDigest.create(PlainDigest.java:39)
	at org.seasar.directory.digest.PlainDigest.create(PlainDigest.java:39)
	at org.seasar.directory.digest.PlainDigest.create(PlainDigest.java:39)
	at org.seasar.directory.digest.PlainDigest.create(PlainDigest.java:39)
	at org.seasar.directory.digest.PlainDigest.create(PlainDigest.java:39)
	at org.seasar.directory.digest.PlainDigest.create(PlainDigest.java:39)
	at org.seasar.directory.digest.PlainDigest.create(PlainDigest.java:39)
	at org.seasar.directory.digest.PlainDigest.create(PlainDigest.java:39)
	at org.seasar.directory.digest.PlainDigest.create(PlainDigest.java:39)
	at org.seasar.directory.digest.PlainDigest.create(PlainDigest.java:39)
	at org.seasar.directory.digest.PlainDigest.create(PlainDigest.java:39)
	at org.seasar.directory.digest.PlainDigest.create(PlainDigest.java:39)
	at org.seasar.directory.digest.PlainDigest.create(PlainDigest.java:39)
	at org.seasar.directory.digest.PlainDigest.create(PlainDigest.java:39)
	at org.seasar.directory.digest.PlainDigest.create(PlainDigest.java:39)
	at org.seasar.directory.digest.PlainDigest.create(PlainDigest.java:39)
	at org.seasar.directory.digest.PlainDigest.create(PlainDigest.java:39)
	at org.seasar.directory.digest.PlainDigest.create(PlainDigest.java:39)
	at org.seasar.directory.digest.PlainDigest.create(PlainDigest.java:39)
	at org.seasar.directory.digest.PlainDigest.create(PlainDigest.java:39)
	at org.seasar.directory.digest.PlainDigest.create(PlainDigest.java:39)
	at org.seasar.directory.digest.PlainDigest.create(PlainDigest.java:39)
	at org.seasar.directory.digest.PlainDigest.create(PlainDigest.java:39)
	at org.seasar.directory.digest.PlainDigest.create(PlainDigest.java:39)
	at org.seasar.directory.digest.PlainDigest.create(PlainDigest.java:39)
	at org.seasar.directory.digest.PlainDigest.create(PlainDigest.java:39)
	at org.seasar.directory.digest.PlainDigest.create(PlainDigest.java:39)
	at org.seasar.directory.digest.PlainDigest.create(PlainDigest.java:39)
	at org.seasar.directory.digest.PlainDigest.create(PlainDigest.java:39)
	at org.seasar.directory.digest.PlainDigest.create(PlainDigest.java:39)
	at org.seasar.directory.digest.PlainDigest.create(PlainDigest.java:39)
	at org.seasar.directory.digest.PlainDigest.create(PlainDigest.java:39)
	at org.seasar.directory.digest.PlainDigest.create(PlainDigest.java:39)
	at org.seasar.directory.digest.PlainDigest.create(PlainDigest.java:39)
	at org.seasar.directory.digest.PlainDigest.create(PlainDigest.java:39)
	at org.seasar.directory.digest.PlainDigest.create(PlainDigest.java:39)
	at org.seasar.directory.digest.PlainDigest.create(PlainDigest.java:39)
	at org.seasar.directory.digest.PlainDigest.create(PlainDigest.java:39)
	at org.seasar.directory.digest.PlainDigest.create(PlainDigest.java:39)
	at org.seasar.directory.digest.PlainDigest.create(PlainDigest.java:39)
	at org.seasar.directory.digest.PlainDigest.create(PlainDigest.java:39)
	at org.seasar.directory.digest.PlainDigest.create(PlainDigest.java:39)
	at org.seasar.directory.digest.PlainDigest.create(PlainDigest.java:39)
	at org.seasar.directory.digest.PlainDigest.create(PlainDigest.java:39)
	at org.seasar.directory.digest.PlainDigest.create(PlainDigest.java:39)
	at org.seasar.directory.digest.PlainDigest.create(PlainDigest.java:39)
	at org.seasar.directory.digest.PlainDigest.create(PlainDigest.java:39)
	at org.seasar.directory.digest.PlainDigest.create(PlainDigest.java:39)
	at org.seasar.directory.digest.PlainDigest.create(PlainDigest.java:39)
	at org.seasar.directory.digest.PlainDigest.create(PlainDigest.java:39)
	at org.seasar.directory.digest.PlainDigest.create(PlainDigest.java:39)
	at org.seasar.directory.digest.PlainDigest.create(PlainDigest.java:39)
	at org.seasar.directory.digest.PlainDigest.create(PlainDigest.java:39)
	at org.seasar.directory.digest.PlainDigest.create(PlainDigest.java:39)
	at org.seasar.directory.digest.PlainDigest.create(PlainDigest.java:39)
	at org.seasar.directory.digest.PlainDigest.create(PlainDigest.java:39)
	at org.seasar.directory.digest.PlainDigest.create(PlainDigest.java:39)
	at org.seasar.directory.digest.PlainDigest.create(PlainDigest.java:39)
	at org.seasar.directory.digest.PlainDigest.create(PlainDigest.java:39)
	at org.seasar.directory.digest.PlainDigest.create(PlainDigest.java:39)
	at org.seasar.directory.digest.PlainDigest.create(PlainDigest.java:39)
	at org.seasar.directory.digest.PlainDigest.create(PlainDigest.java:39)
	at org.seasar.directory.digest.PlainDigest.create(PlainDigest.java:39)
	at org.seasar.directory.digest.PlainDigest.create(PlainDigest.java:39)
	at org.seasar.directory.digest.PlainDigest.create(PlainDigest.java:39)
	at org.seasar.directory.digest.PlainDigest.create(PlainDigest.java:39)
	at org.seasar.directory.digest.PlainDigest.create(PlainDigest.java:39)
	at org.seasar.directory.digest.PlainDigest.create(PlainDigest.java:39)
	at org.seasar.directory.digest.PlainDigest.create(PlainDigest.java:39)
	at org.seasar.directory.digest.PlainDigest.create(PlainDigest.java:39)
	at org.seasar.directory.digest.PlainDigest.create(PlainDigest.java:39)
	at org.seasar.directory.digest.PlainDigest.create(PlainDigest.java:39)
	at org.seasar.directory.digest.PlainDigest.create(PlainDigest.java:39)
	at org.seasar.directory.digest.PlainDigest.create(PlainDigest.java:39)
	at org.seasar.directory.digest.PlainDigest.create(PlainDigest.java:39)
	at org.seasar.directory.digest.PlainDigest.create(PlainDigest.java:39)
	at org.seasar.directory.digest.PlainDigest.create(PlainDigest.java:39)
	at org.seasar.directory.digest.PlainDigest.create(PlainDigest.java:39)
	at org.seasar.directory.digest.PlainDigest.create(PlainDigest.java:39)
	at org.seasar.directory.digest.PlainDigest.create(PlainDigest.java:39)
	at org.seasar.directory.digest.PlainDigest.create(PlainDigest.java:39)
	at org.seasar.directory.digest.PlainDigest.create(PlainDigest.java:39)
	at org.seasar.directory.digest.PlainDigest.create(PlainDigest.java:39)
	at org.seasar.directory.digest.PlainDigest.create(PlainDigest.java:39)
	at org.seasar.directory.digest.PlainDigest.create(PlainDigest.java:39)
	at org.seasar.directory.digest.PlainDigest.create(PlainDigest.java:39)
	at org.seasar.directory.digest.PlainDigest.create(PlainDigest.java:39)
	at org.seasar.directory.digest.PlainDigest.create(PlainDigest.java:39)
	at org.seasar.directory.digest.PlainDigest.create(PlainDigest.java:39)
	at org.seasar.directory.digest.PlainDigest.create(PlainDigest.java:39)
	at org.seasar.directory.digest.PlainDigest.create(PlainDigest.java:39)
	at org.seasar.directory.digest.PlainDigest.create(PlainDigest.java:39)
	at org.seasar.directory.digest.PlainDigest.create(PlainDigest.java:39)
	at org.seasar.directory.digest.PlainDigest.create(PlainDigest.java:39)
	at org.seasar.directory.digest.PlainDigest.create(PlainDigest.java:39)
	at org.seasar.directory.digest.PlainDigest.create(PlainDigest.java:39)
	at org.seasar.directory.digest.PlainDigest.create(PlainDigest.java:39)
	at org.seasar.directory.digest.PlainDigest.create(PlainDigest.java:39)
	at org.seasar.directory.digest.PlainDigest.create(PlainDigest.java:39)
	at org.seasar.directory.digest.PlainDigest.create(PlainDigest.java:39)
	at org.seasar.directory.digest.PlainDigest.create(PlainDigest.java:39)
	at org.seasar.directory.digest.PlainDigest.create(PlainDigest.java:39)
	at org.seasar.directory.digest.PlainDigest.create(PlainDigest.java:39)
	at org.seasar.directory.digest.PlainDigest.create(PlainDigest.java:39)
	at org.seasar.directory.digest.PlainDigest.create(PlainDigest.java:39)
	at org.seasar.directory.digest.PlainDigest.create(PlainDigest.java:39)
	at org.seasar.directory.digest.PlainDigest.create(PlainDigest.java:39)
	at org.seasar.directory.digest.PlainDigest.create(PlainDigest.java:39)
	at org.seasar.directory.digest.PlainDigest.create(PlainDigest.java:39)
	at org.seasar.directory.digest.PlainDigest.create(PlainDigest.java:39)
	at org.seasar.directory.digest.PlainDigest.create(PlainDigest.java:39)
	at org.seasar.directory.digest.PlainDigest.create(PlainDigest.java:39)
	at org.seasar.directory.digest.PlainDigest.create(PlainDigest.java:39)
	at org.seasar.directory.digest.PlainDigest.create(PlainDigest.java:39)
	at org.seasar.directory.digest.PlainDigest.create(PlainDigest.java:39)
	at org.seasar.directory.digest.PlainDigest.create(PlainDigest.java:39)
	at org.seasar.directory.digest.PlainDigest.create(PlainDigest.java:39)
	at org.seasar.directory.digest.PlainDigest.create(PlainDigest.java:39)
	at org.seasar.directory.digest.PlainDigest.create(PlainDigest.java:39)
	at org.seasar.directory.digest.PlainDigest.create(PlainDigest.java:39)
	at org.seasar.directory.digest.PlainDigest.create(PlainDigest.java:39)
	at org.seasar.directory.digest.PlainDigest.create(PlainDigest.java:39)
	at org.seasar.directory.digest.PlainDigest.create(PlainDigest.java:39)
	at org.seasar.directory.digest.PlainDigest.create(PlainDigest.java:39)
	at org.seasar.directory.digest.PlainDigest.create(PlainDigest.java:39)
	at org.seasar.directory.digest.PlainDigest.create(PlainDigest.java:39)
	at org.seasar.directory.digest.PlainDigest.create(PlainDigest.java:39)
	at org.seasar.directory.digest.PlainDigest.create(PlainDigest.java:39)
	at org.seasar.directory.digest.PlainDigest.create(PlainDigest.java:39)
	at org.seasar.directory.digest.PlainDigest.create(PlainDigest.java:39)
	at org.seasar.directory.digest.PlainDigest.create(PlainDigest.java:39)
	at org.seasar.directory.digest.PlainDigest.create(PlainDigest.java:39)
	at org.seasar.directory.digest.PlainDigest.create(PlainDigest.java:39)
	at org.seasar.directory.digest.PlainDigest.create(PlainDigest.java:39)
	at org.seasar.directory.digest.PlainDigest.create(PlainDigest.java:39)
	at org.seasar.directory.digest.PlainDigest.create(PlainDigest.java:39)
	at org.seasar.directory.digest.PlainDigest.create(PlainDigest.java:39)
	at org.seasar.directory.digest.PlainDigest.create(PlainDigest.java:39)
	at org.seasar.directory.digest.PlainDigest.create(PlainDigest.java:39)
	at org.seasar.directory.digest.PlainDigest.create(PlainDigest.java:39)
	at org.seasar.directory.digest.PlainDigest.create(PlainDigest.java:39)
	at org.seasar.directory.digest.PlainDigest.create(PlainDigest.java:39)
	at org.seasar.directory.digest.PlainDigest.create(PlainDigest.java:39)
	at org.seasar.directory.digest.PlainDigest.create(PlainDigest.java:39)
	at org.seasar.directory.digest.PlainDigest.create(PlainDigest.java:39)
	at org.seasar.directory.digest.PlainDigest.create(PlainDigest.java:39)
	at org.seasar.directory.digest.PlainDigest.create(PlainDigest.java:39)
	at org.seasar.directory.digest.PlainDigest.create(PlainDigest.java:39)
	at org.seasar.directory.digest.PlainDigest.create(PlainDigest.java:39)
	at org.seasar.directory.digest.PlainDigest.create(PlainDigest.java:39)
	at org.seasar.directory.digest.PlainDigest.create(PlainDigest.java:39)
	at org.seasar.directory.digest.PlainDigest.create(PlainDigest.java:39)
	at org.seasar.directory.digest.PlainDigest.create(PlainDigest.java:39)
	at org.seasar.directory.digest.PlainDigest.create(PlainDigest.java:39)
	at org.seasar.directory.digest.PlainDigest.create(PlainDigest.java:39)
	at org.seasar.directory.digest.PlainDigest.create(PlainDigest.java:39)
	at org.seasar.directory.digest.PlainDigest.create(PlainDigest.java:39)
	at org.seasar.directory.digest.PlainDigest.create(PlainDigest.java:39)
	at org.seasar.directory.digest.PlainDigest.create(PlainDigest.java:39)
	at org.seasar.directory.digest.PlainDigest.create(PlainDigest.java:39)
	at org.seasar.directory.digest.PlainDigest.create(PlainDigest.java:39)
	at org.seasar.directory.digest.PlainDigest.create(PlainDigest.java:39)
	at org.seasar.directory.digest.PlainDigest.create(PlainDigest.java:39)
	at org.seasar.directory.digest.PlainDigest.create(PlainDigest.java:39)
	at org.seasar.directory.digest.PlainDigest.create(PlainDigest.java:39)
	at org.seasar.directory.digest.PlainDigest.create(PlainDigest.java:39)
	at org.seasar.directory.digest.PlainDigest.create(PlainDigest.java:39)
	at org.seasar.directory.digest.PlainDigest.create(PlainDigest.java:39)
	at org.seasar.directory.digest.PlainDigest.create(PlainDigest.java:39)
	at org.seasar.directory.digest.PlainDigest.create(PlainDigest.java:39)
	at org.seasar.directory.digest.PlainDigest.create(PlainDigest.java:39)
	at org.seasar.directory.digest.PlainDigest.create(PlainDigest.java:39)
	at org.seasar.directory.digest.PlainDigest.create(PlainDigest.java:39)
	at org.seasar.directory.digest.PlainDigest.create(PlainDigest.java:39)
	at org.seasar.directory.digest.PlainDigest.create(PlainDigest.java:39)
	at org.seasar.directory.digest.PlainDigest.create(PlainDigest.java:39)
	at org.seasar.directory.digest.PlainDigest.create(PlainDigest.java:39)
	at org.seasar.directory.digest.PlainDigest.create(PlainDigest.java:39)
	at org.seasar.directory.digest.PlainDigest.create(PlainDigest.java:39)
	at org.seasar.directory.digest.PlainDigest.create(PlainDigest.java:39)
	at org.seasar.directory.digest.PlainDigest.create(PlainDigest.java:39)
	at org.seasar.directory.digest.PlainDigest.create(PlainDigest.java:39)
	at org.seasar.directory.digest.PlainDigest.create(PlainDigest.java:39)
	at org.seasar.directory.digest.PlainDigest.create(PlainDigest.java:39)
	at org.seasar.directory.digest.PlainDigest.create(PlainDigest.java:39)
	at org.seasar.directory.digest.PlainDigest.create(PlainDigest.java:39)
	at org.seasar.directory.digest.PlainDigest.create(PlainDigest.java:39)
	at org.seasar.directory.digest.PlainDigest.create(PlainDigest.java:39)
	at org.seasar.directory.digest.PlainDigest.create(PlainDigest.java:39)
	at org.seasar.directory.digest.PlainDigest.create(PlainDigest.java:39)
	at org.seasar.directory.digest.PlainDigest.create(PlainDigest.java:39)
	at org.seasar.directory.digest.PlainDigest.create(PlainDigest.java:39)
	at org.seasar.directory.digest.PlainDigest.create(PlainDigest.java:39)
	at org.seasar.directory.digest.PlainDigest.create(PlainDigest.java:39)
	at org.seasar.directory.digest.PlainDigest.create(PlainDigest.java:39)
	at org.seasar.directory.digest.PlainDigest.create(PlainDigest.java:39)
	at org.seasar.directory.digest.PlainDigest.create(PlainDigest.java:39)
	at org.seasar.directory.digest.PlainDigest.create(PlainDigest.java:39)
	at org.seasar.directory.digest.PlainDigest.create(PlainDigest.java:39)
	at org.seasar.directory.digest.PlainDigest.create(PlainDigest.java:39)
	at org.seasar.directory.digest.PlainDigest.create(PlainDigest.java:39)
	at org.seasar.directory.digest.PlainDigest.create(PlainDigest.java:39)
	at org.seasar.directory.digest.PlainDigest.create(PlainDigest.java:39)
	at org.seasar.directory.digest.PlainDigest.create(PlainDigest.java:39)
	at org.seasar.directory.digest.PlainDigest.create(PlainDigest.java:39)
	at org.seasar.directory.digest.PlainDigest.create(PlainDigest.java:39)
	at org.seasar.directory.digest.PlainDigest.create(PlainDigest.java:39)
	at org.seasar.directory.digest.PlainDigest.create(PlainDigest.java:39)
	at org.seasar.directory.digest.PlainDigest.create(PlainDigest.java:39)
	at org.seasar.directory.digest.PlainDigest.create(PlainDigest.java:39)
	at org.seasar.directory.digest.PlainDigest.create(PlainDigest.java:39)
	at org.seasar.directory.digest.PlainDigest.create(PlainDigest.java:39)
	at org.seasar.directory.digest.PlainDigest.create(PlainDigest.java:39)
	at org.seasar.directory.digest.PlainDigest.create(PlainDigest.java:39)
	at org.seasar.directory.digest.PlainDigest.create(PlainDigest.java:39)
	at org.seasar.directory.digest.PlainDigest.create(PlainDigest.java:39)
	at org.seasar.directory.digest.PlainDigest.create(PlainDigest.java:39)
	at org.seasar.directory.digest.PlainDigest.create(PlainDigest.java:39)
	at org.seasar.directory.digest.PlainDigest.create(PlainDigest.java:39)
	at org.seasar.directory.digest.PlainDigest.create(PlainDigest.java:39)
	at org.seasar.directory.digest.PlainDigest.create(PlainDigest.java:39)
	at org.seasar.directory.digest.PlainDigest.create(PlainDigest.java:39)
	at org.seasar.directory.digest.PlainDigest.create(PlainDigest.java:39)
	at org.seasar.directory.digest.PlainDigest.create(PlainDigest.java:39)
	at org.seasar.directory.digest.PlainDigest.create(PlainDigest.java:39)
	at org.seasar.directory.digest.PlainDigest.create(PlainDigest.java:39)
	at org.seasar.directory.digest.PlainDigest.create(PlainDigest.java:39)
	at org.seasar.directory.digest.PlainDigest.create(PlainDigest.java:39)
	at org.seasar.directory.digest.PlainDigest.create(PlainDigest.java:39)
	at org.seasar.directory.digest.PlainDigest.create(PlainDigest.java:39)
	at org.seasar.directory.digest.PlainDigest.create(PlainDigest.java:39)
	at org.seasar.directory.digest.PlainDigest.create(PlainDigest.java:39)
	at org.seasar.directory.digest.PlainDigest.create(PlainDigest.java:39)
	at org.seasar.directory.digest.PlainDigest.create(PlainDigest.java:39)
	at org.seasar.directory.digest.PlainDigest.create(PlainDigest.java:39)
	at org.seasar.directory.digest.PlainDigest.create(PlainDigest.java:39)
	at org.seasar.directory.digest.PlainDigest.create(PlainDigest.java:39)
	at org.seasar.directory.digest.PlainDigest.create(PlainDigest.java:39)
	at org.seasar.directory.digest.PlainDigest.create(PlainDigest.java:39)
	at org.seasar.directory.digest.PlainDigest.create(PlainDigest.java:39)
	at org.seasar.directory.digest.PlainDigest.create(PlainDigest.java:39)
	at org.seasar.directory.digest.PlainDigest.create(PlainDigest.java:39)
	at org.seasar.directory.digest.PlainDigest.create(PlainDigest.java:39)
	at org.seasar.directory.digest.PlainDigest.create(PlainDigest.java:39)
	at org.seasar.directory.digest.PlainDigest.create(PlainDigest.java:39)
	at org.seasar.directory.digest.PlainDigest.create(PlainDigest.java:39)
	at org.seasar.directory.digest.PlainDigest.create(PlainDigest.java:39)
	at org.seasar.directory.digest.PlainDigest.create(PlainDigest.java:39)
	at org.seasar.directory.digest.PlainDigest.create(PlainDigest.java:39)
	at org.seasar.directory.digest.PlainDigest.create(PlainDigest.java:39)
	at org.seasar.directory.digest.PlainDigest.create(PlainDigest.java:39)
	at org.seasar.directory.digest.PlainDigest.create(PlainDigest.java:39)
	at org.seasar.directory.digest.PlainDigest.create(PlainDigest.java:39)
	at org.seasar.directory.digest.PlainDigest.create(PlainDigest.java:39)
	at org.seasar.directory.digest.PlainDigest.create(PlainDigest.java:39)
	at org.seasar.directory.digest.PlainDigest.create(PlainDigest.java:39)
	at org.seasar.directory.digest.PlainDigest.create(PlainDigest.java:39)
	at org.seasar.directory.digest.PlainDigest.create(PlainDigest.java:39)
	at org.seasar.directory.digest.PlainDigest.create(PlainDigest.java:39)
	at org.seasar.directory.digest.PlainDigest.create(PlainDigest.java:39)
	at org.seasar.directory.digest.PlainDigest.create(PlainDigest.java:39)
	at org.seasar.directory.digest.PlainDigest.create(PlainDigest.java:39)
	at org.seasar.directory.digest.PlainDigest.create(PlainDigest.java:39)
	at org.seasar.directory.digest.PlainDigest.create(PlainDigest.java:39)
	at org.seasar.directory.digest.PlainDigest.create(PlainDigest.java:39)
	at org.seasar.directory.digest.PlainDigest.create(PlainDigest.java:39)
	at org.seasar.directory.digest.PlainDigest.create(PlainDigest.java:39)
	at org.seasar.directory.digest.PlainDigest.create(PlainDigest.java:39)
	at org.seasar.directory.digest.PlainDigest.create(PlainDigest.java:39)
	at org.seasar.directory.digest.PlainDigest.create(PlainDigest.java:39)
	at org.seasar.directory.digest.PlainDigest.create(PlainDigest.java:39)
	at org.seasar.directory.digest.PlainDigest.create(PlainDigest.java:39)
	at org.seasar.directory.digest.PlainDigest.create(PlainDigest.java:39)
	at org.seasar.directory.digest.PlainDigest.create(PlainDigest.java:39)
	at org.seasar.directory.digest.PlainDigest.create(PlainDigest.java:39)
	at org.seasar.directory.digest.PlainDigest.create(PlainDigest.java:39)
	at org.seasar.directory.digest.PlainDigest.create(PlainDigest.java:39)
	at org.seasar.directory.digest.PlainDigest.create(PlainDigest.java:39)
	at org.seasar.directory.digest.PlainDigest.create(PlainDigest.java:39)
	at org.seasar.directory.digest.PlainDigest.create(PlainDigest.java:39)
	at org.seasar.directory.digest.PlainDigest.create(PlainDigest.java:39)
	at org.seasar.directory.digest.PlainDigest.create(PlainDigest.java:39)
	at org.seasar.directory.digest.PlainDigest.create(PlainDigest.java:39)
	at org.seasar.directory.digest.PlainDigest.create(PlainDigest.java:39)
	at org.seasar.directory.digest.PlainDigest.create(PlainDigest.java:39)
	at org.seasar.directory.digest.PlainDigest.create(PlainDigest.java:39)
	at org.seasar.directory.digest.PlainDigest.create(PlainDigest.java:39)
	at org.seasar.directory.digest.PlainDigest.create(PlainDigest.java:39)
	at org.seasar.directory.digest.PlainDigest.create(PlainDigest.java:39)
	at org.seasar.directory.digest.PlainDigest.create(PlainDigest.java:39)
	at org.seasar.directory.digest.PlainDigest.create(PlainDigest.java:39)
	at org.seasar.directory.digest.PlainDigest.create(PlainDigest.java:39)
	at org.seasar.directory.digest.PlainDigest.create(PlainDigest.java:39)
	at org.seasar.directory.digest.PlainDigest.create(PlainDigest.java:39)
	at org.seasar.directory.digest.PlainDigest.create(PlainDigest.java:39)
	at org.seasar.directory.digest.PlainDigest.create(PlainDigest.java:39)
	at org.seasar.directory.digest.PlainDigest.create(PlainDigest.java:39)
	at org.seasar.directory.digest.PlainDigest.create(PlainDigest.java:39)
	at org.seasar.directory.digest.PlainDigest.create(PlainDigest.java:39)
	at org.seasar.directory.digest.PlainDigest.create(PlainDigest.java:39)
	at org.seasar.directory.digest.PlainDigest.create(PlainDigest.java:39)
	at org.seasar.directory.digest.PlainDigest.create(PlainDigest.java:39)
	at org.seasar.directory.digest.PlainDigest.create(PlainDigest.java:39)
	at org.seasar.directory.digest.PlainDigest.create(PlainDigest.java:39)
	at org.seasar.directory.digest.PlainDigest.create(PlainDigest.java:39)
	at org.seasar.directory.digest.PlainDigest.create(PlainDigest.java:39)
	at org.seasar.directory.digest.PlainDigest.create(PlainDigest.java:39)
	at org.seasar.directory.digest.PlainDigest.create(PlainDigest.java:39)
	at org.seasar.directory.digest.PlainDigest.create(PlainDigest.java:39)
	at org.seasar.directory.digest.PlainDigest.create(PlainDigest.java:39)
	at org.seasar.directory.digest.PlainDigest.create(PlainDigest.java:39)
	at org.seasar.directory.digest.PlainDigest.create(PlainDigest.java:39)
	at org.seasar.directory.digest.PlainDigest.create(PlainDigest.java:39)
	at org.seasar.directory.digest.PlainDigest.create(PlainDigest.java:39)
	at org.seasar.directory.digest.PlainDigest.create(PlainDigest.java:39)
	at org.seasar.directory.digest.PlainDigest.create(PlainDigest.java:39)
	at org.seasar.directory.digest.PlainDigest.create(PlainDigest.java:39)
	at org.seasar.directory.digest.PlainDigest.create(PlainDigest.java:39)
	at org.seasar.directory.digest.PlainDigest.create(PlainDigest.java:39)
	at org.seasar.directory.digest.PlainDigest.create(PlainDigest.java:39)
	at org.seasar.directory.digest.PlainDigest.create(PlainDigest.java:39)
	at org.seasar.directory.digest.PlainDigest.create(PlainDigest.java:39)
	at org.seasar.directory.digest.PlainDigest.create(PlainDigest.java:39)
	at org.seasar.directory.digest.PlainDigest.create(PlainDigest.java:39)
	at org.seasar.directory.digest.PlainDigest.create(PlainDigest.java:39)
	at org.seasar.directory.digest.PlainDigest.create(PlainDigest.java:39)
	at org.seasar.directory.digest.PlainDigest.create(PlainDigest.java:39)
	at org.seasar.directory.digest.PlainDigest.create(PlainDigest.java:39)
	at org.seasar.directory.digest.PlainDigest.create(PlainDigest.java:39)
	at org.seasar.directory.digest.PlainDigest.create(PlainDigest.java:39)
	at org.seasar.directory.digest.PlainDigest.create(PlainDigest.java:39)
	at org.seasar.directory.digest.PlainDigest.create(PlainDigest.java:39)
	at org.seasar.directory.digest.PlainDigest.create(PlainDigest.java:39)
	at org.seasar.directory.digest.PlainDigest.create(PlainDigest.java:39)
	at org.seasar.directory.digest.PlainDigest.create(PlainDigest.java:39)
	at org.seasar.directory.digest.PlainDigest.create(PlainDigest.java:39)
	at org.seasar.directory.digest.PlainDigest.create(PlainDigest.java:39)
	at org.seasar.directory.digest.PlainDigest.create(PlainDigest.java:39)
	at org.seasar.directory.digest.PlainDigest.create(PlainDigest.java:39)
	at org.seasar.directory.digest.PlainDigest.create(PlainDigest.java:39)
	at org.seasar.directory.digest.PlainDigest.create(PlainDigest.java:39)
	at org.seasar.directory.digest.PlainDigest.create(PlainDigest.java:39)
	at org.seasar.directory.digest.PlainDigest.create(PlainDigest.java:39)
	at org.seasar.directory.digest.PlainDigest.create(PlainDigest.java:39)
	at org.seasar.directory.digest.PlainDigest.create(PlainDigest.java:39)
	at org.seasar.directory.digest.PlainDigest.create(PlainDigest.java:39)
	at org.seasar.directory.digest.PlainDigest.create(PlainDigest.java:39)
	at org.seasar.directory.digest.PlainDigest.create(PlainDigest.java:39)
	at org.seasar.directory.digest.PlainDigest.create(PlainDigest.java:39)
	at org.seasar.directory.digest.PlainDigest.create(PlainDigest.java:39)
	at org.seasar.directory.digest.PlainDigest.create(PlainDigest.java:39)
	at org.seasar.directory.digest.PlainDigest.create(PlainDigest.java:39)
	at org.seasar.directory.digest.PlainDigest.create(PlainDigest.java:39)
	at org.seasar.directory.digest.PlainDigest.create(PlainDigest.java:39)
	at org.seasar.directory.digest.PlainDigest.create(PlainDigest.java:39)
	at org.seasar.directory.digest.PlainDigest.create(PlainDigest.java:39)
	at org.seasar.directory.digest.PlainDigest.create(PlainDigest.java:39)
	at org.seasar.directory.digest.PlainDigest.create(PlainDigest.java:39)
	at org.seasar.directory.digest.PlainDigest.create(PlainDigest.java:39)
	at org.seasar.directory.digest.PlainDigest.create(PlainDigest.java:39)
	at org.seasar.directory.digest.PlainDigest.create(PlainDigest.java:39)
	at org.seasar.directory.digest.PlainDigest.create(PlainDigest.java:39)
	at org.seasar.directory.digest.PlainDigest.create(PlainDigest.java:39)
	at org.seasar.directory.digest.PlainDigest.create(PlainDigest.java:39)
	at org.seasar.directory.digest.PlainDigest.create(PlainDigest.java:39)
	at org.seasar.directory.digest.PlainDigest.create(PlainDigest.java:39)
	at org.seasar.directory.digest.PlainDigest.create(PlainDigest.java:39)
	at org.seasar.directory.digest.PlainDigest.create(PlainDigest.java:39)
	at org.seasar.directory.digest.PlainDigest.create(PlainDigest.java:39)
	at org.seasar.directory.digest.PlainDigest.create(PlainDigest.java:39)
	at org.seasar.directory.digest.PlainDigest.create(PlainDigest.java:39)
	at org.seasar.directory.digest.PlainDigest.create(PlainDigest.java:39)
	at org.seasar.directory.digest.PlainDigest.create(PlainDigest.java:39)
	at org.seasar.directory.digest.PlainDigest.create(PlainDigest.java:39)
	at org.seasar.directory.digest.PlainDigest.create(PlainDigest.java:39)
	at org.seasar.directory.digest.PlainDigest.create(PlainDigest.java:39)
	at org.seasar.directory.digest.PlainDigest.create(PlainDigest.java:39)
	at org.seasar.directory.digest.PlainDigest.create(PlainDigest.java:39)
	at org.seasar.directory.digest.PlainDigest.create(PlainDigest.java:39)
	at org.seasar.directory.digest.PlainDigest.create(PlainDigest.java:39)
	at org.seasar.directory.digest.PlainDigest.create(PlainDigest.java:39)
	at org.seasar.directory.digest.PlainDigest.create(PlainDigest.java:39)
	at org.seasar.directory.digest.PlainDigest.create(PlainDigest.java:39)
	at org.seasar.directory.digest.PlainDigest.create(PlainDigest.java:39)
	at org.seasar.directory.digest.PlainDigest.create(PlainDigest.java:39)
	at org.seasar.directory.digest.PlainDigest.create(PlainDigest.java:39)
	at org.seasar.directory.digest.PlainDigest.create(PlainDigest.java:39)
	at org.seasar.directory.digest.PlainDigest.create(PlainDigest.java:39)
	at org.seasar.directory.digest.PlainDigest.create(PlainDigest.java:39)
	at org.seasar.directory.digest.PlainDigest.create(PlainDigest.java:39)
	at org.seasar.directory.digest.PlainDigest.create(PlainDigest.java:39)
	at org.seasar.directory.digest.PlainDigest.create(PlainDigest.java:39)
	at org.seasar.directory.digest.PlainDigest.create(PlainDigest.java:39)
	at org.seasar.directory.digest.PlainDigest.create(PlainDigest.java:39)
	at org.seasar.directory.digest.PlainDigest.create(PlainDigest.java:39)
	at org.seasar.directory.digest.PlainDigest.create(PlainDigest.java:39)
	at org.seasar.directory.digest.PlainDigest.create(PlainDigest.java:39)
	at org.seasar.directory.digest.PlainDigest.create(PlainDigest.java:39)
	at org.seasar.directory.digest.PlainDigest.create(PlainDigest.java:39)
	at org.seasar.directory.digest.PlainDigest.create(PlainDigest.java:39)
	at org.seasar.directory.digest.PlainDigest.create(PlainDigest.java:39)
	at org.seasar.directory.digest.PlainDigest.create(PlainDigest.java:39)
	at org.seasar.directory.digest.PlainDigest.create(PlainDigest.java:39)
	at org.seasar.directory.digest.PlainDigest.create(PlainDigest.java:39)
	at org.seasar.directory.digest.PlainDigest.create(PlainDigest.java:39)
	at org.seasar.directory.digest.PlainDigest.create(PlainDigest.java:39)
	at org.seasar.directory.digest.PlainDigest.create(PlainDigest.java:39)
	at org.seasar.directory.digest.PlainDigest.create(PlainDigest.java:39)
	at org.seasar.directory.digest.PlainDigest.create(PlainDigest.java:39)
	at org.seasar.directory.digest.PlainDigest.create(PlainDigest.java:39)
	at org.seasar.directory.digest.PlainDigest.create(PlainDigest.java:39)
	at org.seasar.directory.digest.PlainDigest.create(PlainDigest.java:39)
	at org.seasar.directory.digest.PlainDigest.create(PlainDigest.java:39)
	at org.seasar.directory.digest.PlainDigest.create(PlainDigest.java:39)
	at org.seasar.directory.digest.PlainDigest.create(PlainDigest.java:39)
	at org.seasar.directory.digest.PlainDigest.create(PlainDigest.java:39)
	at org.seasar.directory.digest.PlainDigest.create(PlainDigest.java:39)
	at org.seasar.directory.digest.PlainDigest.create(PlainDigest.java:39)
	at org.seasar.directory.digest.PlainDigest.create(PlainDigest.java:39)
	at org.seasar.directory.digest.PlainDigest.create(PlainDigest.java:39)
	at org.seasar.directory.digest.PlainDigest.create(PlainDigest.java:39)
	at org.seasar.directory.digest.PlainDigest.create(PlainDigest.java:39)
	at org.seasar.directory.digest.PlainDigest.create(PlainDigest.java:39)
	at org.seasar.directory.digest.PlainDigest.create(PlainDigest.java:39)
	at org.seasar.directory.digest.PlainDigest.create(PlainDigest.java:39)
	at org.seasar.directory.digest.PlainDigest.create(PlainDigest.java:39)
	at org.seasar.directory.digest.PlainDigest.create(PlainDigest.java:39)
	at org.seasar.directory.digest.PlainDigest.create(PlainDigest.java:39)
	at org.seasar.directory.digest.PlainDigest.create(PlainDigest.java:39)
	at org.seasar.directory.digest.PlainDigest.create(PlainDigest.java:39)
	at org.seasar.directory.digest.PlainDigest.create(PlainDigest.java:39)
	at org.seasar.directory.digest.PlainDigest.create(PlainDigest.java:39)
	at org.seasar.directory.digest.PlainDigest.create(PlainDigest.java:39)
	at org.seasar.directory.digest.PlainDigest.create(PlainDigest.java:39)
	at org.seasar.directory.digest.PlainDigest.create(PlainDigest.java:39)
	at org.seasar.directory.digest.PlainDigest.create(PlainDigest.java:39)
	at org.seasar.directory.digest.PlainDigest.create(PlainDigest.java:39)
	at org.seasar.directory.digest.PlainDigest.create(PlainDigest.java:39)
	at org.seasar.directory.digest.PlainDigest.create(PlainDigest.java:39)
	at org.seasar.directory.digest.PlainDigest.create(PlainDigest.java:39)
	at org.seasar.directory.digest.PlainDigest.create(PlainDigest.java:39)
	at org.seasar.directory.digest.PlainDigest.create(PlainDigest.java:39)
	at org.seasar.directory.digest.PlainDigest.create(PlainDigest.java:39)
	at org.seasar.directory.digest.PlainDigest.create(PlainDigest.java:39)

testMD5Digest(org.seasar.directory.digest.DigestFactoryTest)  Time elapsed: 0.051 sec  <<< ERROR!
java.lang.StackOverflowError
	at org.seasar.directory.digest.MD5Digest.create(MD5Digest.java:41)
	at org.seasar.directory.digest.MD5Digest.create(MD5Digest.java:41)
	at org.seasar.directory.digest.MD5Digest.create(MD5Digest.java:41)
	at org.seasar.directory.digest.MD5Digest.create(MD5Digest.java:41)
	at org.seasar.directory.digest.MD5Digest.create(MD5Digest.java:41)
	at org.seasar.directory.digest.MD5Digest.create(MD5Digest.java:41)
	at org.seasar.directory.digest.MD5Digest.create(MD5Digest.java:41)
	at org.seasar.directory.digest.MD5Digest.create(MD5Digest.java:41)
	at org.seasar.directory.digest.MD5Digest.create(MD5Digest.java:41)
	at org.seasar.directory.digest.MD5Digest.create(MD5Digest.java:41)
	at org.seasar.directory.digest.MD5Digest.create(MD5Digest.java:41)
	at org.seasar.directory.digest.MD5Digest.create(MD5Digest.java:41)
	at org.seasar.directory.digest.MD5Digest.create(MD5Digest.java:41)
	at org.seasar.directory.digest.MD5Digest.create(MD5Digest.java:41)
	at org.seasar.directory.digest.MD5Digest.create(MD5Digest.java:41)
	at org.seasar.directory.digest.MD5Digest.create(MD5Digest.java:41)
	at org.seasar.directory.digest.MD5Digest.create(MD5Digest.java:41)
	at org.seasar.directory.digest.MD5Digest.create(MD5Digest.java:41)
	at org.seasar.directory.digest.MD5Digest.create(MD5Digest.java:41)
	at org.seasar.directory.digest.MD5Digest.create(MD5Digest.java:41)
	at org.seasar.directory.digest.MD5Digest.create(MD5Digest.java:41)
	at org.seasar.directory.digest.MD5Digest.create(MD5Digest.java:41)
	at org.seasar.directory.digest.MD5Digest.create(MD5Digest.java:41)
	at org.seasar.directory.digest.MD5Digest.create(MD5Digest.java:41)
	at org.seasar.directory.digest.MD5Digest.create(MD5Digest.java:41)
	at org.seasar.directory.digest.MD5Digest.create(MD5Digest.java:41)
	at org.seasar.directory.digest.MD5Digest.create(MD5Digest.java:41)
	at org.seasar.directory.digest.MD5Digest.create(MD5Digest.java:41)
	at org.seasar.directory.digest.MD5Digest.create(MD5Digest.java:41)
	at org.seasar.directory.digest.MD5Digest.create(MD5Digest.java:41)
	at org.seasar.directory.digest.MD5Digest.create(MD5Digest.java:41)
	at org.seasar.directory.digest.MD5Digest.create(MD5Digest.java:41)
	at org.seasar.directory.digest.MD5Digest.create(MD5Digest.java:41)
	at org.seasar.directory.digest.MD5Digest.create(MD5Digest.java:41)
	at org.seasar.directory.digest.MD5Digest.create(MD5Digest.java:41)
	at org.seasar.directory.digest.MD5Digest.create(MD5Digest.java:41)
	at org.seasar.directory.digest.MD5Digest.create(MD5Digest.java:41)
	at org.seasar.directory.digest.MD5Digest.create(MD5Digest.java:41)
	at org.seasar.directory.digest.MD5Digest.create(MD5Digest.java:41)
	at org.seasar.directory.digest.MD5Digest.create(MD5Digest.java:41)
	at org.seasar.directory.digest.MD5Digest.create(MD5Digest.java:41)
	at org.seasar.directory.digest.MD5Digest.create(MD5Digest.java:41)
	at org.seasar.directory.digest.MD5Digest.create(MD5Digest.java:41)
	at org.seasar.directory.digest.MD5Digest.create(MD5Digest.java:41)
	at org.seasar.directory.digest.MD5Digest.create(MD5Digest.java:41)
	at org.seasar.directory.digest.MD5Digest.create(MD5Digest.java:41)
	at org.seasar.directory.digest.MD5Digest.create(MD5Digest.java:41)
	at org.seasar.directory.digest.MD5Digest.create(MD5Digest.java:41)
	at org.seasar.directory.digest.MD5Digest.create(MD5Digest.java:41)
	at org.seasar.directory.digest.MD5Digest.create(MD5Digest.java:41)
	at org.seasar.directory.digest.MD5Digest.create(MD5Digest.java:41)
	at org.seasar.directory.digest.MD5Digest.create(MD5Digest.java:41)
	at org.seasar.directory.digest.MD5Digest.create(MD5Digest.java:41)
	at org.seasar.directory.digest.MD5Digest.create(MD5Digest.java:41)
	at org.seasar.directory.digest.MD5Digest.create(MD5Digest.java:41)
	at org.seasar.directory.digest.MD5Digest.create(MD5Digest.java:41)
	at org.seasar.directory.digest.MD5Digest.create(MD5Digest.java:41)
	at org.seasar.directory.digest.MD5Digest.create(MD5Digest.java:41)
	at org.seasar.directory.digest.MD5Digest.create(MD5Digest.java:41)
	at org.seasar.directory.digest.MD5Digest.create(MD5Digest.java:41)
	at org.seasar.directory.digest.MD5Digest.create(MD5Digest.java:41)
	at org.seasar.directory.digest.MD5Digest.create(MD5Digest.java:41)
	at org.seasar.directory.digest.MD5Digest.create(MD5Digest.java:41)
	at org.seasar.directory.digest.MD5Digest.create(MD5Digest.java:41)
	at org.seasar.directory.digest.MD5Digest.create(MD5Digest.java:41)
	at org.seasar.directory.digest.MD5Digest.create(MD5Digest.java:41)
	at org.seasar.directory.digest.MD5Digest.create(MD5Digest.java:41)
[...]
	at org.seasar.directory.digest.SHADigest.create(SHADigest.java:41)
	at org.seasar.directory.digest.SHADigest.create(SHADigest.java:41)
	at org.seasar.directory.digest.SHADigest.create(SHADigest.java:41)
	at org.seasar.directory.digest.SHADigest.create(SHADigest.java:41)
	at org.seasar.directory.digest.SHADigest.create(SHADigest.java:41)
	at org.seasar.directory.digest.SHADigest.create(SHADigest.java:41)
	at org.seasar.directory.digest.SHADigest.create(SHADigest.java:41)
	at org.seasar.directory.digest.SHADigest.create(SHADigest.java:41)
	at org.seasar.directory.digest.SHADigest.create(SHADigest.java:41)
	at org.seasar.directory.digest.SHADigest.create(SHADigest.java:41)
	at org.seasar.directory.digest.SHADigest.create(SHADigest.java:41)
	at org.seasar.directory.digest.SHADigest.create(SHADigest.java:41)
	at org.seasar.directory.digest.SHADigest.create(SHADigest.java:41)
	at org.seasar.directory.digest.SHADigest.create(SHADigest.java:41)
	at org.seasar.directory.digest.SHADigest.create(SHADigest.java:41)
	at org.seasar.directory.digest.SHADigest.create(SHADigest.java:41)
	at org.seasar.directory.digest.SHADigest.create(SHADigest.java:41)
	at org.seasar.directory.digest.SHADigest.create(SHADigest.java:41)
	at org.seasar.directory.digest.SHADigest.create(SHADigest.java:41)
	at org.seasar.directory.digest.SHADigest.create(SHADigest.java:41)
	at org.seasar.directory.digest.SHADigest.create(SHADigest.java:41)
	at org.seasar.directory.digest.SHADigest.create(SHADigest.java:41)
	at org.seasar.directory.digest.SHADigest.create(SHADigest.java:41)
	at org.seasar.directory.digest.SHADigest.create(SHADigest.java:41)
	at org.seasar.directory.digest.SHADigest.create(SHADigest.java:41)
	at org.seasar.directory.digest.SHADigest.create(SHADigest.java:41)
	at org.seasar.directory.digest.SHADigest.create(SHADigest.java:41)
	at org.seasar.directory.digest.SHADigest.create(SHADigest.java:41)
	at org.seasar.directory.digest.SHADigest.create(SHADigest.java:41)
	at org.seasar.directory.digest.SHADigest.create(SHADigest.java:41)
	at org.seasar.directory.digest.SHADigest.create(SHADigest.java:41)
	at org.seasar.directory.digest.SHADigest.create(SHADigest.java:41)
	at org.seasar.directory.digest.SHADigest.create(SHADigest.java:41)
	at org.seasar.directory.digest.SHADigest.create(SHADigest.java:41)
	at org.seasar.directory.digest.SHADigest.create(SHADigest.java:41)
	at org.seasar.directory.digest.SHADigest.create(SHADigest.java:41)
	at org.seasar.directory.digest.SHADigest.create(SHADigest.java:41)
	at org.seasar.directory.digest.SHADigest.create(SHADigest.java:41)
	at org.seasar.directory.digest.SHADigest.create(SHADigest.java:41)
	at org.seasar.directory.digest.SHADigest.create(SHADigest.java:41)
	at org.seasar.directory.digest.SHADigest.create(SHADigest.java:41)
	at org.seasar.directory.digest.SHADigest.create(SHADigest.java:41)
	at org.seasar.directory.digest.SHADigest.create(SHADigest.java:41)
	at org.seasar.directory.digest.SHADigest.create(SHADigest.java:41)
	at org.seasar.directory.digest.SHADigest.create(SHADigest.java:41)
	at org.seasar.directory.digest.SHADigest.create(SHADigest.java:41)
	at org.seasar.directory.digest.SHADigest.create(SHADigest.java:41)
	at org.seasar.directory.digest.SHADigest.create(SHADigest.java:41)
	at org.seasar.directory.digest.SHADigest.create(SHADigest.java:41)
	at org.seasar.directory.digest.SHADigest.create(SHADigest.java:41)
	at org.seasar.directory.digest.SHADigest.create(SHADigest.java:41)
	at org.seasar.directory.digest.SHADigest.create(SHADigest.java:41)
	at org.seasar.directory.digest.SHADigest.create(SHADigest.java:41)
	at org.seasar.directory.digest.SHADigest.create(SHADigest.java:41)
	at org.seasar.directory.digest.SHADigest.create(SHADigest.java:41)
	at org.seasar.directory.digest.SHADigest.create(SHADigest.java:41)
	at org.seasar.directory.digest.SHADigest.create(SHADigest.java:41)
	at org.seasar.directory.digest.SHADigest.create(SHADigest.java:41)
	at org.seasar.directory.digest.SHADigest.create(SHADigest.java:41)
	at org.seasar.directory.digest.SHADigest.create(SHADigest.java:41)
	at org.seasar.directory.digest.SHADigest.create(SHADigest.java:41)
	at org.seasar.directory.digest.SHADigest.create(SHADigest.java:41)
	at org.seasar.directory.digest.SHADigest.create(SHADigest.java:41)
	at org.seasar.directory.digest.SHADigest.create(SHADigest.java:41)
	at org.seasar.directory.digest.SHADigest.create(SHADigest.java:41)
	at org.seasar.directory.digest.SHADigest.create(SHADigest.java:41)
	at org.seasar.directory.digest.SHADigest.create(SHADigest.java:41)
	at org.seasar.directory.digest.SHADigest.create(SHADigest.java:41)
	at org.seasar.directory.digest.SHADigest.create(SHADigest.java:41)
	at org.seasar.directory.digest.SHADigest.create(SHADigest.java:41)
	at org.seasar.directory.digest.SHADigest.create(SHADigest.java:41)
	at org.seasar.directory.digest.SHADigest.create(SHADigest.java:41)
	at org.seasar.directory.digest.SHADigest.create(SHADigest.java:41)
	at org.seasar.directory.digest.SHADigest.create(SHADigest.java:41)
	at org.seasar.directory.digest.SHADigest.create(SHADigest.java:41)
	at org.seasar.directory.digest.SHADigest.create(SHADigest.java:41)
	at org.seasar.directory.digest.SHADigest.create(SHADigest.java:41)
	at org.seasar.directory.digest.SHADigest.create(SHADigest.java:41)
	at org.seasar.directory.digest.SHADigest.create(SHADigest.java:41)
	at org.seasar.directory.digest.SHADigest.create(SHADigest.java:41)
	at org.seasar.directory.digest.SHADigest.create(SHADigest.java:41)
	at org.seasar.directory.digest.SHADigest.create(SHADigest.java:41)
	at org.seasar.directory.digest.SHADigest.create(SHADigest.java:41)
	at org.seasar.directory.digest.SHADigest.create(SHADigest.java:41)
	at org.seasar.directory.digest.SHADigest.create(SHADigest.java:41)
	at org.seasar.directory.digest.SHADigest.create(SHADigest.java:41)
	at org.seasar.directory.digest.SHADigest.create(SHADigest.java:41)
	at org.seasar.directory.digest.SHADigest.create(SHADigest.java:41)
	at org.seasar.directory.digest.SHADigest.create(SHADigest.java:41)
	at org.seasar.directory.digest.SHADigest.create(SHADigest.java:41)
	at org.seasar.directory.digest.SHADigest.create(SHADigest.java:41)
	at org.seasar.directory.digest.SHADigest.create(SHADigest.java:41)
	at org.seasar.directory.digest.SHADigest.create(SHADigest.java:41)
	at org.seasar.directory.digest.SHADigest.create(SHADigest.java:41)
	at org.seasar.directory.digest.SHADigest.create(SHADigest.java:41)
	at org.seasar.directory.digest.SHADigest.create(SHADigest.java:41)
	at org.seasar.directory.digest.SHADigest.create(SHADigest.java:41)
	at org.seasar.directory.digest.SHADigest.create(SHADigest.java:41)
	at org.seasar.directory.digest.SHADigest.create(SHADigest.java:41)
	at org.seasar.directory.digest.SHADigest.create(SHADigest.java:41)
	at org.seasar.directory.digest.SHADigest.create(SHADigest.java:41)
	at org.seasar.directory.digest.SHADigest.create(SHADigest.java:41)
	at org.seasar.directory.digest.SHADigest.create(SHADigest.java:41)
	at org.seasar.directory.digest.SHADigest.create(SHADigest.java:41)
	at org.seasar.directory.digest.SHADigest.create(SHADigest.java:41)
	at org.seasar.directory.digest.SHADigest.create(SHADigest.java:41)
	at org.seasar.directory.digest.SHADigest.create(SHADigest.java:41)
	at org.seasar.directory.digest.SHADigest.create(SHADigest.java:41)
	at org.seasar.directory.digest.SHADigest.create(SHADigest.java:41)
	at org.seasar.directory.digest.SHADigest.create(SHADigest.java:41)
	at org.seasar.directory.digest.SHADigest.create(SHADigest.java:41)
	at org.seasar.directory.digest.SHADigest.create(SHADigest.java:41)
	at org.seasar.directory.digest.SHADigest.create(SHADigest.java:41)
	at org.seasar.directory.digest.SHADigest.create(SHADigest.java:41)
	at org.seasar.directory.digest.SHADigest.create(SHADigest.java:41)
	at org.seasar.directory.digest.SHADigest.create(SHADigest.java:41)
	at org.seasar.directory.digest.SHADigest.create(SHADigest.java:41)
	at org.seasar.directory.digest.SHADigest.create(SHADigest.java:41)
	at org.seasar.directory.digest.SHADigest.create(SHADigest.java:41)
	at org.seasar.directory.digest.SHADigest.create(SHADigest.java:41)
	at org.seasar.directory.digest.SHADigest.create(SHADigest.java:41)
	at org.seasar.directory.digest.SHADigest.create(SHADigest.java:41)
	at org.seasar.directory.digest.SHADigest.create(SHADigest.java:41)
	at org.seasar.directory.digest.SHADigest.create(SHADigest.java:41)
	at org.seasar.directory.digest.SHADigest.create(SHADigest.java:41)
	at org.seasar.directory.digest.SHADigest.create(SHADigest.java:41)
	at org.seasar.directory.digest.SHADigest.create(SHADigest.java:41)
	at org.seasar.directory.digest.SHADigest.create(SHADigest.java:41)
	at org.seasar.directory.digest.SHADigest.create(SHADigest.java:41)
	at org.seasar.directory.digest.SHADigest.create(SHADigest.java:41)
	at org.seasar.directory.digest.SHADigest.create(SHADigest.java:41)
	at org.seasar.directory.digest.SHADigest.create(SHADigest.java:41)
	at org.seasar.directory.digest.SHADigest.create(SHADigest.java:41)
	at org.seasar.directory.digest.SHADigest.create(SHADigest.java:41)
	at org.seasar.directory.digest.SHADigest.create(SHADigest.java:41)
	at org.seasar.directory.digest.SHADigest.create(SHADigest.java:41)
	at org.seasar.directory.digest.SHADigest.create(SHADigest.java:41)
	at org.seasar.directory.digest.SHADigest.create(SHADigest.java:41)
	at org.seasar.directory.digest.SHADigest.create(SHADigest.java:41)
	at org.seasar.directory.digest.SHADigest.create(SHADigest.java:41)
	at org.seasar.directory.digest.SHADigest.create(SHADigest.java:41)
	at org.seasar.directory.digest.SHADigest.create(SHADigest.java:41)
	at org.seasar.directory.digest.SHADigest.create(SHADigest.java:41)
	at org.seasar.directory.digest.SHADigest.create(SHADigest.java:41)
	at org.seasar.directory.digest.SHADigest.create(SHADigest.java:41)
	at org.seasar.directory.digest.SHADigest.create(SHADigest.java:41)
	at org.seasar.directory.digest.SHADigest.create(SHADigest.java:41)
	at org.seasar.directory.digest.SHADigest.create(SHADigest.java:41)
	at org.seasar.directory.digest.SHADigest.create(SHADigest.java:41)
	at org.seasar.directory.digest.SHADigest.create(SHADigest.java:41)
	at org.seasar.directory.digest.SHADigest.create(SHADigest.java:41)
	at org.seasar.directory.digest.SHADigest.create(SHADigest.java:41)
	at org.seasar.directory.digest.SHADigest.create(SHADigest.java:41)
	at org.seasar.directory.digest.SHADigest.create(SHADigest.java:41)
	at org.seasar.directory.digest.SHADigest.create(SHADigest.java:41)
	at org.seasar.directory.digest.SHADigest.create(SHADigest.java:41)
	at org.seasar.directory.digest.SHADigest.create(SHADigest.java:41)
	at org.seasar.directory.digest.SHADigest.create(SHADigest.java:41)
	at org.seasar.directory.digest.SHADigest.create(SHADigest.java:41)
	at org.seasar.directory.digest.SHADigest.create(SHADigest.java:41)
	at org.seasar.directory.digest.SHADigest.create(SHADigest.java:41)
	at org.seasar.directory.digest.SHADigest.create(SHADigest.java:41)
	at org.seasar.directory.digest.SHADigest.create(SHADigest.java:41)
	at org.seasar.directory.digest.SHADigest.create(SHADigest.java:41)
	at org.seasar.directory.digest.SHADigest.create(SHADigest.java:41)
	at org.seasar.directory.digest.SHADigest.create(SHADigest.java:41)
	at org.seasar.directory.digest.SHADigest.create(SHADigest.java:41)
	at org.seasar.directory.digest.SHADigest.create(SHADigest.java:41)
	at org.seasar.directory.digest.SHADigest.create(SHADigest.java:41)
	at org.seasar.directory.digest.SHADigest.create(SHADigest.java:41)
	at org.seasar.directory.digest.SHADigest.create(SHADigest.java:41)
	at org.seasar.directory.digest.SHADigest.create(SHADigest.java:41)
	at org.seasar.directory.digest.SHADigest.create(SHADigest.java:41)
	at org.seasar.directory.digest.SHADigest.create(SHADigest.java:41)
	at org.seasar.directory.digest.SHADigest.create(SHADigest.java:41)
	at org.seasar.directory.digest.SHADigest.create(SHADigest.java:41)
	at org.seasar.directory.digest.SHADigest.create(SHADigest.java:41)
	at org.seasar.directory.digest.SHADigest.create(SHADigest.java:41)
	at org.seasar.directory.digest.SHADigest.create(SHADigest.java:41)
	at org.seasar.directory.digest.SHADigest.create(SHADigest.java:41)
	at org.seasar.directory.digest.SHADigest.create(SHADigest.java:41)
	at org.seasar.directory.digest.SHADigest.create(SHADigest.java:41)
	at org.seasar.directory.digest.SHADigest.create(SHADigest.java:41)
	at org.seasar.directory.digest.SHADigest.create(SHADigest.java:41)
	at org.seasar.directory.digest.SHADigest.create(SHADigest.java:41)
	at org.seasar.directory.digest.SHADigest.create(SHADigest.java:41)
	at org.seasar.directory.digest.SHADigest.create(SHADigest.java:41)
	at org.seasar.directory.digest.SHADigest.create(SHADigest.java:41)
	at org.seasar.directory.digest.SHADigest.create(SHADigest.java:41)
	at org.seasar.directory.digest.SHADigest.create(SHADigest.java:41)
	at org.seasar.directory.digest.SHADigest.create(SHADigest.java:41)
	at org.seasar.directory.digest.SHADigest.create(SHADigest.java:41)
	at org.seasar.directory.digest.SHADigest.create(SHADigest.java:41)
	at org.seasar.directory.digest.SHADigest.create(SHADigest.java:41)
	at org.seasar.directory.digest.SHADigest.create(SHADigest.java:41)
	at org.seasar.directory.digest.SHADigest.create(SHADigest.java:41)
	at org.seasar.directory.digest.SHADigest.create(SHADigest.java:41)
	at org.seasar.directory.digest.SHADigest.create(SHADigest.java:41)
	at org.seasar.directory.digest.SHADigest.create(SHADigest.java:41)
	at org.seasar.directory.digest.SHADigest.create(SHADigest.java:41)
	at org.seasar.directory.digest.SHADigest.create(SHADigest.java:41)
	at org.seasar.directory.digest.SHADigest.create(SHADigest.java:41)
	at org.seasar.directory.digest.SHADigest.create(SHADigest.java:41)
	at org.seasar.directory.digest.SHADigest.create(SHADigest.java:41)
	at org.seasar.directory.digest.SHADigest.create(SHADigest.java:41)
	at org.seasar.directory.digest.SHADigest.create(SHADigest.java:41)
	at org.seasar.directory.digest.SHADigest.create(SHADigest.java:41)
	at org.seasar.directory.digest.SHADigest.create(SHADigest.java:41)
	at org.seasar.directory.digest.SHADigest.create(SHADigest.java:41)
	at org.seasar.directory.digest.SHADigest.create(SHADigest.java:41)
	at org.seasar.directory.digest.SHADigest.create(SHADigest.java:41)
	at org.seasar.directory.digest.SHADigest.create(SHADigest.java:41)
	at org.seasar.directory.digest.SHADigest.create(SHADigest.java:41)
	at org.seasar.directory.digest.SHADigest.create(SHADigest.java:41)
	at org.seasar.directory.digest.SHADigest.create(SHADigest.java:41)
	at org.seasar.directory.digest.SHADigest.create(SHADigest.java:41)
	at org.seasar.directory.digest.SHADigest.create(SHADigest.java:41)
	at org.seasar.directory.digest.SHADigest.create(SHADigest.java:41)
	at org.seasar.directory.digest.SHADigest.create(SHADigest.java:41)
	at org.seasar.directory.digest.SHADigest.create(SHADigest.java:41)
	at org.seasar.directory.digest.SHADigest.create(SHADigest.java:41)
	at org.seasar.directory.digest.SHADigest.create(SHADigest.java:41)
	at org.seasar.directory.digest.SHADigest.create(SHADigest.java:41)
	at org.seasar.directory.digest.SHADigest.create(SHADigest.java:41)
	at org.seasar.directory.digest.SHADigest.create(SHADigest.java:41)
	at org.seasar.directory.digest.SHADigest.create(SHADigest.java:41)
	at org.seasar.directory.digest.SHADigest.create(SHADigest.java:41)
	at org.seasar.directory.digest.SHADigest.create(SHADigest.java:41)
	at org.seasar.directory.digest.SHADigest.create(SHADigest.java:41)
	at org.seasar.directory.digest.SHADigest.create(SHADigest.java:41)
	at org.seasar.directory.digest.SHADigest.create(SHADigest.java:41)
	at org.seasar.directory.digest.SHADigest.create(SHADigest.java:41)
	at org.seasar.directory.digest.SHADigest.create(SHADigest.java:41)
	at org.seasar.directory.digest.SHADigest.create(SHADigest.java:41)
	at org.seasar.directory.digest.SHADigest.create(SHADigest.java:41)
	at org.seasar.directory.digest.SHADigest.create(SHADigest.java:41)
	at org.seasar.directory.digest.SHADigest.create(SHADigest.java:41)
	at org.seasar.directory.digest.SHADigest.create(SHADigest.java:41)
	at org.seasar.directory.digest.SHADigest.create(SHADigest.java:41)
	at org.seasar.directory.digest.SHADigest.create(SHADigest.java:41)
	at org.seasar.directory.digest.SHADigest.create(SHADigest.java:41)
	at org.seasar.directory.digest.SHADigest.create(SHADigest.java:41)
	at org.seasar.directory.digest.SHADigest.create(SHADigest.java:41)
	at org.seasar.directory.digest.SHADigest.create(SHADigest.java:41)
	at org.seasar.directory.digest.SHADigest.create(SHADigest.java:41)
	at org.seasar.directory.digest.SHADigest.create(SHADigest.java:41)
	at org.seasar.directory.digest.SHADigest.create(SHADigest.java:41)
	at org.seasar.directory.digest.SHADigest.create(SHADigest.java:41)
	at org.seasar.directory.digest.SHADigest.create(SHADigest.java:41)
	at org.seasar.directory.digest.SHADigest.create(SHADigest.java:41)
	at org.seasar.directory.digest.SHADigest.create(SHADigest.java:41)
	at org.seasar.directory.digest.SHADigest.create(SHADigest.java:41)
	at org.seasar.directory.digest.SHADigest.create(SHADigest.java:41)
	at org.seasar.directory.digest.SHADigest.create(SHADigest.java:41)
	at org.seasar.directory.digest.SHADigest.create(SHADigest.java:41)
	at org.seasar.directory.digest.SHADigest.create(SHADigest.java:41)
	at org.seasar.directory.digest.SHADigest.create(SHADigest.java:41)
	at org.seasar.directory.digest.SHADigest.create(SHADigest.java:41)
	at org.seasar.directory.digest.SHADigest.create(SHADigest.java:41)
	at org.seasar.directory.digest.SHADigest.create(SHADigest.java:41)
	at org.seasar.directory.digest.SHADigest.create(SHADigest.java:41)
	at org.seasar.directory.digest.SHADigest.create(SHADigest.java:41)
	at org.seasar.directory.digest.SHADigest.create(SHADigest.java:41)
	at org.seasar.directory.digest.SHADigest.create(SHADigest.java:41)
	at org.seasar.directory.digest.SHADigest.create(SHADigest.java:41)
	at org.seasar.directory.digest.SHADigest.create(SHADigest.java:41)
	at org.seasar.directory.digest.SHADigest.create(SHADigest.java:41)
	at org.seasar.directory.digest.SHADigest.create(SHADigest.java:41)
	at org.seasar.directory.digest.SHADigest.create(SHADigest.java:41)
	at org.seasar.directory.digest.SHADigest.create(SHADigest.java:41)
	at org.seasar.directory.digest.SHADigest.create(SHADigest.java:41)
	at org.seasar.directory.digest.SHADigest.create(SHADigest.java:41)
	at org.seasar.directory.digest.SHADigest.create(SHADigest.java:41)
	at org.seasar.directory.digest.SHADigest.create(SHADigest.java:41)
	at org.seasar.directory.digest.SHADigest.create(SHADigest.java:41)
	at org.seasar.directory.digest.SHADigest.create(SHADigest.java:41)
	at org.seasar.directory.digest.SHADigest.create(SHADigest.java:41)
	at org.seasar.directory.digest.SHADigest.create(SHADigest.java:41)
	at org.seasar.directory.digest.SHADigest.create(SHADigest.java:41)
	at org.seasar.directory.digest.SHADigest.create(SHADigest.java:41)
	at org.seasar.directory.digest.SHADigest.create(SHADigest.java:41)
	at org.seasar.directory.digest.SHADigest.create(SHADigest.java:41)
	at org.seasar.directory.digest.SHADigest.create(SHADigest.java:41)
	at org.seasar.directory.digest.SHADigest.create(SHADigest.java:41)
	at org.seasar.directory.digest.SHADigest.create(SHADigest.java:41)
	at org.seasar.directory.digest.SHADigest.create(SHADigest.java:41)
	at org.seasar.directory.digest.SHADigest.create(SHADigest.java:41)
	at org.seasar.directory.digest.SHADigest.create(SHADigest.java:41)
	at org.seasar.directory.digest.SHADigest.create(SHADigest.java:41)

