<?xml version="1.0" encoding="UTF-8" ?>
<testsuite errors="3" skipped="0" tests="8" time="0.396" failures="0" name="org.seasar.directory.digest.DigestFactoryTest">
  <properties>
[...]
</properties>
  <testcase classname="org.seasar.directory.digest.DigestFactoryTest" time="0.021" name="testPlainDigest">
    <error type="java.lang.StackOverflowError">java.lang.StackOverflowError
	at org.seasar.directory.digest.PlainDigest.create(PlainDigest.java:39)
	at org.seasar.directory.digest.PlainDigest.create(PlainDigest.java:39)
	at org.seasar.directory.digest.PlainDigest.create(PlainDigest.java:39)
	at org.seasar.directory.digest.PlainDigest.create(PlainDigest.java:39)
	at org.seasar.directory.digest.PlainDigest.create(PlainDigest.java:39)
	at org.seasar.directory.digest.PlainDigest.create(PlainDigest.java:39)
	at org.seasar.directory.digest.PlainDigest.create(PlainDigest.java:39)
	at org.seasar.directory.digest.PlainDigest.create(PlainDigest.java:39)
	at org.seasar.directory.digest.PlainDigest.create(PlainDigest.java:39)
	at org.seasar.directory.digest.PlainDigest.create(PlainDigest.java:39)
	at org.seasar.directory.digest.PlainDigest.create(PlainDigest.java:39)
	at org.seasar.directory.digest.PlainDigest.create(PlainDigest.java:39)
	at org.seasar.directory.digest.PlainDigest.create(PlainDigest.java:39)
	at org.seasar.directory.digest.PlainDigest.create(PlainDigest.java:39)
	at org.seasar.directory.digest.PlainDigest.create(PlainDigest.java:39)
	at org.seasar.directory.digest.PlainDigest.create(PlainDigest.java:39)
	at org.seasar.directory.digest.PlainDigest.create(PlainDigest.java:39)
	at org.seasar.directory.digest.PlainDigest.create(PlainDigest.java:39)
	at org.seasar.directory.digest.PlainDigest.create(PlainDigest.java:39)
	at org.seasar.directory.digest.PlainDigest.create(PlainDigest.java:39)
	at org.seasar.directory.digest.PlainDigest.create(PlainDigest.java:39)
	at org.seasar.directory.digest.PlainDigest.create(PlainDigest.java:39)
	at org.seasar.directory.digest.PlainDigest.create(PlainDigest.java:39)
	at org.seasar.directory.digest.PlainDigest.create(PlainDigest.java:39)
	at org.seasar.directory.digest.PlainDigest.create(PlainDigest.java:39)
	at org.seasar.directory.digest.PlainDigest.create(PlainDigest.java:39)
	at org.seasar.directory.digest.PlainDigest.create(PlainDigest.java:39)
	at org.seasar.directory.digest.PlainDigest.create(PlainDigest.java:39)
	at org.seasar.directory.digest.PlainDigest.create(PlainDigest.java:39)
	at org.seasar.directory.digest.PlainDigest.create(PlainDigest.java:39)
	at org.seasar.directory.digest.PlainDigest.create(PlainDigest.java:39)
	at org.seasar.directory.digest.PlainDigest.create(PlainDigest.java:39)
	at org.seasar.directory.digest.PlainDigest.create(PlainDigest.java:39)
	at org.seasar.directory.digest.PlainDigest.create(PlainDigest.java:39)
	at org.seasar.directory.digest.PlainDigest.create(PlainDigest.java:39)
	at org.seasar.directory.digest.PlainDigest.create(PlainDigest.java:39)
	at org.seasar.directory.digest.PlainDigest.create(PlainDigest.java:39)
	at org.seasar.directory.digest.PlainDigest.create(PlainDigest.java:39)
	at org.seasar.directory.digest.PlainDigest.create(PlainDigest.java:39)
	at org.seasar.directory.digest.PlainDigest.create(PlainDigest.java:39)
	at org.seasar.directory.digest.PlainDigest.create(PlainDigest.java:39)
	at org.seasar.directory.digest.PlainDigest.create(PlainDigest.java:39)
	at org.seasar.directory.digest.PlainDigest.create(PlainDigest.java:39)
	at org.seasar.directory.digest.PlainDigest.create(PlainDigest.java:39)
	at org.seasar.directory.digest.PlainDigest.create(PlainDigest.java:39)
	at org.seasar.directory.digest.PlainDigest.create(PlainDigest.java:39)
	at org.seasar.directory.digest.PlainDigest.create(PlainDigest.java:39)
	at org.seasar.directory.digest.PlainDigest.create(PlainDigest.java:39)
	at org.seasar.directory.digest.PlainDigest.create(PlainDigest.java:39)
	at org.seasar.directory.digest.PlainDigest.create(PlainDigest.java:39)
	at org.seasar.directory.digest.PlainDigest.create(PlainDigest.java:39)
	at org.seasar.directory.digest.PlainDigest.create(PlainDigest.java:39)
	at org.seasar.directory.digest.PlainDigest.create(PlainDigest.java:39)
	at org.seasar.directory.digest.PlainDigest.create(PlainDigest.java:39)
	at org.seasar.directory.digest.PlainDigest.create(PlainDigest.java:39)
	at org.seasar.directory.digest.PlainDigest.create(PlainDigest.java:39)
	at org.seasar.directory.digest.PlainDigest.create(PlainDigest.java:39)
	at org.seasar.directory.digest.PlainDigest.create(PlainDigest.java:39)
	at org.seasar.directory.digest.PlainDigest.create(PlainDigest.java:39)
	at org.seasar.directory.digest.PlainDigest.create(PlainDigest.java:39)
	at org.seasar.directory.digest.PlainDigest.create(PlainDigest.java:39)
	at org.seasar.directory.digest.PlainDigest.create(PlainDigest.java:39)
	at org.seasar.directory.digest.PlainDigest.create(PlainDigest.java:39)
	at org.seasar.directory.digest.PlainDigest.create(PlainDigest.java:39)
	at org.seasar.directory.digest.PlainDigest.create(PlainDigest.java:39)
	at org.seasar.directory.digest.PlainDigest.create(PlainDigest.java:39)
	at org.seasar.directory.digest.PlainDigest.create(PlainDigest.java:39)
	at org.seasar.directory.digest.PlainDigest.create(PlainDigest.java:39)
	at org.seasar.directory.digest.PlainDigest.create(PlainDigest.java:39)
	at org.seasar.directory.digest.PlainDigest.create(PlainDigest.java:39)
	at org.seasar.directory.digest.PlainDigest.create(PlainDigest.java:39)
	at org.seasar.directory.digest.PlainDigest.create(PlainDigest.java:39)
	at org.seasar.directory.digest.PlainDigest.create(PlainDigest.java:39)
	at org.seasar.directory.digest.PlainDigest.create(PlainDigest.java:39)
	at org.seasar.directory.digest.PlainDigest.create(PlainDigest.java:39)
	at org.seasar.directory.digest.PlainDigest.create(PlainDigest.java:39)
	at org.seasar.directory.digest.PlainDigest.create(PlainDigest.java:39)
	at org.seasar.directory.digest.PlainDigest.create(PlainDigest.java:39)
	at org.seasar.directory.digest.PlainDigest.create(PlainDigest.java:39)
	at org.seasar.directory.digest.PlainDigest.create(PlainDigest.java:39)
	at org.seasar.directory.digest.PlainDigest.create(PlainDigest.java:39)
	at org.seasar.directory.digest.PlainDigest.create(PlainDigest.java:39)
	at org.seasar.directory.digest.PlainDigest.create(PlainDigest.java:39)
	at org.seasar.directory.digest.PlainDigest.create(PlainDigest.java:39)
	at org.seasar.directory.digest.PlainDigest.create(PlainDigest.java:39)
	at org.seasar.directory.digest.PlainDigest.create(PlainDigest.java:39)
	at org.seasar.directory.digest.PlainDigest.create(PlainDigest.java:39)
	at org.seasar.directory.digest.PlainDigest.create(PlainDigest.java:39)
	at org.seasar.directory.digest.PlainDigest.create(PlainDigest.java:39)
	at org.seasar.directory.digest.PlainDigest.create(PlainDigest.java:39)
	at org.seasar.directory.digest.PlainDigest.create(PlainDigest.java:39)
	at org.seasar.directory.digest.PlainDigest.create(PlainDigest.java:39)
	at org.seasar.directory.digest.PlainDigest.create(PlainDigest.java:39)
	at org.seasar.directory.digest.PlainDigest.create(PlainDigest.java:39)
	at org.seasar.directory.digest.PlainDigest.create(PlainDigest.java:39)
	at org.seasar.directory.digest.PlainDigest.create(PlainDigest.java:39)
	at org.seasar.directory.digest.PlainDigest.create(PlainDigest.java:39)
	at org.seasar.directory.digest.PlainDigest.create(PlainDigest.java:39)
	at org.seasar.directory.digest.PlainDigest.create(PlainDigest.java:39)
	at org.seasar.directory.digest.PlainDigest.create(PlainDigest.java:39)
	at org.seasar.directory.digest.PlainDigest.create(PlainDigest.java:39)
	at org.seasar.directory.digest.PlainDigest.create(PlainDigest.java:39)
	at org.seasar.directory.digest.PlainDigest.create(PlainDigest.java:39)
	at org.seasar.directory.digest.PlainDigest.create(PlainDigest.java:39)
	at org.seasar.directory.digest.PlainDigest.create(PlainDigest.java:39)
	at org.seasar.directory.digest.PlainDigest.create(PlainDigest.java:39)
	at org.seasar.directory.digest.PlainDigest.create(PlainDigest.java:39)
	at org.seasar.directory.digest.PlainDigest.create(PlainDigest.java:39)
	at org.seasar.directory.digest.PlainDigest.create(PlainDigest.java:39)
	at org.seasar.directory.digest.PlainDigest.create(PlainDigest.java:39)
	at org.seasar.directory.digest.PlainDigest.create(PlainDigest.java:39)
	at org.seasar.directory.digest.PlainDigest.create(PlainDigest.java:39)
	at org.seasar.directory.digest.PlainDigest.create(PlainDigest.java:39)
	at org.seasar.directory.digest.PlainDigest.create(PlainDigest.java:39)
	at org.seasar.directory.digest.PlainDigest.create(PlainDigest.java:39)
	at org.seasar.directory.digest.PlainDigest.create(PlainDigest.java:39)
	at org.seasar.directory.digest.PlainDigest.create(PlainDigest.java:39)
	at org.seasar.directory.digest.PlainDigest.create(PlainDigest.java:39)
	at org.seasar.directory.digest.PlainDigest.create(PlainDigest.java:39)
	at org.seasar.directory.digest.PlainDigest.create(PlainDigest.java:39)
	at org.seasar.directory.digest.PlainDigest.create(PlainDigest.java:39)
	at org.seasar.directory.digest.PlainDigest.create(PlainDigest.java:39)
	at org.seasar.directory.digest.PlainDigest.create(PlainDigest.java:39)
	at org.seasar.directory.digest.PlainDigest.create(PlainDigest.java:39)
	at org.seasar.directory.digest.PlainDigest.create(PlainDigest.java:39)
	at org.seasar.directory.digest.PlainDigest.create(PlainDigest.java:39)
	at org.seasar.directory.digest.PlainDigest.create(PlainDigest.java:39)
	at org.seasar.directory.digest.PlainDigest.create(PlainDigest.java:39)
	at org.seasar.directory.digest.PlainDigest.create(PlainDigest.java:39)
	at org.seasar.directory.digest.PlainDigest.create(PlainDigest.java:39)
	at org.seasar.directory.digest.PlainDigest.create(PlainDigest.java:39)
	at org.seasar.directory.digest.PlainDigest.create(PlainDigest.java:39)
	at org.seasar.directory.digest.PlainDigest.create(PlainDigest.java:39)
	at org.seasar.directory.digest.PlainDigest.create(PlainDigest.java:39)
	at org.seasar.directory.digest.PlainDigest.create(PlainDigest.java:39)
	at org.seasar.directory.digest.PlainDigest.create(PlainDigest.java:39)
	at org.seasar.directory.digest.PlainDigest.create(PlainDigest.java:39)
	at org.seasar.directory.digest.PlainDigest.create(PlainDigest.java:39)
	at org.seasar.directory.digest.PlainDigest.create(PlainDigest.java:39)
	at org.seasar.directory.digest.PlainDigest.create(PlainDigest.java:39)
	at org.seasar.directory.digest.PlainDigest.create(PlainDigest.java:39)
	at org.seasar.directory.digest.PlainDigest.create(PlainDigest.java:39)
	at org.seasar.directory.digest.PlainDigest.create(PlainDigest.java:39)
	at org.seasar.directory.digest.PlainDigest.create(PlainDigest.java:39)
	at org.seasar.directory.digest.PlainDigest.create(PlainDigest.java:39)
	at org.seasar.directory.digest.PlainDigest.create(PlainDigest.java:39)
	at org.seasar.directory.digest.PlainDigest.create(PlainDigest.java:39)
	at org.seasar.directory.digest.PlainDigest.create(PlainDigest.java:39)
	at org.seasar.directory.digest.PlainDigest.create(PlainDigest.java:39)
	at org.seasar.directory.digest.PlainDigest.create(PlainDigest.java:39)
	at org.seasar.directory.digest.PlainDigest.create(PlainDigest.java:39)
	at org.seasar.directory.digest.PlainDigest.create(PlainDigest.java:39)
	at org.seasar.directory.digest.PlainDigest.create(PlainDigest.java:39)
	at org.seasar.directory.digest.PlainDigest.create(PlainDigest.java:39)
	at org.seasar.directory.digest.PlainDigest.create(PlainDigest.java:39)
	at org.seasar.directory.digest.PlainDigest.create(PlainDigest.java:39)
	at org.seasar.directory.digest.PlainDigest.create(PlainDigest.java:39)
	at org.seasar.directory.digest.PlainDigest.create(PlainDigest.java:39)
	at org.seasar.directory.digest.PlainDigest.create(PlainDigest.java:39)
	at org.seasar.directory.digest.PlainDigest.create(PlainDigest.java:39)
	at org.seasar.directory.digest.PlainDigest.create(PlainDigest.java:39)
	at org.seasar.directory.digest.PlainDigest.create(PlainDigest.java:39)
	at org.seasar.directory.digest.PlainDigest.create(PlainDigest.java:39)
	at org.seasar.directory.digest.PlainDigest.create(PlainDigest.java:39)
	at org.seasar.directory.digest.PlainDigest.create(PlainDigest.java:39)
	at org.seasar.directory.digest.PlainDigest.create(PlainDigest.java:39)
	at org.seasar.directory.digest.PlainDigest.create(PlainDigest.java:39)
	at org.seasar.directory.digest.PlainDigest.create(PlainDigest.java:39)
	at org.seasar.directory.digest.PlainDigest.create(PlainDigest.java:39)
	at org.seasar.directory.digest.PlainDigest.create(PlainDigest.java:39)
	at org.seasar.directory.digest.PlainDigest.create(PlainDigest.java:39)
	at org.seasar.directory.digest.PlainDigest.create(PlainDigest.java:39)
	at org.seasar.directory.digest.PlainDigest.create(PlainDigest.java:39)
	at org.seasar.directory.digest.PlainDigest.create(PlainDigest.java:39)
	at org.seasar.directory.digest.PlainDigest.create(PlainDigest.java:39)
	at org.seasar.directory.digest.PlainDigest.create(PlainDigest.java:39)
	at org.seasar.directory.digest.PlainDigest.create(PlainDigest.java:39)
	at org.seasar.directory.digest.PlainDigest.create(PlainDigest.java:39)
	at org.seasar.directory.digest.PlainDigest.create(PlainDigest.java:39)
	at org.seasar.directory.digest.PlainDigest.create(PlainDigest.java:39)
	at org.seasar.directory.digest.PlainDigest.create(PlainDigest.java:39)
	at org.seasar.directory.digest.PlainDigest.create(PlainDigest.java:39)
	at org.seasar.directory.digest.PlainDigest.create(PlainDigest.java:39)
	at org.seasar.directory.digest.PlainDigest.create(PlainDigest.java:39)
	at org.seasar.directory.digest.PlainDigest.create(PlainDigest.java:39)
	at org.seasar.directory.digest.PlainDigest.create(PlainDigest.java:39)
	at org.seasar.directory.digest.PlainDigest.create(PlainDigest.java:39)
	at org.seasar.directory.digest.PlainDigest.create(PlainDigest.java:39)
	at org.seasar.directory.digest.PlainDigest.create(PlainDigest.java:39)
	at org.seasar.directory.digest.PlainDigest.create(PlainDigest.java:39)
	at org.seasar.directory.digest.PlainDigest.create(PlainDigest.java:39)
	at org.seasar.directory.digest.PlainDigest.create(PlainDigest.java:39)
	at org.seasar.directory.digest.PlainDigest.create(PlainDigest.java:39)
	at org.seasar.directory.digest.PlainDigest.create(PlainDigest.java:39)
	at org.seasar.directory.digest.PlainDigest.create(PlainDigest.java:39)
	at org.seasar.directory.digest.PlainDigest.create(PlainDigest.java:39)
	at org.seasar.directory.digest.PlainDigest.create(PlainDigest.java:39)
	at org.seasar.directory.digest.PlainDigest.create(PlainDigest.java:39)
	at org.seasar.directory.digest.PlainDigest.create(PlainDigest.java:39)
	at org.seasar.directory.digest.PlainDigest.create(PlainDigest.java:39)
	at org.seasar.directory.digest.PlainDigest.create(PlainDigest.java:39)
	at org.seasar.directory.digest.PlainDigest.create(PlainDigest.java:39)
	at org.seasar.directory.digest.PlainDigest.create(PlainDigest.java:39)
	at org.seasar.directory.digest.PlainDigest.create(PlainDigest.java:39)
	at org.seasar.directory.digest.PlainDigest.create(PlainDigest.java:39)
	at org.seasar.directory.digest.PlainDigest.create(PlainDigest.java:39)
	at org.seasar.directory.digest.PlainDigest.create(PlainDigest.java:39)
	at org.seasar.directory.digest.PlainDigest.create(PlainDigest.java:39)
	at org.seasar.directory.digest.PlainDigest.create(PlainDigest.java:39)
	at org.seasar.directory.digest.PlainDigest.create(PlainDigest.java:39)
	at org.seasar.directory.digest.PlainDigest.create(PlainDigest.java:39)
	at org.seasar.directory.digest.PlainDigest.create(PlainDigest.java:39)
	at org.seasar.directory.digest.PlainDigest.create(PlainDigest.java:39)
	at org.seasar.directory.digest.PlainDigest.create(PlainDigest.java:39)
	at org.seasar.directory.digest.PlainDigest.create(PlainDigest.java:39)
	at org.seasar.directory.digest.PlainDigest.create(PlainDigest.java:39)
	at org.seasar.directory.digest.PlainDigest.create(PlainDigest.java:39)
	at org.seasar.directory.digest.PlainDigest.create(PlainDigest.java:39)
	at org.seasar.directory.digest.PlainDigest.create(PlainDigest.java:39)
	at org.seasar.directory.digest.PlainDigest.create(PlainDigest.java:39)
	at org.seasar.directory.digest.PlainDigest.create(PlainDigest.java:39)
	at org.seasar.directory.digest.PlainDigest.create(PlainDigest.java:39)
	at org.seasar.directory.digest.PlainDigest.create(PlainDigest.java:39)
	at org.seasar.directory.digest.PlainDigest.create(PlainDigest.java:39)
	at org.seasar.directory.digest.PlainDigest.create(PlainDigest.java:39)
	at org.seasar.directory.digest.PlainDigest.create(PlainDigest.java:39)
	at org.seasar.directory.digest.PlainDigest.create(PlainDigest.java:39)
	at org.seasar.directory.digest.PlainDigest.create(PlainDigest.java:39)
	at org.seasar.directory.digest.PlainDigest.create(PlainDigest.java:39)
	at org.seasar.directory.digest.PlainDigest.create(PlainDigest.java:39)
	at org.seasar.directory.digest.PlainDigest.create(PlainDigest.java:39)
	at org.seasar.directory.digest.PlainDigest.create(PlainDigest.java:39)
	at org.seasar.directory.digest.PlainDigest.create(PlainDigest.java:39)
	at org.seasar.directory.digest.PlainDigest.create(PlainDigest.java:39)
	at org.seasar.directory.digest.PlainDigest.create(PlainDigest.java:39)
	at org.seasar.directory.digest.PlainDigest.create(PlainDigest.java:39)
	at org.seasar.directory.digest.PlainDigest.create(PlainDigest.java:39)
	at org.seasar.directory.digest.PlainDigest.create(PlainDigest.java:39)
	at org.seasar.directory.digest.PlainDigest.create(PlainDigest.java:39)
	at org.seasar.directory.digest.PlainDigest.create(PlainDigest.java:39)
	at org.seasar.directory.digest.PlainDigest.create(PlainDigest.java:39)
	at org.seasar.directory.digest.PlainDigest.create(PlainDigest.java:39)
	at org.seasar.directory.digest.PlainDigest.create(PlainDigest.java:39)
	at org.seasar.directory.digest.PlainDigest.create(PlainDigest.java:39)
	at org.seasar.directory.digest.PlainDigest.create(PlainDigest.java:39)
	at org.seasar.directory.digest.PlainDigest.create(PlainDigest.java:39)
	at org.seasar.directory.digest.PlainDigest.create(PlainDigest.java:39)
	at org.seasar.directory.digest.PlainDigest.create(PlainDigest.java:39)
	at org.seasar.directory.digest.PlainDigest.create(PlainDigest.java:39)
	at org.seasar.directory.digest.PlainDigest.create(PlainDigest.java:39)
	at org.seasar.directory.digest.PlainDigest.create(PlainDigest.java:39)
	at org.seasar.directory.digest.PlainDigest.create(PlainDigest.java:39)
	at org.seasar.directory.digest.PlainDigest.create(PlainDigest.java:39)
	at org.seasar.directory.digest.PlainDigest.create(PlainDigest.java:39)
	at org.seasar.directory.digest.PlainDigest.create(PlainDigest.java:39)
	at org.seasar.directory.digest.PlainDigest.create(PlainDigest.java:39)
	at org.seasar.directory.digest.PlainDigest.create(PlainDigest.java:39)
	at org.seasar.directory.digest.PlainDigest.create(PlainDigest.java:39)
	at org.seasar.directory.digest.PlainDigest.create(PlainDigest.java:39)
	at org.seasar.directory.digest.PlainDigest.create(PlainDigest.java:39)
	at org.seasar.directory.digest.PlainDigest.create(PlainDigest.java:39)
	at org.seasar.directory.digest.PlainDigest.create(PlainDigest.java:39)
	at org.seasar.directory.digest.PlainDigest.create(PlainDigest.java:39)
	at org.seasar.directory.digest.PlainDigest.create(PlainDigest.java:39)
	at org.seasar.directory.digest.PlainDigest.create(PlainDigest.java:39)
	at org.seasar.directory.digest.PlainDigest.create(PlainDigest.java:39)
	at org.seasar.directory.digest.PlainDigest.create(PlainDigest.java:39)
	at org.seasar.directory.digest.PlainDigest.create(PlainDigest.java:39)
	at org.seasar.directory.digest.PlainDigest.create(PlainDigest.java:39)
	at org.seasar.directory.digest.PlainDigest.create(PlainDigest.java:39)
	at org.seasar.directory.digest.PlainDigest.create(PlainDigest.java:39)
	at org.seasar.directory.digest.PlainDigest.create(PlainDigest.java:39)
	at org.seasar.directory.digest.PlainDigest.create(PlainDigest.java:39)
	at org.seasar.directory.digest.PlainDigest.create(PlainDigest.java:39)
	at org.seasar.directory.digest.PlainDigest.create(PlainDigest.java:39)
	at org.seasar.directory.digest.PlainDigest.create(PlainDigest.java:39)
	at org.seasar.directory.digest.PlainDigest.create(PlainDigest.java:39)
	at org.seasar.directory.digest.PlainDigest.create(PlainDigest.java:39)
	at org.seasar.directory.digest.PlainDigest.create(PlainDigest.java:39)
	at org.seasar.directory.digest.PlainDigest.create(PlainDigest.java:39)
	at org.seasar.directory.digest.PlainDigest.create(PlainDigest.java:39)
	at org.seasar.directory.digest.PlainDigest.create(PlainDigest.java:39)
	at org.seasar.directory.digest.PlainDigest.create(PlainDigest.java:39)
	at org.seasar.directory.digest.PlainDigest.create(PlainDigest.java:39)
	at org.seasar.directory.digest.PlainDigest.create(PlainDigest.java:39)
	at org.seasar.directory.digest.PlainDigest.create(PlainDigest.java:39)
	at org.seasar.directory.digest.PlainDigest.create(PlainDigest.java:39)
	at org.seasar.directory.digest.PlainDigest.create(PlainDigest.java:39)
	at org.seasar.directory.digest.PlainDigest.create(PlainDigest.java:39)
	at org.seasar.directory.digest.PlainDigest.create(PlainDigest.java:39)
	at org.seasar.directory.digest.PlainDigest.create(PlainDigest.java:39)
	at org.seasar.directory.digest.PlainDigest.create(PlainDigest.java:39)
	at org.seasar.directory.digest.PlainDigest.create(PlainDigest.java:39)
	at org.seasar.directory.digest.PlainDigest.create(PlainDigest.java:39)
	at org.seasar.directory.digest.PlainDigest.create(PlainDigest.java:39)
	at org.seasar.directory.digest.PlainDigest.create(PlainDigest.java:39)
	at org.seasar.directory.digest.PlainDigest.create(PlainDigest.java:39)
	at org.seasar.directory.digest.PlainDigest.create(PlainDigest.java:39)
	at org.seasar.directory.digest.PlainDigest.create(PlainDigest.java:39)
	at org.seasar.directory.digest.PlainDigest.create(PlainDigest.java:39)
	at org.seasar.directory.digest.PlainDigest.create(PlainDigest.java:39)
	at org.seasar.directory.digest.PlainDigest.create(PlainDigest.java:39)
	at org.seasar.directory.digest.PlainDigest.create(PlainDigest.java:39)
	at org.seasar.directory.digest.PlainDigest.create(PlainDigest.java:39)
	at org.seasar.directory.digest.PlainDigest.create(PlainDigest.java:39)
	at org.seasar.directory.digest.PlainDigest.create(PlainDigest.java:39)
	at org.seasar.directory.digest.PlainDigest.create(PlainDigest.java:39)
	at org.seasar.directory.digest.PlainDigest.create(PlainDigest.java:39)
	at org.seasar.directory.digest.PlainDigest.create(PlainDigest.java:39)
	at org.seasar.directory.digest.PlainDigest.create(PlainDigest.java:39)
	at org.seasar.directory.digest.PlainDigest.create(PlainDigest.java:39)
	at org.seasar.directory.digest.PlainDigest.create(PlainDigest.java:39)
	at org.seasar.directory.digest.PlainDigest.create(PlainDigest.java:39)
	at org.seasar.directory.digest.PlainDigest.create(PlainDigest.java:39)
	at org.seasar.directory.digest.PlainDigest.create(PlainDigest.java:39)
	at org.seasar.directory.digest.PlainDigest.create(PlainDigest.java:39)
	at org.seasar.directory.digest.PlainDigest.create(PlainDigest.java:39)
	at org.seasar.directory.digest.PlainDigest.create(PlainDigest.java:39)
	at org.seasar.directory.digest.PlainDigest.create(PlainDigest.java:39)
	at org.seasar.directory.digest.PlainDigest.create(PlainDigest.java:39)
	at org.seasar.directory.digest.PlainDigest.create(PlainDigest.java:39)
	at org.seasar.directory.digest.PlainDigest.create(PlainDigest.java:39)
	at org.seasar.directory.digest.PlainDigest.create(PlainDigest.java:39)
	at org.seasar.directory.digest.PlainDigest.create(PlainDigest.java:39)
	at org.seasar.directory.digest.PlainDigest.create(PlainDigest.java:39)
	at org.seasar.directory.digest.PlainDigest.create(PlainDigest.java:39)
	at org.seasar.directory.digest.PlainDigest.create(PlainDigest.java:39)
	at org.seasar.directory.digest.PlainDigest.create(PlainDigest.java:39)
	at org.seasar.directory.digest.PlainDigest.create(PlainDigest.java:39)
	at org.seasar.directory.digest.PlainDigest.create(PlainDigest.java:39)
	at org.seasar.directory.digest.PlainDigest.create(PlainDigest.java:39)
	at org.seasar.directory.digest.PlainDigest.create(PlainDigest.java:39)
	at org.seasar.directory.digest.PlainDigest.create(PlainDigest.java:39)
	at org.seasar.directory.digest.PlainDigest.create(PlainDigest.java:39)
	at org.seasar.directory.digest.PlainDigest.create(PlainDigest.java:39)
	at org.seasar.directory.digest.PlainDigest.create(PlainDigest.java:39)
	at org.seasar.directory.digest.PlainDigest.create(PlainDigest.java:39)
	at org.seasar.directory.digest.PlainDigest.create(PlainDigest.java:39)
	at org.seasar.directory.digest.PlainDigest.create(PlainDigest.java:39)
	at org.seasar.directory.digest.PlainDigest.create(PlainDigest.java:39)
	at org.seasar.directory.digest.PlainDigest.create(PlainDigest.java:39)
	at org.seasar.directory.digest.PlainDigest.create(PlainDigest.java:39)
	at org.seasar.directory.digest.PlainDigest.create(PlainDigest.java:39)
	at org.seasar.directory.digest.PlainDigest.create(PlainDigest.java:39)
	at org.seasar.directory.digest.PlainDigest.create(PlainDigest.java:39)
	at org.seasar.directory.digest.PlainDigest.create(PlainDigest.java:39)
	at org.seasar.directory.digest.PlainDigest.create(PlainDigest.java:39)
	at org.seasar.directory.digest.PlainDigest.create(PlainDigest.java:39)
	at org.seasar.directory.digest.PlainDigest.create(PlainDigest.java:39)
	at org.seasar.directory.digest.PlainDigest.create(PlainDigest.java:39)
	at org.seasar.directory.digest.PlainDigest.create(PlainDigest.java:39)
	at org.seasar.directory.digest.PlainDigest.create(PlainDigest.java:39)
	at org.seasar.directory.digest.PlainDigest.create(PlainDigest.java:39)
	at org.seasar.directory.digest.PlainDigest.create(PlainDigest.java:39)
	at org.seasar.directory.digest.PlainDigest.create(PlainDigest.java:39)
	at org.seasar.directory.digest.PlainDigest.create(PlainDigest.java:39)
	at org.seasar.directory.digest.PlainDigest.create(PlainDigest.java:39)
	at org.seasar.directory.digest.PlainDigest.create(PlainDigest.java:39)
	at org.seasar.directory.digest.PlainDigest.create(PlainDigest.java:39)
	at org.seasar.directory.digest.PlainDigest.create(PlainDigest.java:39)
	at org.seasar.directory.digest.PlainDigest.create(PlainDigest.java:39)
	at org.seasar.directory.digest.PlainDigest.create(PlainDigest.java:39)
	at org.seasar.directory.digest.PlainDigest.create(PlainDigest.java:39)
	at org.seasar.directory.digest.PlainDigest.create(PlainDigest.java:39)
	at org.seasar.directory.digest.PlainDigest.create(PlainDigest.java:39)
	at org.seasar.directory.digest.PlainDigest.create(PlainDigest.java:39)
	at org.seasar.directory.digest.PlainDigest.create(PlainDigest.java:39)
	at org.seasar.directory.digest.PlainDigest.create(PlainDigest.java:39)
	at org.seasar.directory.digest.PlainDigest.create(PlainDigest.java:39)
	at org.seasar.directory.digest.PlainDigest.create(PlainDigest.java:39)
	at org.seasar.directory.digest.PlainDigest.create(PlainDigest.java:39)
	at org.seasar.directory.digest.PlainDigest.create(PlainDigest.java:39)
	at org.seasar.directory.digest.PlainDigest.create(PlainDigest.java:39)
	at org.seasar.directory.digest.PlainDigest.create(PlainDigest.java:39)
	at org.seasar.directory.digest.PlainDigest.create(PlainDigest.java:39)
	at org.seasar.directory.digest.PlainDigest.create(PlainDigest.java:39)
	at org.seasar.directory.digest.PlainDigest.create(PlainDigest.java:39)
	at org.seasar.directory.digest.PlainDigest.create(PlainDigest.java:39)
	at org.seasar.directory.digest.PlainDigest.create(PlainDigest.java:39)
	at org.seasar.directory.digest.PlainDigest.create(PlainDigest.java:39)
	at org.seasar.directory.digest.PlainDigest.create(PlainDigest.java:39)
	at org.seasar.directory.digest.PlainDigest.create(PlainDigest.java:39)
	at org.seasar.directory.digest.PlainDigest.create(PlainDigest.java:39)
	at org.seasar.directory.digest.PlainDigest.create(PlainDigest.java:39)
	at org.seasar.directory.digest.PlainDigest.create(PlainDigest.java:39)
	at org.seasar.directory.digest.PlainDigest.create(PlainDigest.java:39)
	at org.seasar.directory.digest.PlainDigest.create(PlainDigest.java:39)
	at org.seasar.directory.digest.PlainDigest.create(PlainDigest.java:39)
	at org.seasar.directory.digest.PlainDigest.create(PlainDigest.java:39)
	at org.seasar.directory.digest.PlainDigest.create(PlainDigest.java:39)
	at org.seasar.directory.digest.PlainDigest.create(PlainDigest.java:39)
	at org.seasar.directory.digest.PlainDigest.create(PlainDigest.java:39)
	at org.seasar.directory.digest.PlainDigest.create(PlainDigest.java:39)
	at org.seasar.directory.digest.PlainDigest.create(PlainDigest.java:39)
	at org.seasar.directory.digest.PlainDigest.create(PlainDigest.java:39)
	at org.seasar.directory.digest.PlainDigest.create(PlainDigest.java:39)
	at org.seasar.directory.digest.PlainDigest.create(PlainDigest.java:39)
	at org.seasar.directory.digest.PlainDigest.create(PlainDigest.java:39)
	at org.seasar.directory.digest.PlainDigest.create(PlainDigest.java:39)
	at org.seasar.directory.digest.PlainDigest.create(PlainDigest.java:39)
	at org.seasar.directory.digest.PlainDigest.create(PlainDigest.java:39)
	at org.seasar.directory.digest.PlainDigest.create(PlainDigest.java:39)
	at org.seasar.directory.digest.PlainDigest.create(PlainDigest.java:39)
	at org.seasar.directory.digest.PlainDigest.create(PlainDigest.java:39)
	at org.seasar.directory.digest.PlainDigest.create(PlainDigest.java:39)
	at org.seasar.directory.digest.PlainDigest.create(PlainDigest.java:39)
	at org.seasar.directory.digest.PlainDigest.create(PlainDigest.java:39)
	at org.seasar.directory.digest.PlainDigest.create(PlainDigest.java:39)
	at org.seasar.directory.digest.PlainDigest.create(PlainDigest.java:39)
	at org.seasar.directory.digest.PlainDigest.create(PlainDigest.java:39)
	at org.seasar.directory.digest.PlainDigest.create(PlainDigest.java:39)
	at org.seasar.directory.digest.PlainDigest.create(PlainDigest.java:39)
	at org.seasar.directory.digest.PlainDigest.create(PlainDigest.java:39)
	at org.seasar.directory.digest.PlainDigest.create(PlainDigest.java:39)
	at org.seasar.directory.digest.PlainDigest.create(PlainDigest.java:39)
	at org.seasar.directory.digest.PlainDigest.create(PlainDigest.java:39)
	at org.seasar.directory.digest.PlainDigest.create(PlainDigest.java:39)
	at org.seasar.directory.digest.PlainDigest.create(PlainDigest.java:39)
	at org.seasar.directory.digest.PlainDigest.create(PlainDigest.java:39)
	at org.seasar.directory.digest.PlainDigest.create(PlainDigest.java:39)
	at org.seasar.directory.digest.PlainDigest.create(PlainDigest.java:39)
	at org.seasar.directory.digest.PlainDigest.create(PlainDigest.java:39)
	at org.seasar.directory.digest.PlainDigest.create(PlainDigest.java:39)
	at org.seasar.directory.digest.PlainDigest.create(PlainDigest.java:39)
	at org.seasar.directory.digest.PlainDigest.create(PlainDigest.java:39)
	at org.seasar.directory.digest.PlainDigest.create(PlainDigest.java:39)
	at org.seasar.directory.digest.PlainDigest.create(PlainDigest.java:39)
	at org.seasar.directory.digest.PlainDigest.create(PlainDigest.java:39)
	at org.seasar.directory.digest.PlainDigest.create(PlainDigest.java:39)
	at org.seasar.directory.digest.PlainDigest.create(PlainDigest.java:39)
	at org.seasar.directory.digest.PlainDigest.create(PlainDigest.java:39)
	at org.seasar.directory.digest.PlainDigest.create(PlainDigest.java:39)
	at org.seasar.directory.digest.PlainDigest.create(PlainDigest.java:39)
	at org.seasar.directory.digest.PlainDigest.create(PlainDigest.java:39)
	at org.seasar.directory.digest.PlainDigest.create(PlainDigest.java:39)
	at org.seasar.directory.digest.PlainDigest.create(PlainDigest.java:39)
	at org.seasar.directory.digest.PlainDigest.create(PlainDigest.java:39)
	at org.seasar.directory.digest.PlainDigest.create(PlainDigest.java:39)
	at org.seasar.directory.digest.PlainDigest.create(PlainDigest.java:39)
	at org.seasar.directory.digest.PlainDigest.create(PlainDigest.java:39)
	at org.seasar.directory.digest.PlainDigest.create(PlainDigest.java:39)
	at org.seasar.directory.digest.PlainDigest.create(PlainDigest.java:39)
	at org.seasar.directory.digest.PlainDigest.create(PlainDigest.java:39)
	at org.seasar.directory.digest.PlainDigest.create(PlainDigest.java:39)
	at org.seasar.directory.digest.PlainDigest.create(PlainDigest.java:39)
	at org.seasar.directory.digest.PlainDigest.create(PlainDigest.java:39)
	at org.seasar.directory.digest.PlainDigest.create(PlainDigest.java:39)
	at org.seasar.directory.digest.PlainDigest.create(PlainDigest.java:39)
	at org.seasar.directory.digest.PlainDigest.create(PlainDigest.java:39)
	at org.seasar.directory.digest.PlainDigest.create(PlainDigest.java:39)
	at org.seasar.directory.digest.PlainDigest.create(PlainDigest.java:39)
	at org.seasar.directory.digest.PlainDigest.create(PlainDigest.java:39)
	at org.seasar.directory.digest.PlainDigest.create(PlainDigest.java:39)
	at org.seasar.directory.digest.PlainDigest.create(PlainDigest.java:39)
	at org.seasar.directory.digest.PlainDigest.create(PlainDigest.java:39)
	at org.seasar.directory.digest.PlainDigest.create(PlainDigest.java:39)
	at org.seasar.directory.digest.PlainDigest.create(PlainDigest.java:39)
	at org.seasar.directory.digest.PlainDigest.create(PlainDigest.java:39)
	at org.seasar.directory.digest.PlainDigest.create(PlainDigest.java:39)
	at org.seasar.directory.digest.PlainDigest.create(PlainDigest.java:39)
	at org.seasar.directory.digest.PlainDigest.create(PlainDigest.java:39)
	at org.seasar.directory.digest.PlainDigest.create(PlainDigest.java:39)
	at org.seasar.directory.digest.PlainDigest.create(PlainDigest.java:39)
	at org.seasar.directory.digest.PlainDigest.create(PlainDigest.java:39)
	at org.seasar.directory.digest.PlainDigest.create(PlainDigest.java:39)
	at org.seasar.directory.digest.PlainDigest.create(PlainDigest.java:39)
	at org.seasar.directory.digest.PlainDigest.create(PlainDigest.java:39)
	at org.seasar.directory.digest.PlainDigest.create(PlainDigest.java:39)
	at org.seasar.directory.digest.PlainDigest.create(PlainDigest.java:39)
	at org.seasar.directory.digest.PlainDigest.create(PlainDigest.java:39)
	at org.seasar.directory.digest.PlainDigest.create(PlainDigest.java:39)
	at org.seasar.directory.digest.PlainDigest.create(PlainDigest.java:39)
	at org.seasar.directory.digest.PlainDigest.create(PlainDigest.java:39)
	at org.seasar.directory.digest.PlainDigest.create(PlainDigest.java:39)
	at org.seasar.directory.digest.PlainDigest.create(PlainDigest.java:39)
	at org.seasar.directory.digest.PlainDigest.create(PlainDigest.java:39)
	at org.seasar.directory.digest.PlainDigest.create(PlainDigest.java:39)
	at org.seasar.directory.digest.PlainDigest.create(PlainDigest.java:39)
	at org.seasar.directory.digest.PlainDigest.create(PlainDigest.java:39)
	at org.seasar.directory.digest.PlainDigest.create(PlainDigest.java:39)
	at org.seasar.directory.digest.PlainDigest.create(PlainDigest.java:39)
	at org.seasar.directory.digest.PlainDigest.create(PlainDigest.java:39)
	at org.seasar.directory.digest.PlainDigest.create(PlainDigest.java:39)
	at org.seasar.directory.digest.PlainDigest.create(PlainDigest.java:39)
	at org.seasar.directory.digest.PlainDigest.create(PlainDigest.java:39)
	at org.seasar.directory.digest.PlainDigest.create(PlainDigest.java:39)
	at org.seasar.directory.digest.PlainDigest.create(PlainDigest.java:39)
	at org.seasar.directory.digest.PlainDigest.create(PlainDigest.java:39)
	at org.seasar.directory.digest.PlainDigest.create(PlainDigest.java:39)
	at org.seasar.directory.digest.PlainDigest.create(PlainDigest.java:39)
	at org.seasar.directory.digest.PlainDigest.create(PlainDigest.java:39)
	at org.seasar.directory.digest.PlainDigest.create(PlainDigest.java:39)
	at org.seasar.directory.digest.PlainDigest.create(PlainDigest.java:39)
	at org.seasar.directory.digest.PlainDigest.create(PlainDigest.java:39)
	at org.seasar.directory.digest.PlainDigest.create(PlainDigest.java:39)
	at org.seasar.directory.digest.PlainDigest.create(PlainDigest.java:39)
	at org.seasar.directory.digest.PlainDigest.create(PlainDigest.java:39)
	at org.seasar.directory.digest.PlainDigest.create(PlainDigest.java:39)
	at org.seasar.directory.digest.PlainDigest.create(PlainDigest.java:39)
	at org.seasar.directory.digest.PlainDigest.create(PlainDigest.java:39)
	at org.seasar.directory.digest.PlainDigest.create(PlainDigest.java:39)
	at org.seasar.directory.digest.PlainDigest.create(PlainDigest.java:39)
	at org.seasar.directory.digest.PlainDigest.create(PlainDigest.java:39)
	at org.seasar.directory.digest.PlainDigest.create(PlainDigest.java:39)
	at org.seasar.directory.digest.PlainDigest.create(PlainDigest.java:39)
	at org.seasar.directory.digest.PlainDigest.create(PlainDigest.java:39)
	at org.seasar.directory.digest.PlainDigest.create(PlainDigest.java:39)
	at org.seasar.directory.digest.PlainDigest.create(PlainDigest.java:39)
	at org.seasar.directory.digest.PlainDigest.create(PlainDigest.java:39)
	at org.seasar.directory.digest.PlainDigest.create(PlainDigest.java:39)
	at org.seasar.directory.digest.PlainDigest.create(PlainDigest.java:39)
	at org.seasar.directory.digest.PlainDigest.create(PlainDigest.java:39)
	at org.seasar.directory.digest.PlainDigest.create(PlainDigest.java:39)
	at org.seasar.directory.digest.PlainDigest.create(PlainDigest.java:39)
	at org.seasar.directory.digest.PlainDigest.create(PlainDigest.java:39)
	at org.seasar.directory.digest.PlainDigest.create(PlainDigest.java:39)
	at org.seasar.directory.digest.PlainDigest.create(PlainDigest.java:39)
	at org.seasar.directory.digest.PlainDigest.create(PlainDigest.java:39)
	at org.seasar.directory.digest.PlainDigest.create(PlainDigest.java:39)
	at org.seasar.directory.digest.PlainDigest.create(PlainDigest.java:39)
	at org.seasar.directory.digest.PlainDigest.create(PlainDigest.java:39)
	at org.seasar.directory.digest.PlainDigest.create(PlainDigest.java:39)
	at org.seasar.directory.digest.PlainDigest.create(PlainDigest.java:39)
	at org.seasar.directory.digest.PlainDigest.create(PlainDigest.java:39)
	at org.seasar.directory.digest.PlainDigest.create(PlainDigest.java:39)
	at org.seasar.directory.digest.PlainDigest.create(PlainDigest.java:39)
	at org.seasar.directory.digest.PlainDigest.create(PlainDigest.java:39)
	at org.seasar.directory.digest.PlainDigest.create(PlainDigest.java:39)
	at org.seasar.directory.digest.PlainDigest.create(PlainDigest.java:39)
	at org.seasar.directory.digest.PlainDigest.create(PlainDigest.java:39)
	at org.seasar.directory.digest.PlainDigest.create(PlainDigest.java:39)
	at org.seasar.directory.digest.PlainDigest.create(PlainDigest.java:39)
	at org.seasar.directory.digest.PlainDigest.create(PlainDigest.java:39)
	at org.seasar.directory.digest.PlainDigest.create(PlainDigest.java:39)
	at org.seasar.directory.digest.PlainDigest.create(PlainDigest.java:39)
	at org.seasar.directory.digest.PlainDigest.create(PlainDigest.java:39)
	at org.seasar.directory.digest.PlainDigest.create(PlainDigest.java:39)
	at org.seasar.directory.digest.PlainDigest.create(PlainDigest.java:39)
	at org.seasar.directory.digest.PlainDigest.create(PlainDigest.java:39)
	at org.seasar.directory.digest.PlainDigest.create(PlainDigest.java:39)
	at org.seasar.directory.digest.PlainDigest.create(PlainDigest.java:39)
	at org.seasar.directory.digest.PlainDigest.create(PlainDigest.java:39)
	at org.seasar.directory.digest.PlainDigest.create(PlainDigest.java:39)
	at org.seasar.directory.digest.PlainDigest.create(PlainDigest.java:39)
	at org.seasar.directory.digest.PlainDigest.create(PlainDigest.java:39)
	at org.seasar.directory.digest.PlainDigest.create(PlainDigest.java:39)
	at org.seasar.directory.digest.PlainDigest.create(PlainDigest.java:39)
	at org.seasar.directory.digest.PlainDigest.create(PlainDigest.java:39)
	at org.seasar.directory.digest.PlainDigest.create(PlainDigest.java:39)
	at org.seasar.directory.digest.PlainDigest.create(PlainDigest.java:39)
	at org.seasar.directory.digest.PlainDigest.create(PlainDigest.java:39)
	at org.seasar.directory.digest.PlainDigest.create(PlainDigest.java:39)
	at org.seasar.directory.digest.PlainDigest.create(PlainDigest.java:39)
	at org.seasar.directory.digest.PlainDigest.create(PlainDigest.java:39)
	at org.seasar.directory.digest.PlainDigest.create(PlainDigest.java:39)
	at org.seasar.directory.digest.PlainDigest.create(PlainDigest.java:39)
	at org.seasar.directory.digest.PlainDigest.create(PlainDigest.java:39)
	at org.seasar.directory.digest.PlainDigest.create(PlainDigest.java:39)
	at org.seasar.directory.digest.PlainDigest.create(PlainDigest.java:39)
	at org.seasar.directory.digest.PlainDigest.create(PlainDigest.java:39)
	at org.seasar.directory.digest.PlainDigest.create(PlainDigest.java:39)
	at org.seasar.directory.digest.PlainDigest.create(PlainDigest.java:39)
	at org.seasar.directory.digest.PlainDigest.create(PlainDigest.java:39)
	at org.seasar.directory.digest.PlainDigest.create(PlainDigest.java:39)
	at org.seasar.directory.digest.PlainDigest.create(PlainDigest.java:39)
	at org.seasar.directory.digest.PlainDigest.create(PlainDigest.java:39)
	at org.seasar.directory.digest.PlainDigest.create(PlainDigest.java:39)
	at org.seasar.directory.digest.PlainDigest.create(PlainDigest.java:39)
	at org.seasar.directory.digest.PlainDigest.create(PlainDigest.java:39)
	at org.seasar.directory.digest.PlainDigest.create(PlainDigest.java:39)
	at org.seasar.directory.digest.PlainDigest.create(PlainDigest.java:39)
	at org.seasar.directory.digest.PlainDigest.create(PlainDigest.java:39)
	at org.seasar.directory.digest.PlainDigest.create(PlainDigest.java:39)
	at org.seasar.directory.digest.PlainDigest.create(PlainDigest.java:39)
	at org.seasar.directory.digest.PlainDigest.create(PlainDigest.java:39)
	at org.seasar.directory.digest.PlainDigest.create(PlainDigest.java:39)
	at org.seasar.directory.digest.PlainDigest.create(PlainDigest.java:39)
	at org.seasar.directory.digest.PlainDigest.create(PlainDigest.java:39)
	at org.seasar.directory.digest.PlainDigest.create(PlainDigest.java:39)
	at org.seasar.directory.digest.PlainDigest.create(PlainDigest.java:39)
	at org.seasar.directory.digest.PlainDigest.create(PlainDigest.java:39)
	at org.seasar.directory.digest.PlainDigest.create(PlainDigest.java:39)
	at org.seasar.directory.digest.PlainDigest.create(PlainDigest.java:39)
	at org.seasar.directory.digest.PlainDigest.create(PlainDigest.java:39)
	at org.seasar.directory.digest.PlainDigest.create(PlainDigest.java:39)
	at org.seasar.directory.digest.PlainDigest.create(PlainDigest.java:39)
	at org.seasar.directory.digest.PlainDigest.create(PlainDigest.java:39)
	at org.seasar.directory.digest.PlainDigest.create(PlainDigest.java:39)
	at org.seasar.directory.digest.PlainDigest.create(PlainDigest.java:39)
	at org.seasar.directory.digest.PlainDigest.create(PlainDigest.java:39)
	at org.seasar.directory.digest.PlainDigest.create(PlainDigest.java:39)
	at org.seasar.directory.digest.PlainDigest.create(PlainDigest.java:39)
	at org.seasar.directory.digest.PlainDigest.create(PlainDigest.java:39)
	at org.seasar.directory.digest.PlainDigest.create(PlainDigest.java:39)
	at org.seasar.directory.digest.PlainDigest.create(PlainDigest.java:39)
	at org.seasar.directory.digest.PlainDigest.create(PlainDigest.java:39)
	at org.seasar.directory.digest.PlainDigest.create(PlainDigest.java:39)
	at org.seasar.directory.digest.PlainDigest.create(PlainDigest.java:39)
	at org.seasar.directory.digest.PlainDigest.create(PlainDigest.java:39)
	at org.seasar.directory.digest.PlainDigest.create(PlainDigest.java:39)
	at org.seasar.directory.digest.PlainDigest.create(PlainDigest.java:39)
	at org.seasar.directory.digest.PlainDigest.create(PlainDigest.java:39)
	at org.seasar.directory.digest.PlainDigest.create(PlainDigest.java:39)
	at org.seasar.directory.digest.PlainDigest.create(PlainDigest.java:39)
	at org.seasar.directory.digest.PlainDigest.create(PlainDigest.java:39)
	at org.seasar.directory.digest.PlainDigest.create(PlainDigest.java:39)
	at org.seasar.directory.digest.PlainDigest.create(PlainDigest.java:39)
	at org.seasar.directory.digest.PlainDigest.create(PlainDigest.java:39)
	at org.seasar.directory.digest.PlainDigest.create(PlainDigest.java:39)
	at org.seasar.directory.digest.PlainDigest.create(PlainDigest.java:39)
	at org.seasar.directory.digest.PlainDigest.create(PlainDigest.java:39)
	at org.seasar.directory.digest.PlainDigest.create(PlainDigest.java:39)
	at org.seasar.directory.digest.PlainDigest.create(PlainDigest.java:39)
	at org.seasar.directory.digest.PlainDigest.create(PlainDigest.java:39)
	at org.seasar.directory.digest.PlainDigest.create(PlainDigest.java:39)
	at org.seasar.directory.digest.PlainDigest.create(PlainDigest.java:39)
	at org.seasar.directory.digest.PlainDigest.create(PlainDigest.java:39)
	at org.seasar.directory.digest.PlainDigest.create(PlainDigest.java:39)
	at org.seasar.directory.digest.PlainDigest.create(PlainDigest.java:39)
	at org.seasar.directory.digest.PlainDigest.create(PlainDigest.java:39)
	at org.seasar.directory.digest.PlainDigest.create(PlainDigest.java:39)
	at org.seasar.directory.digest.PlainDigest.create(PlainDigest.java:39)
	at org.seasar.directory.digest.PlainDigest.create(PlainDigest.java:39)
	at org.seasar.directory.digest.PlainDigest.create(PlainDigest.java:39)
	at org.seasar.directory.digest.PlainDigest.create(PlainDigest.java:39)
	at org.seasar.directory.digest.PlainDigest.create(PlainDigest.java:39)
	at org.seasar.directory.digest.PlainDigest.create(PlainDigest.java:39)
	at org.seasar.directory.digest.PlainDigest.create(PlainDigest.java:39)
	at org.seasar.directory.digest.PlainDigest.create(PlainDigest.java:39)
	at org.seasar.directory.digest.PlainDigest.create(PlainDigest.java:39)
	at org.seasar.directory.digest.PlainDigest.create(PlainDigest.java:39)
	at org.seasar.directory.digest.PlainDigest.create(PlainDigest.java:39)
	at org.seasar.directory.digest.PlainDigest.create(PlainDigest.java:39)
	at org.seasar.directory.digest.PlainDigest.create(PlainDigest.java:39)
	at org.seasar.directory.digest.PlainDigest.create(PlainDigest.java:39)
	at org.seasar.directory.digest.PlainDigest.create(PlainDigest.java:39)
	at org.seasar.directory.digest.PlainDigest.create(PlainDigest.java:39)
	at org.seasar.directory.digest.PlainDigest.create(PlainDigest.java:39)
	at org.seasar.directory.digest.PlainDigest.create(PlainDigest.java:39)
	at org.seasar.directory.digest.PlainDigest.create(PlainDigest.java:39)
	at org.seasar.directory.digest.PlainDigest.create(PlainDigest.java:39)
	at org.seasar.directory.digest.PlainDigest.create(PlainDigest.java:39)
	at org.seasar.directory.digest.PlainDigest.create(PlainDigest.java:39)
	at org.seasar.directory.digest.PlainDigest.create(PlainDigest.java:39)
	at org.seasar.directory.digest.PlainDigest.create(PlainDigest.java:39)
	at org.seasar.directory.digest.PlainDigest.create(PlainDigest.java:39)
	at org.seasar.directory.digest.PlainDigest.create(PlainDigest.java:39)
	at org.seasar.directory.digest.PlainDigest.create(PlainDigest.java:39)
	at org.seasar.directory.digest.PlainDigest.create(PlainDigest.java:39)
	at org.seasar.directory.digest.PlainDigest.create(PlainDigest.java:39)
	at org.seasar.directory.digest.PlainDigest.create(PlainDigest.java:39)
	at org.seasar.directory.digest.PlainDigest.create(PlainDigest.java:39)
	at org.seasar.directory.digest.PlainDigest.create(PlainDigest.java:39)
	at org.seasar.directory.digest.PlainDigest.create(PlainDigest.java:39)
	at org.seasar.directory.digest.PlainDigest.create(PlainDigest.java:39)
	at org.seasar.directory.digest.PlainDigest.create(PlainDigest.java:39)
	at org.seasar.directory.digest.PlainDigest.create(PlainDigest.java:39)
	at org.seasar.directory.digest.PlainDigest.create(PlainDigest.java:39)
	at org.seasar.directory.digest.PlainDigest.create(PlainDigest.java:39)
	at org.seasar.directory.digest.PlainDigest.create(PlainDigest.java:39)
	at org.seasar.directory.digest.PlainDigest.create(PlainDigest.java:39)
	at org.seasar.directory.digest.PlainDigest.create(PlainDigest.java:39)
	at org.seasar.directory.digest.PlainDigest.create(PlainDigest.java:39)
	at org.seasar.directory.digest.PlainDigest.create(PlainDigest.java:39)
	at org.seasar.directory.digest.PlainDigest.create(PlainDigest.java:39)
	at org.seasar.directory.digest.PlainDigest.create(PlainDigest.java:39)
	at org.seasar.directory.digest.PlainDigest.create(PlainDigest.java:39)
	at org.seasar.directory.digest.PlainDigest.create(PlainDigest.java:39)
	at org.seasar.directory.digest.PlainDigest.create(PlainDigest.java:39)
	at org.seasar.directory.digest.PlainDigest.create(PlainDigest.java:39)
	at org.seasar.directory.digest.PlainDigest.create(PlainDigest.java:39)
	at org.seasar.directory.digest.PlainDigest.create(PlainDigest.java:39)
	at org.seasar.directory.digest.PlainDigest.create(PlainDigest.java:39)
	at org.seasar.directory.digest.PlainDigest.create(PlainDigest.java:39)
	at org.seasar.directory.digest.PlainDigest.create(PlainDigest.java:39)
	at org.seasar.directory.digest.PlainDigest.create(PlainDigest.java:39)
	at org.seasar.directory.digest.PlainDigest.create(PlainDigest.java:39)
	at org.seasar.directory.digest.PlainDigest.create(PlainDigest.java:39)
	at org.seasar.directory.digest.PlainDigest.create(PlainDigest.java:39)
	at org.seasar.directory.digest.PlainDigest.create(PlainDigest.java:39)
	at org.seasar.directory.digest.PlainDigest.create(PlainDigest.java:39)
	at org.seasar.directory.digest.PlainDigest.create(PlainDigest.java:39)
	at org.seasar.directory.digest.PlainDigest.create(PlainDigest.java:39)
	at org.seasar.directory.digest.PlainDigest.create(PlainDigest.java:39)
	at org.seasar.directory.digest.PlainDigest.create(PlainDigest.java:39)
	at org.seasar.directory.digest.PlainDigest.create(PlainDigest.java:39)
	at org.seasar.directory.digest.PlainDigest.create(PlainDigest.java:39)
	at org.seasar.directory.digest.PlainDigest.create(PlainDigest.java:39)
	at org.seasar.directory.digest.PlainDigest.create(PlainDigest.java:39)
	at org.seasar.directory.digest.PlainDigest.create(PlainDigest.java:39)
	at org.seasar.directory.digest.PlainDigest.create(PlainDigest.java:39)
	at org.seasar.directory.digest.PlainDigest.create(PlainDigest.java:39)
	at org.seasar.directory.digest.PlainDigest.create(PlainDigest.java:39)
	at org.seasar.directory.digest.PlainDigest.create(PlainDigest.java:39)
	at org.seasar.directory.digest.PlainDigest.create(PlainDigest.java:39)
	at org.seasar.directory.digest.PlainDigest.create(PlainDigest.java:39)
	at org.seasar.directory.digest.PlainDigest.create(PlainDigest.java:39)
	at org.seasar.directory.digest.PlainDigest.create(PlainDigest.java:39)
	at org.seasar.directory.digest.PlainDigest.create(PlainDigest.java:39)
	at org.seasar.directory.digest.PlainDigest.create(PlainDigest.java:39)
	at org.seasar.directory.digest.PlainDigest.create(PlainDigest.java:39)
	at org.seasar.directory.digest.PlainDigest.create(PlainDigest.java:39)
	at org.seasar.directory.digest.PlainDigest.create(PlainDigest.java:39)
	at org.seasar.directory.digest.PlainDigest.create(PlainDigest.java:39)
	at org.seasar.directory.digest.PlainDigest.create(PlainDigest.java:39)
	at org.seasar.directory.digest.PlainDigest.create(PlainDigest.java:39)
	at org.seasar.directory.digest.PlainDigest.create(PlainDigest.java:39)
	at org.seasar.directory.digest.PlainDigest.create(PlainDigest.java:39)
	at org.seasar.directory.digest.PlainDigest.create(PlainDigest.java:39)
	at org.seasar.directory.digest.PlainDigest.create(PlainDigest.java:39)
	at org.seasar.directory.digest.PlainDigest.create(PlainDigest.java:39)
	at org.seasar.directory.digest.PlainDigest.create(PlainDigest.java:39)
	at org.seasar.directory.digest.PlainDigest.create(PlainDigest.java:39)
	at org.seasar.directory.digest.PlainDigest.create(PlainDigest.java:39)
	at org.seasar.directory.digest.PlainDigest.create(PlainDigest.java:39)
	at org.seasar.directory.digest.PlainDigest.create(PlainDigest.java:39)
	at org.seasar.directory.digest.PlainDigest.create(PlainDigest.java:39)
	at org.seasar.directory.digest.PlainDigest.create(PlainDigest.java:39)
	at org.seasar.directory.digest.PlainDigest.create(PlainDigest.java:39)
	at org.seasar.directory.digest.PlainDigest.create(PlainDigest.java:39)
	at org.seasar.directory.digest.PlainDigest.create(PlainDigest.java:39)
	at org.seasar.directory.digest.PlainDigest.create(PlainDigest.java:39)
	at org.seasar.directory.digest.PlainDigest.create(PlainDigest.java:39)
	at org.seasar.directory.digest.PlainDigest.create(PlainDigest.java:39)
	at org.seasar.directory.digest.PlainDigest.create(PlainDigest.java:39)
	at org.seasar.directory.digest.PlainDigest.create(PlainDigest.java:39)
	at org.seasar.directory.digest.PlainDigest.create(PlainDigest.java:39)
	at org.seasar.directory.digest.PlainDigest.create(PlainDigest.java:39)
	at org.seasar.directory.digest.PlainDigest.create(PlainDigest.java:39)
	at org.seasar.directory.digest.PlainDigest.create(PlainDigest.java:39)
	at org.seasar.directory.digest.PlainDigest.create(PlainDigest.java:39)
	at org.seasar.directory.digest.PlainDigest.create(PlainDigest.java:39)
	at org.seasar.directory.digest.PlainDigest.create(PlainDigest.java:39)
	at org.seasar.directory.digest.PlainDigest.create(PlainDigest.java:39)
	at org.seasar.directory.digest.PlainDigest.create(PlainDigest.java:39)
	at org.seasar.directory.digest.PlainDigest.create(PlainDigest.java:39)
	at org.seasar.directory.digest.PlainDigest.create(PlainDigest.java:39)
	at org.seasar.directory.digest.PlainDigest.create(PlainDigest.java:39)
	at org.seasar.directory.digest.PlainDigest.create(PlainDigest.java:39)
	at org.seasar.directory.digest.PlainDigest.create(PlainDigest.java:39)
	at org.seasar.directory.digest.PlainDigest.create(PlainDigest.java:39)
	at org.seasar.directory.digest.PlainDigest.create(PlainDigest.java:39)
	at org.seasar.directory.digest.PlainDigest.create(PlainDigest.java:39)
	at org.seasar.directory.digest.PlainDigest.create(PlainDigest.java:39)
	at org.seasar.directory.digest.PlainDigest.create(PlainDigest.java:39)
	at org.seasar.directory.digest.PlainDigest.create(PlainDigest.java:39)
	at org.seasar.directory.digest.PlainDigest.create(PlainDigest.java:39)
	at org.seasar.directory.digest.PlainDigest.create(PlainDigest.java:39)
	at org.seasar.directory.digest.PlainDigest.create(PlainDigest.java:39)
	at org.seasar.directory.digest.PlainDigest.create(PlainDigest.java:39)
	at org.seasar.directory.digest.PlainDigest.create(PlainDigest.java:39)
	at org.seasar.directory.digest.PlainDigest.create(PlainDigest.java:39)
	at org.seasar.directory.digest.PlainDigest.create(PlainDigest.java:39)
	at org.seasar.directory.digest.PlainDigest.create(PlainDigest.java:39)
	at org.seasar.directory.digest.PlainDigest.create(PlainDigest.java:39)
	at org.seasar.directory.digest.PlainDigest.create(PlainDigest.java:39)
	at org.seasar.directory.digest.PlainDigest.create(PlainDigest.java:39)
	at org.seasar.directory.digest.PlainDigest.create(PlainDigest.java:39)
	at org.seasar.directory.digest.PlainDigest.create(PlainDigest.java:39)
	at org.seasar.directory.digest.PlainDigest.create(PlainDigest.java:39)
	at org.seasar.directory.digest.PlainDigest.create(PlainDigest.java:39)
	at org.seasar.directory.digest.PlainDigest.create(PlainDigest.java:39)
	at org.seasar.directory.digest.PlainDigest.create(PlainDigest.java:39)
	at org.seasar.directory.digest.PlainDigest.create(PlainDigest.java:39)
	at org.seasar.directory.digest.PlainDigest.create(PlainDigest.java:39)
	at org.seasar.directory.digest.PlainDigest.create(PlainDigest.java:39)
	at org.seasar.directory.digest.PlainDigest.create(PlainDigest.java:39)
	at org.seasar.directory.digest.PlainDigest.create(PlainDigest.java:39)
	at org.seasar.directory.digest.PlainDigest.create(PlainDigest.java:39)
	at org.seasar.directory.digest.PlainDigest.create(PlainDigest.java:39)
	at org.seasar.directory.digest.PlainDigest.create(PlainDigest.java:39)
	at org.seasar.directory.digest.PlainDigest.create(PlainDigest.java:39)
	at org.seasar.directory.digest.PlainDigest.create(PlainDigest.java:39)
	at org.seasar.directory.digest.PlainDigest.create(PlainDigest.java:39)
	at org.seasar.directory.digest.PlainDigest.create(PlainDigest.java:39)
	at org.seasar.directory.digest.PlainDigest.create(PlainDigest.java:39)
	at org.seasar.directory.digest.PlainDigest.create(PlainDigest.java:39)
	at org.seasar.directory.digest.PlainDigest.create(PlainDigest.java:39)
	at org.seasar.directory.digest.PlainDigest.create(PlainDigest.java:39)
	at org.seasar.directory.digest.PlainDigest.create(PlainDigest.java:39)
	at org.seasar.directory.digest.PlainDigest.create(PlainDigest.java:39)
	at org.seasar.directory.digest.PlainDigest.create(PlainDigest.java:39)
	at org.seasar.directory.digest.PlainDigest.create(PlainDigest.java:39)
	at org.seasar.directory.digest.PlainDigest.create(PlainDigest.java:39)
	at org.seasar.directory.digest.PlainDigest.create(PlainDigest.java:39)
	at org.seasar.directory.digest.PlainDigest.create(PlainDigest.java:39)
	at org.seasar.directory.digest.PlainDigest.create(PlainDigest.java:39)
	at org.seasar.directory.digest.PlainDigest.create(PlainDigest.java:39)
	at org.seasar.directory.digest.PlainDigest.create(PlainDigest.java:39)
	at org.seasar.directory.digest.PlainDigest.create(PlainDigest.java:39)
	at org.seasar.directory.digest.PlainDigest.create(PlainDigest.java:39)
	at org.seasar.directory.digest.PlainDigest.create(PlainDigest.java:39)
	at org.seasar.directory.digest.PlainDigest.create(PlainDigest.java:39)
	at org.seasar.directory.digest.PlainDigest.create(PlainDigest.java:39)
	at org.seasar.directory.digest.PlainDigest.create(PlainDigest.java:39)
	at org.seasar.directory.digest.PlainDigest.create(PlainDigest.java:39)
	at org.seasar.directory.digest.PlainDigest.create(PlainDigest.java:39)
	at org.seasar.directory.digest.PlainDigest.create(PlainDigest.java:39)
	at org.seasar.directory.digest.PlainDigest.create(PlainDigest.java:39)
	at org.seasar.directory.digest.PlainDigest.create(PlainDigest.java:39)
	at org.seasar.directory.digest.PlainDigest.create(PlainDigest.java:39)
	at org.seasar.directory.digest.PlainDigest.create(PlainDigest.java:39)
	at org.seasar.directory.digest.PlainDigest.create(PlainDigest.java:39)
	at org.seasar.directory.digest.PlainDigest.create(PlainDigest.java:39)
	at org.seasar.directory.digest.PlainDigest.create(PlainDigest.java:39)
	at org.seasar.directory.digest.PlainDigest.create(PlainDigest.java:39)
	at org.seasar.directory.digest.PlainDigest.create(PlainDigest.java:39)
	at org.seasar.directory.digest.PlainDigest.create(PlainDigest.java:39)
	at org.seasar.directory.digest.PlainDigest.create(PlainDigest.java:39)
	at org.seasar.directory.digest.PlainDigest.create(PlainDigest.java:39)
	at org.seasar.directory.digest.PlainDigest.create(PlainDigest.java:39)
	at org.seasar.directory.digest.PlainDigest.create(PlainDigest.java:39)
	at org.seasar.directory.digest.PlainDigest.create(PlainDigest.java:39)
	at org.seasar.directory.digest.PlainDigest.create(PlainDigest.java:39)
	at org.seasar.directory.digest.PlainDigest.create(PlainDigest.java:39)
	at org.seasar.directory.digest.PlainDigest.create(PlainDigest.java:39)
	at org.seasar.directory.digest.PlainDigest.create(PlainDigest.java:39)
	at org.seasar.directory.digest.PlainDigest.create(PlainDigest.java:39)
	at org.seasar.directory.digest.PlainDigest.create(PlainDigest.java:39)
	at org.seasar.directory.digest.PlainDigest.create(PlainDigest.java:39)
	at org.seasar.directory.digest.PlainDigest.create(PlainDigest.java:39)
	at org.seasar.directory.digest.PlainDigest.create(PlainDigest.java:39)
	at org.seasar.directory.digest.PlainDigest.create(PlainDigest.java:39)
	at org.seasar.directory.digest.PlainDigest.create(PlainDigest.java:39)
	at org.seasar.directory.digest.PlainDigest.create(PlainDigest.java:39)
	at org.seasar.directory.digest.PlainDigest.create(PlainDigest.java:39)
	at org.seasar.directory.digest.PlainDigest.create(PlainDigest.java:39)
	at org.seasar.directory.digest.PlainDigest.create(PlainDigest.java:39)
	at org.seasar.directory.digest.PlainDigest.create(PlainDigest.java:39)
	at org.seasar.directory.digest.PlainDigest.create(PlainDigest.java:39)
	at org.seasar.directory.digest.PlainDigest.create(PlainDigest.java:39)
	at org.seasar.directory.digest.PlainDigest.create(PlainDigest.java:39)
	at org.seasar.directory.digest.PlainDigest.create(PlainDigest.java:39)
	at org.seasar.directory.digest.PlainDigest.create(PlainDigest.java:39)
	at org.seasar.directory.digest.PlainDigest.create(PlainDigest.java:39)
	at org.seasar.directory.digest.PlainDigest.create(PlainDigest.java:39)
	at org.seasar.directory.digest.PlainDigest.create(PlainDigest.java:39)
	at org.seasar.directory.digest.PlainDigest.create(PlainDigest.java:39)
	at org.seasar.directory.digest.PlainDigest.create(PlainDigest.java:39)
	at org.seasar.directory.digest.PlainDigest.create(PlainDigest.java:39)
	at org.seasar.directory.digest.PlainDigest.create(PlainDigest.java:39)
	at org.seasar.directory.digest.PlainDigest.create(PlainDigest.java:39)
	at org.seasar.directory.digest.PlainDigest.create(PlainDigest.java:39)
	at org.seasar.directory.digest.PlainDigest.create(PlainDigest.java:39)
	at org.seasar.directory.digest.PlainDigest.create(PlainDigest.java:39)
	at org.seasar.directory.digest.PlainDigest.create(PlainDigest.java:39)
	at org.seasar.directory.digest.PlainDigest.create(PlainDigest.java:39)
	at org.seasar.directory.digest.PlainDigest.create(PlainDigest.java:39)
	at org.seasar.directory.digest.PlainDigest.create(PlainDigest.java:39)
	at org.seasar.directory.digest.PlainDigest.create(PlainDigest.java:39)
	at org.seasar.directory.digest.PlainDigest.create(PlainDigest.java:39)
	at org.seasar.directory.digest.PlainDigest.create(PlainDigest.java:39)
	at org.seasar.directory.digest.PlainDigest.create(PlainDigest.java:39)
	at org.seasar.directory.digest.PlainDigest.create(PlainDigest.java:39)
	at org.seasar.directory.digest.PlainDigest.create(PlainDigest.java:39)
	at org.seasar.directory.digest.PlainDigest.create(PlainDigest.java:39)
	at org.seasar.directory.digest.PlainDigest.create(PlainDigest.java:39)
	at org.seasar.directory.digest.PlainDigest.create(PlainDigest.java:39)
	at org.seasar.directory.digest.PlainDigest.create(PlainDigest.java:39)
	at org.seasar.directory.digest.PlainDigest.create(PlainDigest.java:39)
	at org.seasar.directory.digest.PlainDigest.create(PlainDigest.java:39)
	at org.seasar.directory.digest.PlainDigest.create(PlainDigest.java:39)
	at org.seasar.directory.digest.PlainDigest.create(PlainDigest.java:39)
	at org.seasar.directory.digest.PlainDigest.create(PlainDigest.java:39)
	at org.seasar.directory.digest.PlainDigest.create(PlainDigest.java:39)
	at org.seasar.directory.digest.PlainDigest.create(PlainDigest.java:39)
	at org.seasar.directory.digest.PlainDigest.create(PlainDigest.java:39)
	at org.seasar.directory.digest.PlainDigest.create(PlainDigest.java:39)
	at org.seasar.directory.digest.PlainDigest.create(PlainDigest.java:39)
	at org.seasar.directory.digest.PlainDigest.create(PlainDigest.java:39)
	at org.seasar.directory.digest.PlainDigest.create(PlainDigest.java:39)
	at org.seasar.directory.digest.PlainDigest.create(PlainDigest.java:39)
	at org.seasar.directory.digest.PlainDigest.create(PlainDigest.java:39)
	at org.seasar.directory.digest.PlainDigest.create(PlainDigest.java:39)
	at org.seasar.directory.digest.PlainDigest.create(PlainDigest.java:39)
	at org.seasar.directory.digest.PlainDigest.create(PlainDigest.java:39)
	at org.seasar.directory.digest.PlainDigest.create(PlainDigest.java:39)
	at org.seasar.directory.digest.PlainDigest.create(PlainDigest.java:39)
	at org.seasar.directory.digest.PlainDigest.create(PlainDigest.java:39)
	at org.seasar.directory.digest.PlainDigest.create(PlainDigest.java:39)
	at org.seasar.directory.digest.PlainDigest.create(PlainDigest.java:39)
	at org.seasar.directory.digest.PlainDigest.create(PlainDigest.java:39)
	at org.seasar.directory.digest.PlainDigest.create(PlainDigest.java:39)
	at org.seasar.directory.digest.PlainDigest.create(PlainDigest.java:39)
	at org.seasar.directory.digest.PlainDigest.create(PlainDigest.java:39)
	at org.seasar.directory.digest.PlainDigest.create(PlainDigest.java:39)
	at org.seasar.directory.digest.PlainDigest.create(PlainDigest.java:39)
	at org.seasar.directory.digest.PlainDigest.create(PlainDigest.java:39)
	at org.seasar.directory.digest.PlainDigest.create(PlainDigest.java:39)
	at org.seasar.directory.digest.PlainDigest.create(PlainDigest.java:39)
	at org.seasar.directory.digest.PlainDigest.create(PlainDigest.java:39)
	at org.seasar.directory.digest.PlainDigest.create(PlainDigest.java:39)
	at org.seasar.directory.digest.PlainDigest.create(PlainDigest.java:39)
	at org.seasar.directory.digest.PlainDigest.create(PlainDigest.java:39)
	at org.seasar.directory.digest.PlainDigest.create(PlainDigest.java:39)
	at org.seasar.directory.digest.PlainDigest.create(PlainDigest.java:39)
	at org.seasar.directory.digest.PlainDigest.create(PlainDigest.java:39)
	at org.seasar.directory.digest.PlainDigest.create(PlainDigest.java:39)
	at org.seasar.directory.digest.PlainDigest.create(PlainDigest.java:39)
	at org.seasar.directory.digest.PlainDigest.create(PlainDigest.java:39)
	at org.seasar.directory.digest.PlainDigest.create(PlainDigest.java:39)
	at org.seasar.directory.digest.PlainDigest.create(PlainDigest.java:39)
	at org.seasar.directory.digest.PlainDigest.create(PlainDigest.java:39)
	at org.seasar.directory.digest.PlainDigest.create(PlainDigest.java:39)
	at org.seasar.directory.digest.PlainDigest.create(PlainDigest.java:39)
	at org.seasar.directory.digest.PlainDigest.create(PlainDigest.java:39)
	at org.seasar.directory.digest.PlainDigest.create(PlainDigest.java:39)
	at org.seasar.directory.digest.PlainDigest.create(PlainDigest.java:39)
	at org.seasar.directory.digest.PlainDigest.create(PlainDigest.java:39)
	at org.seasar.directory.digest.PlainDigest.create(PlainDigest.java:39)
	at org.seasar.directory.digest.PlainDigest.create(PlainDigest.java:39)
	at org.seasar.directory.digest.PlainDigest.create(PlainDigest.java:39)
	at org.seasar.directory.digest.PlainDigest.create(PlainDigest.java:39)
	at org.seasar.directory.digest.PlainDigest.create(PlainDigest.java:39)
	at org.seasar.directory.digest.PlainDigest.create(PlainDigest.java:39)
	at org.seasar.directory.digest.PlainDigest.create(PlainDigest.java:39)
	at org.seasar.directory.digest.PlainDigest.create(PlainDigest.java:39)
	at org.seasar.directory.digest.PlainDigest.create(PlainDigest.java:39)
	at org.seasar.directory.digest.PlainDigest.create(PlainDigest.java:39)
	at org.seasar.directory.digest.PlainDigest.create(PlainDigest.java:39)
	at org.seasar.directory.digest.PlainDigest.create(PlainDigest.java:39)
	at org.seasar.directory.digest.PlainDigest.create(PlainDigest.java:39)
	at org.seasar.directory.digest.PlainDigest.create(PlainDigest.java:39)
	at org.seasar.directory.digest.PlainDigest.create(PlainDigest.java:39)
	at org.seasar.directory.digest.PlainDigest.create(PlainDigest.java:39)
	at org.seasar.directory.digest.PlainDigest.create(PlainDigest.java:39)
	at org.seasar.directory.digest.PlainDigest.create(PlainDigest.java:39)
	at org.seasar.directory.digest.PlainDigest.create(PlainDigest.java:39)
	at org.seasar.directory.digest.PlainDigest.create(PlainDigest.java:39)
	at org.seasar.directory.digest.PlainDigest.create(PlainDigest.java:39)
	at org.seasar.directory.digest.PlainDigest.create(PlainDigest.java:39)
	at org.seasar.directory.digest.PlainDigest.create(PlainDigest.java:39)
	at org.seasar.directory.digest.PlainDigest.create(PlainDigest.java:39)
	at org.seasar.directory.digest.PlainDigest.create(PlainDigest.java:39)
	at org.seasar.directory.digest.PlainDigest.create(PlainDigest.java:39)
	at org.seasar.directory.digest.PlainDigest.create(PlainDigest.java:39)
	at org.seasar.directory.digest.PlainDigest.create(PlainDigest.java:39)
	at org.seasar.directory.digest.PlainDigest.create(PlainDigest.java:39)
	at org.seasar.directory.digest.PlainDigest.create(PlainDigest.java:39)
	at org.seasar.directory.digest.PlainDigest.create(PlainDigest.java:39)
	at org.seasar.directory.digest.PlainDigest.create(PlainDigest.java:39)
	at org.seasar.directory.digest.PlainDigest.create(PlainDigest.java:39)
	at org.seasar.directory.digest.PlainDigest.create(PlainDigest.java:39)
	at org.seasar.directory.digest.PlainDigest.create(PlainDigest.java:39)
	at org.seasar.directory.digest.PlainDigest.create(PlainDigest.java:39)
	at org.seasar.directory.digest.PlainDigest.create(PlainDigest.java:39)
	at org.seasar.directory.digest.PlainDigest.create(PlainDigest.java:39)
	at org.seasar.directory.digest.PlainDigest.create(PlainDigest.java:39)
	at org.seasar.directory.digest.PlainDigest.create(PlainDigest.java:39)
	at org.seasar.directory.digest.PlainDigest.create(PlainDigest.java:39)
	at org.seasar.directory.digest.PlainDigest.create(PlainDigest.java:39)
	at org.seasar.directory.digest.PlainDigest.create(PlainDigest.java:39)
	at org.seasar.directory.digest.PlainDigest.create(PlainDigest.java:39)
	at org.seasar.directory.digest.PlainDigest.create(PlainDigest.java:39)
	at org.seasar.directory.digest.PlainDigest.create(PlainDigest.java:39)
	at org.seasar.directory.digest.PlainDigest.create(PlainDigest.java:39)
	at org.seasar.directory.digest.PlainDigest.create(PlainDigest.java:39)
	at org.seasar.directory.digest.PlainDigest.create(PlainDigest.java:39)
	at org.seasar.directory.digest.PlainDigest.create(PlainDigest.java:39)
	at org.seasar.directory.digest.PlainDigest.create(PlainDigest.java:39)
	at org.seasar.directory.digest.PlainDigest.create(PlainDigest.java:39)
	at org.seasar.directory.digest.PlainDigest.create(PlainDigest.java:39)
	at org.seasar.directory.digest.PlainDigest.create(PlainDigest.java:39)
	at org.seasar.directory.digest.PlainDigest.create(PlainDigest.java:39)
	at org.seasar.directory.digest.PlainDigest.create(PlainDigest.java:39)
	at org.seasar.directory.digest.PlainDigest.create(PlainDigest.java:39)
	at org.seasar.directory.digest.PlainDigest.create(PlainDigest.java:39)
	at org.seasar.directory.digest.PlainDigest.create(PlainDigest.java:39)
	at org.seasar.directory.digest.PlainDigest.create(PlainDigest.java:39)
	at org.seasar.directory.digest.PlainDigest.create(PlainDigest.java:39)
	at org.seasar.directory.digest.PlainDigest.create(PlainDigest.java:39)
	at org.seasar.directory.digest.PlainDigest.create(PlainDigest.java:39)
	at org.seasar.directory.digest.PlainDigest.create(PlainDigest.java:39)
	at org.seasar.directory.digest.PlainDigest.create(PlainDigest.java:39)
	at org.seasar.directory.digest.PlainDigest.create(PlainDigest.java:39)
	at org.seasar.directory.digest.PlainDigest.create(PlainDigest.java:39)
	at org.seasar.directory.digest.PlainDigest.create(PlainDigest.java:39)
	at org.seasar.directory.digest.PlainDigest.create(PlainDigest.java:39)
	at org.seasar.directory.digest.PlainDigest.create(PlainDigest.java:39)
	at org.seasar.directory.digest.PlainDigest.create(PlainDigest.java:39)
	at org.seasar.directory.digest.PlainDigest.create(PlainDigest.java:39)
	at org.seasar.directory.digest.PlainDigest.create(PlainDigest.java:39)
	at org.seasar.directory.digest.PlainDigest.create(PlainDigest.java:39)
	at org.seasar.directory.digest.PlainDigest.create(PlainDigest.java:39)
	at org.seasar.directory.digest.PlainDigest.create(PlainDigest.java:39)
	at org.seasar.directory.digest.PlainDigest.create(PlainDigest.java:39)
	at org.seasar.directory.digest.PlainDigest.create(PlainDigest.java:39)
	at org.seasar.directory.digest.PlainDigest.create(PlainDigest.java:39)
	at org.seasar.directory.digest.PlainDigest.create(PlainDigest.java:39)
	at org.seasar.directory.digest.PlainDigest.create(PlainDigest.java:39)
	at org.seasar.directory.digest.PlainDigest.create(PlainDigest.java:39)
	at org.seasar.directory.digest.PlainDigest.create(PlainDigest.java:39)
	at org.seasar.directory.digest.PlainDigest.create(PlainDigest.java:39)
	at org.seasar.directory.digest.PlainDigest.create(PlainDigest.java:39)
	at org.seasar.directory.digest.PlainDigest.create(PlainDigest.java:39)
	at org.seasar.directory.digest.PlainDigest.create(PlainDigest.java:39)
	at org.seasar.directory.digest.PlainDigest.create(PlainDigest.java:39)
	at org.seasar.directory.digest.PlainDigest.create(PlainDigest.java:39)
	at org.seasar.directory.digest.PlainDigest.create(PlainDigest.java:39)
	at org.seasar.directory.digest.PlainDigest.create(PlainDigest.java:39)
	at org.seasar.directory.digest.PlainDigest.create(PlainDigest.java:39)
	at org.seasar.directory.digest.PlainDigest.create(PlainDigest.java:39)
	at org.seasar.directory.digest.PlainDigest.create(PlainDigest.java:39)
	at org.seasar.directory.digest.PlainDigest.create(PlainDigest.java:39)
	at org.seasar.directory.digest.PlainDigest.create(PlainDigest.java:39)
	at org.seasar.directory.digest.PlainDigest.create(PlainDigest.java:39)
	at org.seasar.directory.digest.PlainDigest.create(PlainDigest.java:39)
	at org.seasar.directory.digest.PlainDigest.create(PlainDigest.java:39)
	at org.seasar.directory.digest.PlainDigest.create(PlainDigest.java:39)
	at org.seasar.directory.digest.PlainDigest.create(PlainDigest.java:39)
	at org.seasar.directory.digest.PlainDigest.create(PlainDigest.java:39)
	at org.seasar.directory.digest.PlainDigest.create(PlainDigest.java:39)
	at org.seasar.directory.digest.PlainDigest.create(PlainDigest.java:39)
	at org.seasar.directory.digest.PlainDigest.create(PlainDigest.java:39)
	at org.seasar.directory.digest.PlainDigest.create(PlainDigest.java:39)
	at org.seasar.directory.digest.PlainDigest.create(PlainDigest.java:39)
	at org.seasar.directory.digest.PlainDigest.create(PlainDigest.java:39)
	at org.seasar.directory.digest.PlainDigest.create(PlainDigest.java:39)
	at org.seasar.directory.digest.PlainDigest.create(PlainDigest.java:39)
	at org.seasar.directory.digest.PlainDigest.create(PlainDigest.java:39)
	at org.seasar.directory.digest.PlainDigest.create(PlainDigest.java:39)
	at org.seasar.directory.digest.PlainDigest.create(PlainDigest.java:39)
	at org.seasar.directory.digest.PlainDigest.create(PlainDigest.java:39)
	at org.seasar.directory.digest.PlainDigest.create(PlainDigest.java:39)
</error>
  </testcase>
  <testcase classname="org.seasar.directory.digest.DigestFactoryTest" time="0.006" name="testMD5Digest">
    <error type="java.lang.StackOverflowError">java.lang.StackOverflowError
	at org.seasar.directory.digest.MD5Digest.create(MD5Digest.java:41)
	at org.seasar.directory.digest.MD5Digest.create(MD5Digest.java:41)
	at org.seasar.directory.digest.MD5Digest.create(MD5Digest.java:41)
	at org.seasar.directory.digest.MD5Digest.create(MD5Digest.java:41)
	at org.seasar.directory.digest.MD5Digest.create(MD5Digest.java:41)
	at org.seasar.directory.digest.MD5Digest.create(MD5Digest.java:41)
	at org.seasar.directory.digest.MD5Digest.create(MD5Digest.java:41)
	at org.seasar.directory.digest.MD5Digest.create(MD5Digest.java:41)
	at org.seasar.directory.digest.MD5Digest.create(MD5Digest.java:41)
	at org.seasar.directory.digest.MD5Digest.create(MD5Digest.java:41)
	at org.seasar.directory.digest.MD5Digest.create(MD5Digest.java:41)
	at org.seasar.directory.digest.MD5Digest.create(MD5Digest.java:41)
	at org.seasar.directory.digest.MD5Digest.create(MD5Digest.java:41)
	at org.seasar.directory.digest.MD5Digest.create(MD5Digest.java:41)
	at org.seasar.directory.digest.MD5Digest.create(MD5Digest.java:41)
	at org.seasar.directory.digest.MD5Digest.create(MD5Digest.java:41)
	at org.seasar.directory.digest.MD5Digest.create(MD5Digest.java:41)
	at org.seasar.directory.digest.MD5Digest.create(MD5Digest.java:41)
	at org.seasar.directory.digest.MD5Digest.create(MD5Digest.java:41)
	at org.seasar.directory.digest.MD5Digest.create(MD5Digest.java:41)
	at org.seasar.directory.digest.MD5Digest.create(MD5Digest.java:41)
	at org.seasar.directory.digest.MD5Digest.create(MD5Digest.java:41)
	at org.seasar.directory.digest.MD5Digest.create(MD5Digest.java:41)
	at org.seasar.directory.digest.MD5Digest.create(MD5Digest.java:41)
	at org.seasar.directory.digest.MD5Digest.create(MD5Digest.java:41)
	at org.seasar.directory.digest.MD5Digest.create(MD5Digest.java:41)
	at org.seasar.directory.digest.MD5Digest.create(MD5Digest.java:41)
	at org.seasar.directory.digest.MD5Digest.create(MD5Digest.java:41)
	at org.seasar.directory.digest.MD5Digest.create(MD5Digest.java:41)
	at org.seasar.directory.digest.MD5Digest.create(MD5Digest.java:41)
	at org.seasar.directory.digest.MD5Digest.create(MD5Digest.java:41)
	at org.seasar.directory.digest.MD5Digest.create(MD5Digest.java:41)
	at org.seasar.directory.digest.MD5Digest.create(MD5Digest.java:41)
	at org.seasar.directory.digest.MD5Digest.create(MD5Digest.java:41)
	at org.seasar.directory.digest.MD5Digest.create(MD5Digest.java:41)
	at org.seasar.directory.digest.MD5Digest.create(MD5Digest.java:41)
	at org.seasar.directory.digest.MD5Digest.create(MD5Digest.java:41)
	at org.seasar.directory.digest.MD5Digest.create(MD5Digest.java:41)
	at org.seasar.directory.digest.MD5Digest.create(MD5Digest.java:41)
	at org.seasar.directory.digest.MD5Digest.create(MD5Digest.java:41)
	at org.seasar.directory.digest.MD5Digest.create(MD5Digest.java:41)
	at org.seasar.directory.digest.MD5Digest.create(MD5Digest.java:41)
	at org.seasar.directory.digest.MD5Digest.create(MD5Digest.java:41)
	at org.seasar.directory.digest.MD5Digest.create(MD5Digest.java:41)
	at org.seasar.directory.digest.MD5Digest.create(MD5Digest.java:41)
	at org.seasar.directory.digest.MD5Digest.create(MD5Digest.java:41)
	at org.seasar.directory.digest.MD5Digest.create(MD5Digest.java:41)
	at org.seasar.directory.digest.MD5Digest.create(MD5Digest.java:41)
	at org.seasar.directory.digest.MD5Digest.create(MD5Digest.java:41)
	at org.seasar.directory.digest.MD5Digest.create(MD5Digest.java:41)
	at org.seasar.directory.digest.MD5Digest.create(MD5Digest.java:41)
	at org.seasar.directory.digest.MD5Digest.create(MD5Digest.java:41)
	at org.seasar.directory.digest.MD5Digest.create(MD5Digest.java:41)
	at org.seasar.directory.digest.MD5Digest.create(MD5Digest.java:41)
	at org.seasar.directory.digest.MD5Digest.create(MD5Digest.java:41)
	at org.seasar.directory.digest.MD5Digest.create(MD5Digest.java:41)
	at org.seasar.directory.digest.MD5Digest.create(MD5Digest.java:41)
	at org.seasar.directory.digest.MD5Digest.create(MD5Digest.java:41)
	at org.seasar.directory.digest.MD5Digest.create(MD5Digest.java:41)
	at org.seasar.directory.digest.MD5Digest.create(MD5Digest.java:41)
	at org.seasar.directory.digest.MD5Digest.create(MD5Digest.java:41)
	at org.seasar.directory.digest.MD5Digest.create(MD5Digest.java:41)
	at org.seasar.directory.digest.MD5Digest.create(MD5Digest.java:41)
	at org.seasar.directory.digest.MD5Digest.create(MD5Digest.java:41)
	at org.seasar.directory.digest.MD5Digest.create(MD5Digest.java:41)
	at org.seasar.directory.digest.MD5Digest.create(MD5Digest.java:41)
	at org.seasar.directory.digest.MD5Digest.create(MD5Digest.java:41)
[...]
	at org.seasar.directory.digest.SHADigest.create(SHADigest.java:41)
	at org.seasar.directory.digest.SHADigest.create(SHADigest.java:41)
	at org.seasar.directory.digest.SHADigest.create(SHADigest.java:41)
	at org.seasar.directory.digest.SHADigest.create(SHADigest.java:41)
	at org.seasar.directory.digest.SHADigest.create(SHADigest.java:41)
	at org.seasar.directory.digest.SHADigest.create(SHADigest.java:41)
	at org.seasar.directory.digest.SHADigest.create(SHADigest.java:41)
	at org.seasar.directory.digest.SHADigest.create(SHADigest.java:41)
	at org.seasar.directory.digest.SHADigest.create(SHADigest.java:41)
	at org.seasar.directory.digest.SHADigest.create(SHADigest.java:41)
	at org.seasar.directory.digest.SHADigest.create(SHADigest.java:41)
	at org.seasar.directory.digest.SHADigest.create(SHADigest.java:41)
	at org.seasar.directory.digest.SHADigest.create(SHADigest.java:41)
	at org.seasar.directory.digest.SHADigest.create(SHADigest.java:41)
	at org.seasar.directory.digest.SHADigest.create(SHADigest.java:41)
	at org.seasar.directory.digest.SHADigest.create(SHADigest.java:41)
	at org.seasar.directory.digest.SHADigest.create(SHADigest.java:41)
	at org.seasar.directory.digest.SHADigest.create(SHADigest.java:41)
	at org.seasar.directory.digest.SHADigest.create(SHADigest.java:41)
	at org.seasar.directory.digest.SHADigest.create(SHADigest.java:41)
	at org.seasar.directory.digest.SHADigest.create(SHADigest.java:41)
	at org.seasar.directory.digest.SHADigest.create(SHADigest.java:41)
	at org.seasar.directory.digest.SHADigest.create(SHADigest.java:41)
	at org.seasar.directory.digest.SHADigest.create(SHADigest.java:41)
	at org.seasar.directory.digest.SHADigest.create(SHADigest.java:41)
	at org.seasar.directory.digest.SHADigest.create(SHADigest.java:41)
	at org.seasar.directory.digest.SHADigest.create(SHADigest.java:41)
	at org.seasar.directory.digest.SHADigest.create(SHADigest.java:41)
	at org.seasar.directory.digest.SHADigest.create(SHADigest.java:41)
	at org.seasar.directory.digest.SHADigest.create(SHADigest.java:41)
	at org.seasar.directory.digest.SHADigest.create(SHADigest.java:41)
	at org.seasar.directory.digest.SHADigest.create(SHADigest.java:41)
	at org.seasar.directory.digest.SHADigest.create(SHADigest.java:41)
	at org.seasar.directory.digest.SHADigest.create(SHADigest.java:41)
	at org.seasar.directory.digest.SHADigest.create(SHADigest.java:41)
	at org.seasar.directory.digest.SHADigest.create(SHADigest.java:41)
	at org.seasar.directory.digest.SHADigest.create(SHADigest.java:41)
	at org.seasar.directory.digest.SHADigest.create(SHADigest.java:41)
	at org.seasar.directory.digest.SHADigest.create(SHADigest.java:41)
	at org.seasar.directory.digest.SHADigest.create(SHADigest.java:41)
	at org.seasar.directory.digest.SHADigest.create(SHADigest.java:41)
	at org.seasar.directory.digest.SHADigest.create(SHADigest.java:41)
	at org.seasar.directory.digest.SHADigest.create(SHADigest.java:41)
	at org.seasar.directory.digest.SHADigest.create(SHADigest.java:41)
	at org.seasar.directory.digest.SHADigest.create(SHADigest.java:41)
	at org.seasar.directory.digest.SHADigest.create(SHADigest.java:41)
	at org.seasar.directory.digest.SHADigest.create(SHADigest.java:41)
	at org.seasar.directory.digest.SHADigest.create(SHADigest.java:41)
	at org.seasar.directory.digest.SHADigest.create(SHADigest.java:41)
	at org.seasar.directory.digest.SHADigest.create(SHADigest.java:41)
	at org.seasar.directory.digest.SHADigest.create(SHADigest.java:41)
	at org.seasar.directory.digest.SHADigest.create(SHADigest.java:41)
	at org.seasar.directory.digest.SHADigest.create(SHADigest.java:41)
	at org.seasar.directory.digest.SHADigest.create(SHADigest.java:41)
	at org.seasar.directory.digest.SHADigest.create(SHADigest.java:41)
	at org.seasar.directory.digest.SHADigest.create(SHADigest.java:41)
	at org.seasar.directory.digest.SHADigest.create(SHADigest.java:41)
	at org.seasar.directory.digest.SHADigest.create(SHADigest.java:41)
	at org.seasar.directory.digest.SHADigest.create(SHADigest.java:41)
	at org.seasar.directory.digest.SHADigest.create(SHADigest.java:41)
	at org.seasar.directory.digest.SHADigest.create(SHADigest.java:41)
	at org.seasar.directory.digest.SHADigest.create(SHADigest.java:41)
	at org.seasar.directory.digest.SHADigest.create(SHADigest.java:41)
	at org.seasar.directory.digest.SHADigest.create(SHADigest.java:41)
	at org.seasar.directory.digest.SHADigest.create(SHADigest.java:41)
	at org.seasar.directory.digest.SHADigest.create(SHADigest.java:41)
	at org.seasar.directory.digest.SHADigest.create(SHADigest.java:41)
	at org.seasar.directory.digest.SHADigest.create(SHADigest.java:41)
	at org.seasar.directory.digest.SHADigest.create(SHADigest.java:41)
	at org.seasar.directory.digest.SHADigest.create(SHADigest.java:41)
	at org.seasar.directory.digest.SHADigest.create(SHADigest.java:41)
	at org.seasar.directory.digest.SHADigest.create(SHADigest.java:41)
	at org.seasar.directory.digest.SHADigest.create(SHADigest.java:41)
	at org.seasar.directory.digest.SHADigest.create(SHADigest.java:41)
	at org.seasar.directory.digest.SHADigest.create(SHADigest.java:41)
	at org.seasar.directory.digest.SHADigest.create(SHADigest.java:41)
	at org.seasar.directory.digest.SHADigest.create(SHADigest.java:41)
	at org.seasar.directory.digest.SHADigest.create(SHADigest.java:41)
	at org.seasar.directory.digest.SHADigest.create(SHADigest.java:41)
	at org.seasar.directory.digest.SHADigest.create(SHADigest.java:41)
	at org.seasar.directory.digest.SHADigest.create(SHADigest.java:41)
	at org.seasar.directory.digest.SHADigest.create(SHADigest.java:41)
	at org.seasar.directory.digest.SHADigest.create(SHADigest.java:41)
	at org.seasar.directory.digest.SHADigest.create(SHADigest.java:41)
	at org.seasar.directory.digest.SHADigest.create(SHADigest.java:41)
	at org.seasar.directory.digest.SHADigest.create(SHADigest.java:41)
	at org.seasar.directory.digest.SHADigest.create(SHADigest.java:41)
	at org.seasar.directory.digest.SHADigest.create(SHADigest.java:41)
	at org.seasar.directory.digest.SHADigest.create(SHADigest.java:41)
	at org.seasar.directory.digest.SHADigest.create(SHADigest.java:41)
	at org.seasar.directory.digest.SHADigest.create(SHADigest.java:41)
	at org.seasar.directory.digest.SHADigest.create(SHADigest.java:41)
	at org.seasar.directory.digest.SHADigest.create(SHADigest.java:41)
	at org.seasar.directory.digest.SHADigest.create(SHADigest.java:41)
	at org.seasar.directory.digest.SHADigest.create(SHADigest.java:41)
	at org.seasar.directory.digest.SHADigest.create(SHADigest.java:41)
	at org.seasar.directory.digest.SHADigest.create(SHADigest.java:41)
	at org.seasar.directory.digest.SHADigest.create(SHADigest.java:41)
	at org.seasar.directory.digest.SHADigest.create(SHADigest.java:41)
	at org.seasar.directory.digest.SHADigest.create(SHADigest.java:41)
	at org.seasar.directory.digest.SHADigest.create(SHADigest.java:41)
	at org.seasar.directory.digest.SHADigest.create(SHADigest.java:41)
	at org.seasar.directory.digest.SHADigest.create(SHADigest.java:41)
	at org.seasar.directory.digest.SHADigest.create(SHADigest.java:41)
	at org.seasar.directory.digest.SHADigest.create(SHADigest.java:41)
	at org.seasar.directory.digest.SHADigest.create(SHADigest.java:41)
	at org.seasar.directory.digest.SHADigest.create(SHADigest.java:41)
	at org.seasar.directory.digest.SHADigest.create(SHADigest.java:41)
	at org.seasar.directory.digest.SHADigest.create(SHADigest.java:41)
	at org.seasar.directory.digest.SHADigest.create(SHADigest.java:41)
	at org.seasar.directory.digest.SHADigest.create(SHADigest.java:41)
	at org.seasar.directory.digest.SHADigest.create(SHADigest.java:41)
	at org.seasar.directory.digest.SHADigest.create(SHADigest.java:41)
	at org.seasar.directory.digest.SHADigest.create(SHADigest.java:41)
	at org.seasar.directory.digest.SHADigest.create(SHADigest.java:41)
	at org.seasar.directory.digest.SHADigest.create(SHADigest.java:41)
	at org.seasar.directory.digest.SHADigest.create(SHADigest.java:41)
	at org.seasar.directory.digest.SHADigest.create(SHADigest.java:41)
	at org.seasar.directory.digest.SHADigest.create(SHADigest.java:41)
	at org.seasar.directory.digest.SHADigest.create(SHADigest.java:41)
	at org.seasar.directory.digest.SHADigest.create(SHADigest.java:41)
	at org.seasar.directory.digest.SHADigest.create(SHADigest.java:41)
	at org.seasar.directory.digest.SHADigest.create(SHADigest.java:41)
	at org.seasar.directory.digest.SHADigest.create(SHADigest.java:41)
	at org.seasar.directory.digest.SHADigest.create(SHADigest.java:41)
	at org.seasar.directory.digest.SHADigest.create(SHADigest.java:41)
	at org.seasar.directory.digest.SHADigest.create(SHADigest.java:41)
	at org.seasar.directory.digest.SHADigest.create(SHADigest.java:41)
	at org.seasar.directory.digest.SHADigest.create(SHADigest.java:41)
	at org.seasar.directory.digest.SHADigest.create(SHADigest.java:41)
	at org.seasar.directory.digest.SHADigest.create(SHADigest.java:41)
	at org.seasar.directory.digest.SHADigest.create(SHADigest.java:41)
	at org.seasar.directory.digest.SHADigest.create(SHADigest.java:41)
	at org.seasar.directory.digest.SHADigest.create(SHADigest.java:41)
	at org.seasar.directory.digest.SHADigest.create(SHADigest.java:41)
	at org.seasar.directory.digest.SHADigest.create(SHADigest.java:41)
	at org.seasar.directory.digest.SHADigest.create(SHADigest.java:41)
	at org.seasar.directory.digest.SHADigest.create(SHADigest.java:41)
	at org.seasar.directory.digest.SHADigest.create(SHADigest.java:41)
	at org.seasar.directory.digest.SHADigest.create(SHADigest.java:41)
	at org.seasar.directory.digest.SHADigest.create(SHADigest.java:41)
	at org.seasar.directory.digest.SHADigest.create(SHADigest.java:41)
	at org.seasar.directory.digest.SHADigest.create(SHADigest.java:41)
	at org.seasar.directory.digest.SHADigest.create(SHADigest.java:41)
	at org.seasar.directory.digest.SHADigest.create(SHADigest.java:41)
	at org.seasar.directory.digest.SHADigest.create(SHADigest.java:41)
	at org.seasar.directory.digest.SHADigest.create(SHADigest.java:41)
	at org.seasar.directory.digest.SHADigest.create(SHADigest.java:41)
	at org.seasar.directory.digest.SHADigest.create(SHADigest.java:41)
	at org.seasar.directory.digest.SHADigest.create(SHADigest.java:41)
	at org.seasar.directory.digest.SHADigest.create(SHADigest.java:41)
	at org.seasar.directory.digest.SHADigest.create(SHADigest.java:41)
	at org.seasar.directory.digest.SHADigest.create(SHADigest.java:41)
	at org.seasar.directory.digest.SHADigest.create(SHADigest.java:41)
	at org.seasar.directory.digest.SHADigest.create(SHADigest.java:41)
	at org.seasar.directory.digest.SHADigest.create(SHADigest.java:41)
	at org.seasar.directory.digest.SHADigest.create(SHADigest.java:41)
	at org.seasar.directory.digest.SHADigest.create(SHADigest.java:41)
	at org.seasar.directory.digest.SHADigest.create(SHADigest.java:41)
	at org.seasar.directory.digest.SHADigest.create(SHADigest.java:41)
	at org.seasar.directory.digest.SHADigest.create(SHADigest.java:41)
	at org.seasar.directory.digest.SHADigest.create(SHADigest.java:41)
	at org.seasar.directory.digest.SHADigest.create(SHADigest.java:41)
	at org.seasar.directory.digest.SHADigest.create(SHADigest.java:41)
	at org.seasar.directory.digest.SHADigest.create(SHADigest.java:41)
	at org.seasar.directory.digest.SHADigest.create(SHADigest.java:41)
	at org.seasar.directory.digest.SHADigest.create(SHADigest.java:41)
	at org.seasar.directory.digest.SHADigest.create(SHADigest.java:41)
	at org.seasar.directory.digest.SHADigest.create(SHADigest.java:41)
	at org.seasar.directory.digest.SHADigest.create(SHADigest.java:41)
	at org.seasar.directory.digest.SHADigest.create(SHADigest.java:41)
	at org.seasar.directory.digest.SHADigest.create(SHADigest.java:41)
	at org.seasar.directory.digest.SHADigest.create(SHADigest.java:41)
	at org.seasar.directory.digest.SHADigest.create(SHADigest.java:41)
	at org.seasar.directory.digest.SHADigest.create(SHADigest.java:41)
	at org.seasar.directory.digest.SHADigest.create(SHADigest.java:41)
	at org.seasar.directory.digest.SHADigest.create(SHADigest.java:41)
	at org.seasar.directory.digest.SHADigest.create(SHADigest.java:41)
	at org.seasar.directory.digest.SHADigest.create(SHADigest.java:41)
	at org.seasar.directory.digest.SHADigest.create(SHADigest.java:41)
	at org.seasar.directory.digest.SHADigest.create(SHADigest.java:41)
	at org.seasar.directory.digest.SHADigest.create(SHADigest.java:41)
	at org.seasar.directory.digest.SHADigest.create(SHADigest.java:41)
	at org.seasar.directory.digest.SHADigest.create(SHADigest.java:41)
	at org.seasar.directory.digest.SHADigest.create(SHADigest.java:41)
	at org.seasar.directory.digest.SHADigest.create(SHADigest.java:41)
	at org.seasar.directory.digest.SHADigest.create(SHADigest.java:41)
	at org.seasar.directory.digest.SHADigest.create(SHADigest.java:41)
	at org.seasar.directory.digest.SHADigest.create(SHADigest.java:41)
	at org.seasar.directory.digest.SHADigest.create(SHADigest.java:41)
	at org.seasar.directory.digest.SHADigest.create(SHADigest.java:41)
	at org.seasar.directory.digest.SHADigest.create(SHADigest.java:41)
	at org.seasar.directory.digest.SHADigest.create(SHADigest.java:41)
	at org.seasar.directory.digest.SHADigest.create(SHADigest.java:41)
	at org.seasar.directory.digest.SHADigest.create(SHADigest.java:41)
	at org.seasar.directory.digest.SHADigest.create(SHADigest.java:41)
	at org.seasar.directory.digest.SHADigest.create(SHADigest.java:41)
	at org.seasar.directory.digest.SHADigest.create(SHADigest.java:41)
	at org.seasar.directory.digest.SHADigest.create(SHADigest.java:41)
	at org.seasar.directory.digest.SHADigest.create(SHADigest.java:41)
	at org.seasar.directory.digest.SHADigest.create(SHADigest.java:41)
	at org.seasar.directory.digest.SHADigest.create(SHADigest.java:41)
	at org.seasar.directory.digest.SHADigest.create(SHADigest.java:41)
	at org.seasar.directory.digest.SHADigest.create(SHADigest.java:41)
	at org.seasar.directory.digest.SHADigest.create(SHADigest.java:41)
	at org.seasar.directory.digest.SHADigest.create(SHADigest.java:41)
	at org.seasar.directory.digest.SHADigest.create(SHADigest.java:41)
	at org.seasar.directory.digest.SHADigest.create(SHADigest.java:41)
	at org.seasar.directory.digest.SHADigest.create(SHADigest.java:41)
	at org.seasar.directory.digest.SHADigest.create(SHADigest.java:41)
	at org.seasar.directory.digest.SHADigest.create(SHADigest.java:41)
	at org.seasar.directory.digest.SHADigest.create(SHADigest.java:41)
	at org.seasar.directory.digest.SHADigest.create(SHADigest.java:41)
	at org.seasar.directory.digest.SHADigest.create(SHADigest.java:41)
	at org.seasar.directory.digest.SHADigest.create(SHADigest.java:41)
	at org.seasar.directory.digest.SHADigest.create(SHADigest.java:41)
	at org.seasar.directory.digest.SHADigest.create(SHADigest.java:41)
	at org.seasar.directory.digest.SHADigest.create(SHADigest.java:41)
	at org.seasar.directory.digest.SHADigest.create(SHADigest.java:41)
	at org.seasar.directory.digest.SHADigest.create(SHADigest.java:41)
	at org.seasar.directory.digest.SHADigest.create(SHADigest.java:41)
	at org.seasar.directory.digest.SHADigest.create(SHADigest.java:41)
	at org.seasar.directory.digest.SHADigest.create(SHADigest.java:41)
	at org.seasar.directory.digest.SHADigest.create(SHADigest.java:41)
	at org.seasar.directory.digest.SHADigest.create(SHADigest.java:41)
	at org.seasar.directory.digest.SHADigest.create(SHADigest.java:41)
	at org.seasar.directory.digest.SHADigest.create(SHADigest.java:41)
	at org.seasar.directory.digest.SHADigest.create(SHADigest.java:41)
	at org.seasar.directory.digest.SHADigest.create(SHADigest.java:41)
	at org.seasar.directory.digest.SHADigest.create(SHADigest.java:41)
	at org.seasar.directory.digest.SHADigest.create(SHADigest.java:41)
	at org.seasar.directory.digest.SHADigest.create(SHADigest.java:41)
	at org.seasar.directory.digest.SHADigest.create(SHADigest.java:41)
	at org.seasar.directory.digest.SHADigest.create(SHADigest.java:41)
	at org.seasar.directory.digest.SHADigest.create(SHADigest.java:41)
	at org.seasar.directory.digest.SHADigest.create(SHADigest.java:41)
	at org.seasar.directory.digest.SHADigest.create(SHADigest.java:41)
	at org.seasar.directory.digest.SHADigest.create(SHADigest.java:41)
	at org.seasar.directory.digest.SHADigest.create(SHADigest.java:41)
	at org.seasar.directory.digest.SHADigest.create(SHADigest.java:41)
	at org.seasar.directory.digest.SHADigest.create(SHADigest.java:41)
	at org.seasar.directory.digest.SHADigest.create(SHADigest.java:41)
	at org.seasar.directory.digest.SHADigest.create(SHADigest.java:41)
	at org.seasar.directory.digest.SHADigest.create(SHADigest.java:41)
	at org.seasar.directory.digest.SHADigest.create(SHADigest.java:41)
	at org.seasar.directory.digest.SHADigest.create(SHADigest.java:41)
	at org.seasar.directory.digest.SHADigest.create(SHADigest.java:41)
	at org.seasar.directory.digest.SHADigest.create(SHADigest.java:41)
	at org.seasar.directory.digest.SHADigest.create(SHADigest.java:41)
	at org.seasar.directory.digest.SHADigest.create(SHADigest.java:41)
	at org.seasar.directory.digest.SHADigest.create(SHADigest.java:41)
	at org.seasar.directory.digest.SHADigest.create(SHADigest.java:41)
	at org.seasar.directory.digest.SHADigest.create(SHADigest.java:41)
	at org.seasar.directory.digest.SHADigest.create(SHADigest.java:41)
	at org.seasar.directory.digest.SHADigest.create(SHADigest.java:41)
	at org.seasar.directory.digest.SHADigest.create(SHADigest.java:41)
	at org.seasar.directory.digest.SHADigest.create(SHADigest.java:41)
	at org.seasar.directory.digest.SHADigest.create(SHADigest.java:41)
	at org.seasar.directory.digest.SHADigest.create(SHADigest.java:41)
	at org.seasar.directory.digest.SHADigest.create(SHADigest.java:41)
	at org.seasar.directory.digest.SHADigest.create(SHADigest.java:41)
	at org.seasar.directory.digest.SHADigest.create(SHADigest.java:41)
	at org.seasar.directory.digest.SHADigest.create(SHADigest.java:41)
	at org.seasar.directory.digest.SHADigest.create(SHADigest.java:41)
	at org.seasar.directory.digest.SHADigest.create(SHADigest.java:41)
	at org.seasar.directory.digest.SHADigest.create(SHADigest.java:41)
	at org.seasar.directory.digest.SHADigest.create(SHADigest.java:41)
	at org.seasar.directory.digest.SHADigest.create(SHADigest.java:41)
	at org.seasar.directory.digest.SHADigest.create(SHADigest.java:41)
	at org.seasar.directory.digest.SHADigest.create(SHADigest.java:41)
	at org.seasar.directory.digest.SHADigest.create(SHADigest.java:41)
	at org.seasar.directory.digest.SHADigest.create(SHADigest.java:41)
	at org.seasar.directory.digest.SHADigest.create(SHADigest.java:41)
	at org.seasar.directory.digest.SHADigest.create(SHADigest.java:41)
	at org.seasar.directory.digest.SHADigest.create(SHADigest.java:41)
	at org.seasar.directory.digest.SHADigest.create(SHADigest.java:41)
	at org.seasar.directory.digest.SHADigest.create(SHADigest.java:41)
	at org.seasar.directory.digest.SHADigest.create(SHADigest.java:41)
	at org.seasar.directory.digest.SHADigest.create(SHADigest.java:41)
	at org.seasar.directory.digest.SHADigest.create(SHADigest.java:41)
	at org.seasar.directory.digest.SHADigest.create(SHADigest.java:41)
	at org.seasar.directory.digest.SHADigest.create(SHADigest.java:41)
	at org.seasar.directory.digest.SHADigest.create(SHADigest.java:41)
	at org.seasar.directory.digest.SHADigest.create(SHADigest.java:41)
</error>
  </testcase>
  <testcase classname="org.seasar.directory.digest.DigestFactoryTest" time="0" name="testSSHADigest1"/>
  <testcase classname="org.seasar.directory.digest.DigestFactoryTest" time="0" name="testSSHADigest2"/>
  <testcase classname="org.seasar.directory.digest.DigestFactoryTest" time="0" name="testUnknownDigest1"/>
</testsuite>